2022-02-26T13:14:04+00:00 CRITICAL Uncaught Error: Call to a member function insert() on null in D:\wamp64\www\clgpro\wp-content\themes\twentytwenty-child\functions.php:127
Stack trace:
#0 D:\wamp64\www\clgpro\wp-includes\class-wp-hook.php(307): get_birthdate('')
#1 D:\wamp64\www\clgpro\wp-includes\class-wp-hook.php(331): WP_Hook->apply_filters(NULL, Array)
#2 D:\wamp64\www\clgpro\wp-includes\plugin.php(474): WP_Hook->do_action(Array)
#3 D:\wamp64\www\clgpro\wp-settings.php(587): do_action('init')
#4 D:\wamp64\www\clgpro\wp-config.php(96): require_once('D:\\wamp64\\www\\c...')
#5 D:\wamp64\www\clgpro\wp-load.php(50): require_once('D:\\wamp64\\www\\c...')
#6 D:\wamp64\www\clgpro\wp-admin\admin-ajax.php(22): require_once('D:\\wamp64\\www\\c...')
#7 {main}
  thrown in D:\wamp64\www\clgpro\wp-content\themes\twentytwenty-child\functions.php on line 127

2022-02-26T13:16:05+00:00 CRITICAL syntax error, unexpected '/' in D:\wamp64\www\clgpro\wp-content\themes\twentytwenty-child\functions.php on line 128

2022-02-26T13:17:24+00:00 CRITICAL Uncaught Error: Call to undefined function wp_usermeta() in D:\wamp64\www\clgpro\wp-content\themes\twentytwenty-child\functions.php:127
Stack trace:
#0 D:\wamp64\www\clgpro\wp-includes\class-wp-hook.php(307): get_birthdate('')
#1 D:\wamp64\www\clgpro\wp-includes\class-wp-hook.php(331): WP_Hook->apply_filters(NULL, Array)
#2 D:\wamp64\www\clgpro\wp-includes\plugin.php(474): WP_Hook->do_action(Array)
#3 D:\wamp64\www\clgpro\wp-settings.php(587): do_action('init')
#4 D:\wamp64\www\clgpro\wp-config.php(96): require_once('D:\\wamp64\\www\\c...')
#5 D:\wamp64\www\clgpro\wp-load.php(50): require_once('D:\\wamp64\\www\\c...')
#6 D:\wamp64\www\clgpro\wp-blog-header.php(13): require_once('D:\\wamp64\\www\\c...')
#7 D:\wamp64\www\clgpro\index.php(17): require('D:\\wamp64\\www\\c...')
#8 {main}
  thrown in D:\wamp64\www\clgpro\wp-content\themes\twentytwenty-child\functions.php on line 127

2022-02-26T13:19:38+00:00 CRITICAL Uncaught Error: Call to undefined function get_user_id() in D:\wamp64\www\clgpro\wp-content\themes\twentytwenty-child\functions.php:127
Stack trace:
#0 D:\wamp64\www\clgpro\wp-includes\class-wp-hook.php(307): get_birthdate('')
#1 D:\wamp64\www\clgpro\wp-includes\class-wp-hook.php(331): WP_Hook->apply_filters(NULL, Array)
#2 D:\wamp64\www\clgpro\wp-includes\plugin.php(474): WP_Hook->do_action(Array)
#3 D:\wamp64\www\clgpro\wp-settings.php(587): do_action('init')
#4 D:\wamp64\www\clgpro\wp-config.php(96): require_once('D:\\wamp64\\www\\c...')
#5 D:\wamp64\www\clgpro\wp-load.php(50): require_once('D:\\wamp64\\www\\c...')
#6 D:\wamp64\www\clgpro\wp-blog-header.php(13): require_once('D:\\wamp64\\www\\c...')
#7 D:\wamp64\www\clgpro\index.php(17): require('D:\\wamp64\\www\\c...')
#8 {main}
  thrown in D:\wamp64\www\clgpro\wp-content\themes\twentytwenty-child\functions.php on line 127

2022-02-26T13:25:08+00:00 CRITICAL Uncaught Error: Call to undefined function get_user() in D:\wamp64\www\clgpro\wp-content\themes\twentytwenty-child\functions.php:128
Stack trace:
#0 D:\wamp64\www\clgpro\wp-includes\class-wp-hook.php(307): get_birthdate('')
#1 D:\wamp64\www\clgpro\wp-includes\class-wp-hook.php(331): WP_Hook->apply_filters(NULL, Array)
#2 D:\wamp64\www\clgpro\wp-includes\plugin.php(474): WP_Hook->do_action(Array)
#3 D:\wamp64\www\clgpro\wp-settings.php(587): do_action('init')
#4 D:\wamp64\www\clgpro\wp-config.php(96): require_once('D:\\wamp64\\www\\c...')
#5 D:\wamp64\www\clgpro\wp-load.php(50): require_once('D:\\wamp64\\www\\c...')
#6 D:\wamp64\www\clgpro\wp-blog-header.php(13): require_once('D:\\wamp64\\www\\c...')
#7 D:\wamp64\www\clgpro\index.php(17): require('D:\\wamp64\\www\\c...')
#8 {main}
  thrown in D:\wamp64\www\clgpro\wp-content\themes\twentytwenty-child\functions.php on line 128

2022-02-26T13:28:13+00:00 CRITICAL syntax error, unexpected ';', expecting ')' in D:\wamp64\www\clgpro\wp-content\themes\twentytwenty-child\functions.php on line 132

2022-02-26T13:28:48+00:00 CRITICAL syntax error, unexpected ''meta_key'' (T_CONSTANT_ENCAPSED_STRING), expecting '(' in D:\wamp64\www\clgpro\wp-content\themes\twentytwenty-child\functions.php on line 129

2022-02-26T13:28:57+00:00 CRITICAL syntax error, unexpected ''meta_key'' (T_CONSTANT_ENCAPSED_STRING), expecting '(' in D:\wamp64\www\clgpro\wp-content\themes\twentytwenty-child\functions.php on line 129

2022-02-26T13:29:16+00:00 CRITICAL Uncaught Error: Call to a member function select() on null in D:\wamp64\www\clgpro\wp-content\themes\twentytwenty-child\functions.php:128
Stack trace:
#0 D:\wamp64\www\clgpro\wp-includes\class-wp-hook.php(307): get_birthdate('')
#1 D:\wamp64\www\clgpro\wp-includes\class-wp-hook.php(331): WP_Hook->apply_filters(NULL, Array)
#2 D:\wamp64\www\clgpro\wp-includes\plugin.php(474): WP_Hook->do_action(Array)
#3 D:\wamp64\www\clgpro\wp-settings.php(587): do_action('init')
#4 D:\wamp64\www\clgpro\wp-config.php(96): require_once('D:\\wamp64\\www\\c...')
#5 D:\wamp64\www\clgpro\wp-load.php(50): require_once('D:\\wamp64\\www\\c...')
#6 D:\wamp64\www\clgpro\wp-blog-header.php(13): require_once('D:\\wamp64\\www\\c...')
#7 D:\wamp64\www\clgpro\index.php(17): require('D:\\wamp64\\www\\c...')
#8 {main}
  thrown in D:\wamp64\www\clgpro\wp-content\themes\twentytwenty-child\functions.php on line 128

2022-02-26T13:30:59+00:00 CRITICAL Uncaught Error: Call to a member function select() on null in D:\wamp64\www\clgpro\wp-content\themes\twentytwenty-child\functions.php:128
Stack trace:
#0 D:\wamp64\www\clgpro\wp-includes\class-wp-hook.php(307): get_birthdate('')
#1 D:\wamp64\www\clgpro\wp-includes\class-wp-hook.php(331): WP_Hook->apply_filters(NULL, Array)
#2 D:\wamp64\www\clgpro\wp-includes\plugin.php(474): WP_Hook->do_action(Array)
#3 D:\wamp64\www\clgpro\wp-settings.php(587): do_action('init')
#4 D:\wamp64\www\clgpro\wp-config.php(96): require_once('D:\\wamp64\\www\\c...')
#5 D:\wamp64\www\clgpro\wp-load.php(50): require_once('D:\\wamp64\\www\\c...')
#6 D:\wamp64\www\clgpro\wp-admin\admin-ajax.php(22): require_once('D:\\wamp64\\www\\c...')
#7 {main}
  thrown in D:\wamp64\www\clgpro\wp-content\themes\twentytwenty-child\functions.php on line 128

2022-02-26T13:31:59+00:00 CRITICAL Uncaught Error: Call to a member function select() on null in D:\wamp64\www\clgpro\wp-content\themes\twentytwenty-child\functions.php:128
Stack trace:
#0 D:\wamp64\www\clgpro\wp-includes\class-wp-hook.php(307): get_birthdate('')
#1 D:\wamp64\www\clgpro\wp-includes\class-wp-hook.php(331): WP_Hook->apply_filters(NULL, Array)
#2 D:\wamp64\www\clgpro\wp-includes\plugin.php(474): WP_Hook->do_action(Array)
#3 D:\wamp64\www\clgpro\wp-settings.php(587): do_action('init')
#4 D:\wamp64\www\clgpro\wp-config.php(96): require_once('D:\\wamp64\\www\\c...')
#5 D:\wamp64\www\clgpro\wp-load.php(50): require_once('D:\\wamp64\\www\\c...')
#6 D:\wamp64\www\clgpro\wp-admin\admin-ajax.php(22): require_once('D:\\wamp64\\www\\c...')
#7 {main}
  thrown in D:\wamp64\www\clgpro\wp-content\themes\twentytwenty-child\functions.php on line 128

2022-02-26T13:33:07+00:00 CRITICAL syntax error, unexpected end of file in D:\wamp64\www\clgpro\wp-content\themes\twentytwenty-child\functions.php on line 132

2022-02-26T13:33:22+00:00 CRITICAL Uncaught Error: Call to a member function get_results() on null in D:\wamp64\www\clgpro\wp-content\themes\twentytwenty-child\functions.php:126
Stack trace:
#0 D:\wamp64\www\clgpro\wp-includes\class-wp-hook.php(307): get_birthdate('')
#1 D:\wamp64\www\clgpro\wp-includes\class-wp-hook.php(331): WP_Hook->apply_filters(NULL, Array)
#2 D:\wamp64\www\clgpro\wp-includes\plugin.php(474): WP_Hook->do_action(Array)
#3 D:\wamp64\www\clgpro\wp-settings.php(587): do_action('init')
#4 D:\wamp64\www\clgpro\wp-config.php(96): require_once('D:\\wamp64\\www\\c...')
#5 D:\wamp64\www\clgpro\wp-load.php(50): require_once('D:\\wamp64\\www\\c...')
#6 D:\wamp64\www\clgpro\wp-blog-header.php(13): require_once('D:\\wamp64\\www\\c...')
#7 D:\wamp64\www\clgpro\index.php(17): require('D:\\wamp64\\www\\c...')
#8 {main}
  thrown in D:\wamp64\www\clgpro\wp-content\themes\twentytwenty-child\functions.php on line 126

