2022-03-24T03:37:41+00:00 CRITICAL Uncaught Exception: Invalid order. in D:\wamp64\www\clgpro\wp-content\plugins\woocommerce\includes\data-stores\abstract-wc-order-data-store-cpt.php:104
Stack trace:
#0 D:\wamp64\www\clgpro\wp-content\plugins\woocommerce\includes\class-wc-data-store.php(159): Abstract_WC_Order_Data_Store_CPT->read(Object(WC_Order))
#1 D:\wamp64\www\clgpro\wp-content\plugins\woocommerce\includes\abstracts\abstract-wc-order.php(116): WC_Data_Store->read(Object(WC_Order))
#2 D:\wamp64\www\clgpro\wp-content\themes\twentytwenty-child\functions.php(435): WC_Abstract_Order->__construct(15)
#3 D:\wamp64\www\clgpro\wp-includes\class-wp-hook.php(307): misha_my_account_endpoint_content('')
#4 D:\wamp64\www\clgpro\wp-includes\class-wp-hook.php(331): WP_Hook->apply_filters('', Array)
#5 D:\wamp64\www\clgpro\wp-includes\plugin.php(474): WP_Hook->do_action(Array)
#6 D:\wamp64\www\clgpro\wp-content\plugins\woocommerce\includes\wc-template-functions.php(3134): do_action('woocommerce_acc...', '')
#7 D:\wamp64\www\clgpro\wp-includes\class-wp-hoo in D:\wamp64\www\clgpro\wp-content\plugins\woocommerce\includes\data-stores\abstract-wc-order-data-store-cpt.php on line 104

2022-03-24T04:00:06+00:00 CRITICAL Uncaught Error: Call to a member function has_status() on bool in D:\wamp64\www\clgpro\wp-content\themes\twentytwenty-child\functions.php:435
Stack trace:
#0 D:\wamp64\www\clgpro\wp-includes\class-wp-hook.php(307): misha_my_account_endpoint_content('')
#1 D:\wamp64\www\clgpro\wp-includes\class-wp-hook.php(331): WP_Hook->apply_filters('', Array)
#2 D:\wamp64\www\clgpro\wp-includes\plugin.php(474): WP_Hook->do_action(Array)
#3 D:\wamp64\www\clgpro\wp-content\plugins\woocommerce\includes\wc-template-functions.php(3134): do_action('woocommerce_acc...', '')
#4 D:\wamp64\www\clgpro\wp-includes\class-wp-hook.php(307): woocommerce_account_content('')
#5 D:\wamp64\www\clgpro\wp-includes\class-wp-hook.php(331): WP_Hook->apply_filters(NULL, Array)
#6 D:\wamp64\www\clgpro\wp-includes\plugin.php(474): WP_Hook->do_action(Array)
#7 D:\wamp64\www\clgpro\wp-content\plugins\woocommerce\templates\myaccount\my-account.php(34): do_action('woocommerce_acc...')
#8 D:\wamp64\www\clgpro\wp-content\plugins\woocommerce\includes\wc-core in D:\wamp64\www\clgpro\wp-content\themes\twentytwenty-child\functions.php on line 435

2022-03-24T07:03:29+00:00 CRITICAL Uncaught Exception: Invalid order. in D:\wamp64\www\clgpro\wp-content\plugins\woocommerce\includes\data-stores\abstract-wc-order-data-store-cpt.php:104
Stack trace:
#0 D:\wamp64\www\clgpro\wp-content\plugins\woocommerce\includes\class-wc-data-store.php(159): Abstract_WC_Order_Data_Store_CPT->read(Object(WC_Order))
#1 D:\wamp64\www\clgpro\wp-content\plugins\woocommerce\includes\abstracts\abstract-wc-order.php(116): WC_Data_Store->read(Object(WC_Order))
#2 D:\wamp64\www\clgpro\wp-content\themes\twentytwenty-child\functions.php(431): WC_Abstract_Order->__construct(15)
#3 D:\wamp64\www\clgpro\wp-includes\class-wp-hook.php(307): misha_my_account_endpoint_content('')
#4 D:\wamp64\www\clgpro\wp-includes\class-wp-hook.php(331): WP_Hook->apply_filters('', Array)
#5 D:\wamp64\www\clgpro\wp-includes\plugin.php(474): WP_Hook->do_action(Array)
#6 D:\wamp64\www\clgpro\wp-content\plugins\woocommerce\includes\wc-template-functions.php(3134): do_action('woocommerce_acc...', '')
#7 D:\wamp64\www\clgpro\wp-includes\class-wp-hoo in D:\wamp64\www\clgpro\wp-content\plugins\woocommerce\includes\data-stores\abstract-wc-order-data-store-cpt.php on line 104

2022-03-24T07:04:09+00:00 CRITICAL Uncaught Exception: Invalid order. in D:\wamp64\www\clgpro\wp-content\plugins\woocommerce\includes\data-stores\abstract-wc-order-data-store-cpt.php:104
Stack trace:
#0 D:\wamp64\www\clgpro\wp-content\plugins\woocommerce\includes\class-wc-data-store.php(159): Abstract_WC_Order_Data_Store_CPT->read(Object(WC_Order))
#1 D:\wamp64\www\clgpro\wp-content\plugins\woocommerce\includes\abstracts\abstract-wc-order.php(116): WC_Data_Store->read(Object(WC_Order))
#2 D:\wamp64\www\clgpro\wp-content\themes\twentytwenty-child\functions.php(431): WC_Abstract_Order->__construct(15)
#3 D:\wamp64\www\clgpro\wp-includes\class-wp-hook.php(307): misha_my_account_endpoint_content('')
#4 D:\wamp64\www\clgpro\wp-includes\class-wp-hook.php(331): WP_Hook->apply_filters('', Array)
#5 D:\wamp64\www\clgpro\wp-includes\plugin.php(474): WP_Hook->do_action(Array)
#6 D:\wamp64\www\clgpro\wp-content\plugins\woocommerce\includes\wc-template-functions.php(3134): do_action('woocommerce_acc...', '')
#7 D:\wamp64\www\clgpro\wp-includes\class-wp-hoo in D:\wamp64\www\clgpro\wp-content\plugins\woocommerce\includes\data-stores\abstract-wc-order-data-store-cpt.php on line 104

2022-03-24T10:18:17+00:00 CRITICAL syntax error, unexpected '}', expecting ';' or ',' in D:\wamp64\www\clgpro\wp-content\themes\twentytwenty-child\functions.php on line 483

2022-03-24T10:24:25+00:00 CRITICAL Uncaught Error: Call to undefined method Automattic\WooCommerce\Admin\Overrides\Order::get_order_id() in D:\wamp64\www\clgpro\wp-content\themes\twentytwenty-child\functions.php:482
Stack trace:
#0 D:\wamp64\www\clgpro\wp-includes\class-wp-hook.php(307): misha_thank_you_title('Thank you. Your...', Object(Automattic\WooCommerce\Admin\Overrides\Order))
#1 D:\wamp64\www\clgpro\wp-includes\plugin.php(189): WP_Hook->apply_filters('Thank you. Your...', Array)
#2 D:\wamp64\www\clgpro\wp-content\plugins\woocommerce\templates\checkout\thankyou.php(42): apply_filters('woocommerce_tha...', 'Thank you. Your...', Object(Automattic\WooCommerce\Admin\Overrides\Order))
#3 D:\wamp64\www\clgpro\wp-content\plugins\woocommerce\includes\wc-core-functions.php(345): include('D:\\wamp64\\www\\c...')
#4 D:\wamp64\www\clgpro\wp-content\plugins\woocommerce\includes\shortcodes\class-wc-shortcode-checkout.php(256): wc_get_template('checkout/thanky...', Array)
#5 D:\wamp64\www\clgpro\wp-content\plugins\woocommerce\includes\shortcodes\class in D:\wamp64\www\clgpro\wp-content\themes\twentytwenty-child\functions.php on line 482

2022-03-24T10:36:22+00:00 CRITICAL syntax error, unexpected end of file in D:\wamp64\www\clgpro\wp-content\themes\twentytwenty-child\functions.php on line 487

2022-03-24T10:45:05+00:00 CRITICAL syntax error, unexpected end of file in D:\wamp64\www\clgpro\wp-content\themes\twentytwenty-child\functions.php on line 473

