2022-03-29T05:24:18+00:00 CRITICAL Uncaught Error: Call to a member function have_posts() on null in D:\wamp64\www\clgpro\wp-content\themes\twentytwenty-child\template\brand-cat.php:36
Stack trace:
#0 D:\wamp64\www\clgpro\wp-includes\template-loader.php(106): include()
#1 D:\wamp64\www\clgpro\wp-blog-header.php(19): require_once('D:\\wamp64\\www\\c...')
#2 D:\wamp64\www\clgpro\index.php(17): require('D:\\wamp64\\www\\c...')
#3 {main}
  thrown in D:\wamp64\www\clgpro\wp-content\themes\twentytwenty-child\template\brand-cat.php on line 36

2022-03-29T05:25:07+00:00 CRITICAL Uncaught Error: Call to a member function have_posts() on null in D:\wamp64\www\clgpro\wp-content\themes\twentytwenty-child\template\brand-cat.php:46
Stack trace:
#0 D:\wamp64\www\clgpro\wp-includes\template-loader.php(106): include()
#1 D:\wamp64\www\clgpro\wp-blog-header.php(19): require_once('D:\\wamp64\\www\\c...')
#2 D:\wamp64\www\clgpro\index.php(17): require('D:\\wamp64\\www\\c...')
#3 {main}
  thrown in D:\wamp64\www\clgpro\wp-content\themes\twentytwenty-child\template\brand-cat.php on line 46

2022-03-29T05:26:28+00:00 CRITICAL Uncaught Error: Call to a member function have_posts() on null in D:\wamp64\www\clgpro\wp-content\themes\twentytwenty-child\template\brand-cat.php:61
Stack trace:
#0 D:\wamp64\www\clgpro\wp-includes\template-loader.php(106): include()
#1 D:\wamp64\www\clgpro\wp-blog-header.php(19): require_once('D:\\wamp64\\www\\c...')
#2 D:\wamp64\www\clgpro\index.php(17): require('D:\\wamp64\\www\\c...')
#3 {main}
  thrown in D:\wamp64\www\clgpro\wp-content\themes\twentytwenty-child\template\brand-cat.php on line 61

2022-03-29T05:26:31+00:00 CRITICAL Uncaught Error: Call to a member function have_posts() on null in D:\wamp64\www\clgpro\wp-content\themes\twentytwenty-child\template\brand-cat.php:61
Stack trace:
#0 D:\wamp64\www\clgpro\wp-includes\template-loader.php(106): include()
#1 D:\wamp64\www\clgpro\wp-blog-header.php(19): require_once('D:\\wamp64\\www\\c...')
#2 D:\wamp64\www\clgpro\index.php(17): require('D:\\wamp64\\www\\c...')
#3 {main}
  thrown in D:\wamp64\www\clgpro\wp-content\themes\twentytwenty-child\template\brand-cat.php on line 61

2022-03-29T05:28:09+00:00 CRITICAL syntax error, unexpected end of file in D:\wamp64\www\clgpro\wp-content\themes\twentytwenty-child\template\brand-cat.php on line 73

