03-03-2022 @ 04:29:49 - Here at 6
03-03-2022 @ 04:29:49 - Country message at #748 IN
03-03-2022 @ 04:29:49 - Order Status change after manual change completed Orderid: 333
03-03-2022 @ 04:30:30 - Here at 6
03-03-2022 @ 04:30:30 - Country message at #748 IN
03-03-2022 @ 04:30:30 - Order Status change after manual change completed Orderid: 325
03-03-2022 @ 04:30:37 - Here at 6
03-03-2022 @ 04:30:37 - Country message at #748 IN
03-03-2022 @ 04:30:37 - Order Status change after manual change completed Orderid: 326
03-03-2022 @ 04:30:44 - Here at 6
03-03-2022 @ 04:30:44 - Country message at #748 IN
03-03-2022 @ 04:30:44 - Order Status change after manual change completed Orderid: 327
03-03-2022 @ 04:30:56 - Here at 6
03-03-2022 @ 04:30:56 - Country message at #748 IN
03-03-2022 @ 04:30:56 - Order Status change after manual change completed Orderid: 329
03-03-2022 @ 04:31:07 - Here at 6
03-03-2022 @ 04:31:07 - Country message at #748 IN
03-03-2022 @ 04:31:07 - Order Status change after manual change completed Orderid: 330
03-03-2022 @ 04:31:19 - Here at 6
03-03-2022 @ 04:31:19 - Country message at #748 IN
03-03-2022 @ 04:31:19 - Order Status change after manual change completed Orderid: 331
03-03-2022 @ 04:31:31 - Here at 6
03-03-2022 @ 04:31:31 - Country message at #748 IN
03-03-2022 @ 04:31:31 - Order Status change after manual change completed Orderid: 332
03-03-2022 @ 04:31:37 - Here at 6
03-03-2022 @ 04:31:37 - Country message at #748 IN
03-03-2022 @ 04:31:37 - Order Status change after manual change completed Orderid: 334
03-03-2022 @ 06:10:02 - Here at 6
03-03-2022 @ 06:10:02 - Country message at #748 IN
03-03-2022 @ 06:10:02 - Order Status change after manual change cancelled Orderid: 357
03-03-2022 @ 06:10:07 - Here at 6
03-03-2022 @ 06:10:07 - Country message at #748 IN
03-03-2022 @ 06:10:07 - Order Status change after manual change cancelled Orderid: 358
03-03-2022 @ 06:10:08 - Here at 6
03-03-2022 @ 06:10:08 - Country message at #748 IN
03-03-2022 @ 06:10:08 - Order Status change after manual change cancelled Orderid: 359
03-03-2022 @ 06:10:10 - Here at 6
03-03-2022 @ 06:10:10 - Country message at #748 IN
03-03-2022 @ 06:10:10 - Order Status change after manual change cancelled Orderid: 360
03-03-2022 @ 06:10:12 - Here at 6
03-03-2022 @ 06:10:12 - Country message at #748 IN
03-03-2022 @ 06:10:12 - Order Status change after manual change cancelled Orderid: 361
03-03-2022 @ 06:10:13 - Here at 6
03-03-2022 @ 06:10:13 - Country message at #748 IN
03-03-2022 @ 06:10:13 - Order Status change after manual change cancelled Orderid: 362
03-03-2022 @ 07:10:06 - Here at 6
03-03-2022 @ 07:10:06 - Country message at #748 IN
03-03-2022 @ 07:10:06 - Order Status change after manual change cancelled Orderid: 363
03-03-2022 @ 07:10:08 - Here at 6
03-03-2022 @ 07:10:08 - Country message at #748 IN
03-03-2022 @ 07:10:08 - Order Status change after manual change cancelled Orderid: 365
03-03-2022 @ 07:10:10 - Here at 6
03-03-2022 @ 07:10:10 - Country message at #748 IN
03-03-2022 @ 07:10:10 - Order Status change after manual change cancelled Orderid: 366
03-03-2022 @ 07:10:12 - Here at 6
03-03-2022 @ 07:10:12 - Country message at #748 IN
03-03-2022 @ 07:10:12 - Order Status change after manual change cancelled Orderid: 367
03-03-2022 @ 07:10:14 - Here at 6
03-03-2022 @ 07:10:14 - Country message at #748 IN
03-03-2022 @ 07:10:14 - Order Status change after manual change cancelled Orderid: 368
03-03-2022 @ 07:10:15 - Here at 6
03-03-2022 @ 07:10:15 - Country message at #748 IN
03-03-2022 @ 07:10:15 - Order Status change after manual change cancelled Orderid: 369
03-03-2022 @ 11:25:23 - Here at 6
03-03-2022 @ 11:25:23 - Country message at #748 IN
03-03-2022 @ 11:25:23 - Order Status change after manual change processing Orderid: 369
03-03-2022 @ 11:25:50 - Here at 6
03-03-2022 @ 11:25:50 - Country message at #748 IN
03-03-2022 @ 11:25:50 - Order Status change after manual change processing Orderid: 357
03-03-2022 @ 11:25:58 - Here at 6
03-03-2022 @ 11:25:58 - Country message at #748 IN
03-03-2022 @ 11:25:58 - Order Status change after manual change processing Orderid: 358
03-03-2022 @ 11:26:07 - Here at 6
03-03-2022 @ 11:26:07 - Country message at #748 IN
03-03-2022 @ 11:26:07 - Order Status change after manual change processing Orderid: 359
03-03-2022 @ 11:26:16 - Here at 6
03-03-2022 @ 11:26:16 - Country message at #748 IN
03-03-2022 @ 11:26:16 - Order Status change after manual change processing Orderid: 360
03-03-2022 @ 11:26:24 - Here at 6
03-03-2022 @ 11:26:24 - Country message at #748 IN
03-03-2022 @ 11:26:24 - Order Status change after manual change processing Orderid: 361
03-03-2022 @ 11:26:32 - Here at 6
03-03-2022 @ 11:26:32 - Country message at #748 IN
03-03-2022 @ 11:26:32 - Order Status change after manual change processing Orderid: 362
03-03-2022 @ 11:26:41 - Here at 6
03-03-2022 @ 11:26:41 - Country message at #748 IN
03-03-2022 @ 11:26:41 - Order Status change after manual change processing Orderid: 363
03-03-2022 @ 11:26:49 - Here at 6
03-03-2022 @ 11:26:49 - Country message at #748 IN
03-03-2022 @ 11:26:49 - Order Status change after manual change processing Orderid: 365
03-03-2022 @ 11:26:57 - Here at 6
03-03-2022 @ 11:26:57 - Country message at #748 IN
03-03-2022 @ 11:26:57 - Order Status change after manual change processing Orderid: 366
03-03-2022 @ 11:27:01 - Here at 6
03-03-2022 @ 11:27:01 - Country message at #748 IN
03-03-2022 @ 11:27:01 - Order Status change after manual change processing Orderid: 367
03-03-2022 @ 11:27:06 - Here at 6
03-03-2022 @ 11:27:06 - Country message at #748 IN
03-03-2022 @ 11:27:06 - Order Status change after manual change processing Orderid: 368
03-03-2022 @ 11:32:37 - Here at 6
03-03-2022 @ 11:32:37 - Country message at #748 IN
03-03-2022 @ 11:32:37 - Order Status change after manual change processing Orderid: 399
