2022-03-21T08:04:24+00:00 INFO Array
(
    [Webhook Delivery] => Array
        (
            [Delivery ID] => 1dbb47a623dc75306d3c531326e90211
            [Date] => Mar 21, 2022 @ 8:04
            [URL] => https://connect.pabbly.com/workflow/sendwebhookdata/IjI2OTc3OCI_3D
            [Duration] => 1.55719
            [Request] => Array
                (
                    [Method] => POST
                    [Headers] => Array
                        (
                            [User-Agent] => WooCommerce/6.2.0 Hookshot (WordPress/5.9.1)
                            [Content-Type] => application/json
                            [X-WC-Webhook-Source] => http://localhost/clgpro/
                            [X-WC-Webhook-Topic] => order.created
                            [X-WC-Webhook-Resource] => order
                            [X-WC-Webhook-Event] => created
                            [X-WC-Webhook-Signature] => 1fR+0I9jcjb2PWDAElsqO7lGE5d6CsSuGuRRZES7IkE=
                            [X-WC-Webhook-ID] => 2
                            [X-WC-Webhook-Delivery-ID] => 1dbb47a623dc75306d3c531326e90211
                        )

                )

            [Body] => Webhook body is not logged unless WP_DEBUG mode is turned on. This is to avoid the storing of personal data in the logs.
            [Response] => Array
                (
                    [Code] => 200
                    [Message] => OK
                    [Headers] => Requests_Utility_CaseInsensitiveDictionary Object
                        (
                            [data:protected] => Array
                                (
                                    [date] => Mon, 21 Mar 2022 08:04:24 GMT
                                    [content-type] => text/html; charset=UTF-8
                                    [set-cookie] => ci_connect_pabbly_sesion=sf2qvjbfh69gl7981icc5uth5v8m0s08; expires=Mon, 21-Mar-2022 10:04:24 GMT; Max-Age=7200; path=/; HttpOnly
                                    [expires] => Thu, 19 Nov 1981 08:52:00 GMT
                                    [cache-control] => no-store, no-cache, must-revalidate
                                    [pragma] => no-cache
                                    [access-control-allow-origin] => *
                                    [access-control-allow-methods] => PUT, GET, POST, DELETE
                                    [access-control-allow-headers] => Content-Type, Content-Range, Content-Disposition, Content-Description
                                    [x-frame-options] => SAMEORIGIN
                                    [x-content-type-options] => nosniff
                                    [x-xss-protection] => 1; mode=block
                                    [strict-transport-security] => max-age=31536000
                                    [cf-cache-status] => DYNAMIC
                                    [expect-ct] => max-age=604800, report-uri="https://report-uri.cloudflare.com/cdn-cgi/beacon/expect-ct"
                                    [report-to] => {"endpoints":[{"url":"https:\/\/a.nel.cloudflare.com\/report\/v3?s=%2BIDsnKTom0Ku%2FRCpd4UVCjv2pCshOV%2FHPeTGp1WVjfbV3R3tfAoAG3RZT6Hf9ENhhVrfSqT5uSgWiE3jfS1Qjj01%2Ff4YGzwYUY1YXLYB%2BobZqyOKhL9uCtlTK88BkTm%2B73%2Bl1g%3D%3D"}],"group":"cf-nel","max_age":604800}
                                    [nel] => {"success_fraction":0,"report_to":"cf-nel","max_age":604800}
                                    [server] => cloudflare
                                    [cf-ray] => 6ef52d2f2c7f8f95-KNU
                                    [content-encoding] => gzip
                                )

                        )

                    [Body] => Webhook body is not logged unless WP_DEBUG mode is turned on. This is to avoid the storing of personal data in the logs.
                )

        )

)

2022-03-21T08:06:13+00:00 INFO Array
(
    [Webhook Delivery] => Array
        (
            [Delivery ID] => 348c98a9149b59b14c5dd03b5516d527
            [Date] => Mar 21, 2022 @ 8:06
            [URL] => https://connect.pabbly.com/workflow/sendwebhookdata/IjI2OTc3OCI_3D
            [Duration] => 1.38186
            [Request] => Array
                (
                    [Method] => POST
                    [Headers] => Array
                        (
                            [User-Agent] => WooCommerce/6.2.0 Hookshot (WordPress/5.9.1)
                            [Content-Type] => application/json
                            [X-WC-Webhook-Source] => http://localhost/clgpro/
                            [X-WC-Webhook-Topic] => order.created
                            [X-WC-Webhook-Resource] => order
                            [X-WC-Webhook-Event] => created
                            [X-WC-Webhook-Signature] => r1bm8x8Ad4x/xmES3NEPBQAjCFh9xPNE3FLkHc03QdA=
                            [X-WC-Webhook-ID] => 2
                            [X-WC-Webhook-Delivery-ID] => 348c98a9149b59b14c5dd03b5516d527
                        )

                )

            [Body] => Webhook body is not logged unless WP_DEBUG mode is turned on. This is to avoid the storing of personal data in the logs.
            [Response] => Array
                (
                    [Code] => 200
                    [Message] => OK
                    [Headers] => Requests_Utility_CaseInsensitiveDictionary Object
                        (
                            [data:protected] => Array
                                (
                                    [date] => Mon, 21 Mar 2022 08:06:13 GMT
                                    [content-type] => text/html; charset=UTF-8
                                    [set-cookie] => ci_connect_pabbly_sesion=7l82sm22304oj6d87req0qfq5ldoe3pd; expires=Mon, 21-Mar-2022 10:06:13 GMT; Max-Age=7200; path=/; HttpOnly
                                    [expires] => Thu, 19 Nov 1981 08:52:00 GMT
                                    [cache-control] => no-store, no-cache, must-revalidate
                                    [pragma] => no-cache
                                    [access-control-allow-origin] => *
                                    [access-control-allow-methods] => PUT, GET, POST, DELETE
                                    [access-control-allow-headers] => Content-Type, Content-Range, Content-Disposition, Content-Description
                                    [x-frame-options] => SAMEORIGIN
                                    [x-content-type-options] => nosniff
                                    [x-xss-protection] => 1; mode=block
                                    [strict-transport-security] => max-age=31536000
                                    [cf-cache-status] => DYNAMIC
                                    [expect-ct] => max-age=604800, report-uri="https://report-uri.cloudflare.com/cdn-cgi/beacon/expect-ct"
                                    [report-to] => {"endpoints":[{"url":"https:\/\/a.nel.cloudflare.com\/report\/v3?s=QmmrWDL2fYZard1lXqMBJCapYgLu60s2LulvheRe%2BxwhJuO5Rk1Ap3ETdIV7FAV6F3v7MzZ6zta28WqJdBgo%2FHFHa7kKKpMELBQ%2BkWhwwOdt8Gw6dPZGx7trVJuZ5C2AycIKtA%3D%3D"}],"group":"cf-nel","max_age":604800}
                                    [nel] => {"success_fraction":0,"report_to":"cf-nel","max_age":604800}
                                    [server] => cloudflare
                                    [cf-ray] => 6ef52fda58978fac-KNU
                                    [content-encoding] => gzip
                                )

                        )

                    [Body] => Webhook body is not logged unless WP_DEBUG mode is turned on. This is to avoid the storing of personal data in the logs.
                )

        )

)

2022-03-21T08:16:45+00:00 INFO Array
(
    [Webhook Delivery] => Array
        (
            [Delivery ID] => 104776a8079d2d2fe537ba7fba9a6a3e
            [Date] => Mar 21, 2022 @ 8:16
            [URL] => https://connect.pabbly.com/workflow/sendwebhookdata/IjI2OTc3OCI_3D
            [Duration] => 1.50197
            [Request] => Array
                (
                    [Method] => POST
                    [Headers] => Array
                        (
                            [User-Agent] => WooCommerce/6.2.0 Hookshot (WordPress/5.9.1)
                            [Content-Type] => application/json
                            [X-WC-Webhook-Source] => http://localhost/clgpro/
                            [X-WC-Webhook-Topic] => order.created
                            [X-WC-Webhook-Resource] => order
                            [X-WC-Webhook-Event] => created
                            [X-WC-Webhook-Signature] => JZ+14MB/oAB60RC+KAFHU3GAADdflI8Ggy0jzVTr+XE=
                            [X-WC-Webhook-ID] => 2
                            [X-WC-Webhook-Delivery-ID] => 104776a8079d2d2fe537ba7fba9a6a3e
                        )

                )

            [Body] => Webhook body is not logged unless WP_DEBUG mode is turned on. This is to avoid the storing of personal data in the logs.
            [Response] => Array
                (
                    [Code] => 200
                    [Message] => OK
                    [Headers] => Requests_Utility_CaseInsensitiveDictionary Object
                        (
                            [data:protected] => Array
                                (
                                    [date] => Mon, 21 Mar 2022 08:16:45 GMT
                                    [content-type] => text/html; charset=UTF-8
                                    [set-cookie] => ci_connect_pabbly_sesion=7sp456h8sjilso5d3dpoj58dac5u1e63; expires=Mon, 21-Mar-2022 10:16:45 GMT; Max-Age=7200; path=/; HttpOnly
                                    [expires] => Thu, 19 Nov 1981 08:52:00 GMT
                                    [cache-control] => no-store, no-cache, must-revalidate
                                    [pragma] => no-cache
                                    [access-control-allow-origin] => *
                                    [access-control-allow-methods] => PUT, GET, POST, DELETE
                                    [access-control-allow-headers] => Content-Type, Content-Range, Content-Disposition, Content-Description
                                    [x-frame-options] => SAMEORIGIN
                                    [x-content-type-options] => nosniff
                                    [x-xss-protection] => 1; mode=block
                                    [strict-transport-security] => max-age=31536000
                                    [cf-cache-status] => DYNAMIC
                                    [expect-ct] => max-age=604800, report-uri="https://report-uri.cloudflare.com/cdn-cgi/beacon/expect-ct"
                                    [report-to] => {"endpoints":[{"url":"https:\/\/a.nel.cloudflare.com\/report\/v3?s=BvaIM%2BJmeP1ymGkXY6YBVfs%2F9E8H2js2O7%2FNvp%2FdDnV0h7k7ec9E715icGSEWzRKcRmVOPOWmAyhUxgFBl7CBLlyrnUkjO%2FK%2BA3lYVSJLBY80PHKiTn0ish4NgT9Nbd%2FCJ70CQ%3D%3D"}],"group":"cf-nel","max_age":604800}
                                    [nel] => {"success_fraction":0,"report_to":"cf-nel","max_age":604800}
                                    [server] => cloudflare
                                    [cf-ray] => 6ef53f474d8d89fc-BOM
                                    [content-encoding] => gzip
                                )

                        )

                    [Body] => Webhook body is not logged unless WP_DEBUG mode is turned on. This is to avoid the storing of personal data in the logs.
                )

        )

)

