2022-03-24T03:41:05+00:00 INFO Array
(
    [Webhook Delivery] => Array
        (
            [Delivery ID] => b176a687ad1f9fff79c26737d86a3106
            [Date] => Mar 24, 2022 @ 3:41
            [URL] => https://connect.pabbly.com/workflow/sendwebhookdata/IjI2OTc3OCI_3D
            [Duration] => 1.41257
            [Request] => Array
                (
                    [Method] => POST
                    [Headers] => Array
                        (
                            [User-Agent] => WooCommerce/6.2.0 Hookshot (WordPress/5.9.1)
                            [Content-Type] => application/json
                            [X-WC-Webhook-Source] => http://localhost/clgpro/
                            [X-WC-Webhook-Topic] => order.created
                            [X-WC-Webhook-Resource] => order
                            [X-WC-Webhook-Event] => created
                            [X-WC-Webhook-Signature] => xbspiUv3H6H8I+co2/sOG5972+aven7YdG/iQT0CWBs=
                            [X-WC-Webhook-ID] => 2
                            [X-WC-Webhook-Delivery-ID] => b176a687ad1f9fff79c26737d86a3106
                        )

                )

            [Body] => Webhook body is not logged unless WP_DEBUG mode is turned on. This is to avoid the storing of personal data in the logs.
            [Response] => Array
                (
                    [Code] => 200
                    [Message] => OK
                    [Headers] => Requests_Utility_CaseInsensitiveDictionary Object
                        (
                            [data:protected] => Array
                                (
                                    [date] => Thu, 24 Mar 2022 03:41:08 GMT
                                    [content-type] => text/html; charset=UTF-8
                                    [set-cookie] => ci_connect_pabbly_sesion=gc2a1busqplui95f51va5k0omqa3t0ad; expires=Thu, 24-Mar-2022 05:41:08 GMT; Max-Age=7200; path=/; HttpOnly
                                    [expires] => Thu, 19 Nov 1981 08:52:00 GMT
                                    [cache-control] => no-store, no-cache, must-revalidate
                                    [pragma] => no-cache
                                    [access-control-allow-origin] => *
                                    [access-control-allow-methods] => PUT, GET, POST, DELETE
                                    [access-control-allow-headers] => Content-Type, Content-Range, Content-Disposition, Content-Description
                                    [x-frame-options] => SAMEORIGIN
                                    [x-content-type-options] => nosniff
                                    [x-xss-protection] => 1; mode=block
                                    [strict-transport-security] => max-age=31536000
                                    [cf-cache-status] => DYNAMIC
                                    [expect-ct] => max-age=604800, report-uri="https://report-uri.cloudflare.com/cdn-cgi/beacon/expect-ct"
                                    [report-to] => {"endpoints":[{"url":"https:\/\/a.nel.cloudflare.com\/report\/v3?s=cfq2hAMuMNBtRg1jSP4NAXwCC2jaRSIPAbCqzc6xm%2BfKFlBjJNjW5AAaRjOKh41Eeazm7gBacez2r%2BckI23fav%2F%2FCl5nL5rrVaZ4KHw9eCcCTyswC%2Fnaiw4t5OheoLOc%2BkklTw%3D%3D"}],"group":"cf-nel","max_age":604800}
                                    [nel] => {"success_fraction":0,"report_to":"cf-nel","max_age":604800}
                                    [server] => cloudflare
                                    [cf-ray] => 6f0c63a8aff38faa-KNU
                                    [content-encoding] => gzip
                                )

                        )

                    [Body] => Webhook body is not logged unless WP_DEBUG mode is turned on. This is to avoid the storing of personal data in the logs.
                )

        )

)

2022-03-24T04:01:23+00:00 INFO Array
(
    [Webhook Delivery] => Array
        (
            [Delivery ID] => 1ee42c4cbd4fe26afc03c229108c94db
            [Date] => Mar 24, 2022 @ 4:01
            [URL] => https://connect.pabbly.com/workflow/sendwebhookdata/IjI2OTc3OCI_3D
            [Duration] => 1.22063
            [Request] => Array
                (
                    [Method] => POST
                    [Headers] => Array
                        (
                            [User-Agent] => WooCommerce/6.2.0 Hookshot (WordPress/5.9.1)
                            [Content-Type] => application/json
                            [X-WC-Webhook-Source] => http://localhost/clgpro/
                            [X-WC-Webhook-Topic] => order.created
                            [X-WC-Webhook-Resource] => order
                            [X-WC-Webhook-Event] => created
                            [X-WC-Webhook-Signature] => eH5g6pjRWEhyahBxG4A0wKziHbFMkRBq/+oe9ckHDpQ=
                            [X-WC-Webhook-ID] => 2
                            [X-WC-Webhook-Delivery-ID] => 1ee42c4cbd4fe26afc03c229108c94db
                        )

                )

            [Body] => Webhook body is not logged unless WP_DEBUG mode is turned on. This is to avoid the storing of personal data in the logs.
            [Response] => Array
                (
                    [Code] => 200
                    [Message] => OK
                    [Headers] => Requests_Utility_CaseInsensitiveDictionary Object
                        (
                            [data:protected] => Array
                                (
                                    [date] => Thu, 24 Mar 2022 04:01:25 GMT
                                    [content-type] => text/html; charset=UTF-8
                                    [set-cookie] => ci_connect_pabbly_sesion=6pc162njh3oh6btmg2sp08tt672g270l; expires=Thu, 24-Mar-2022 06:01:25 GMT; Max-Age=7200; path=/; HttpOnly
                                    [expires] => Thu, 19 Nov 1981 08:52:00 GMT
                                    [cache-control] => no-store, no-cache, must-revalidate
                                    [pragma] => no-cache
                                    [access-control-allow-origin] => *
                                    [access-control-allow-methods] => PUT, GET, POST, DELETE
                                    [access-control-allow-headers] => Content-Type, Content-Range, Content-Disposition, Content-Description
                                    [x-frame-options] => SAMEORIGIN
                                    [x-content-type-options] => nosniff
                                    [x-xss-protection] => 1; mode=block
                                    [strict-transport-security] => max-age=31536000
                                    [cf-cache-status] => DYNAMIC
                                    [expect-ct] => max-age=604800, report-uri="https://report-uri.cloudflare.com/cdn-cgi/beacon/expect-ct"
                                    [report-to] => {"endpoints":[{"url":"https:\/\/a.nel.cloudflare.com\/report\/v3?s=YjHkhkq3Dkif4R4y8e1qz%2B9jLSrhGOclSk%2BeNMFwMg9eKdbW1zY%2FZ5EFkcUreYM0IIQ2Q9Y%2FGAD9udRSEHi%2FGQ2ENFWAzFYCO4lIa5ZGbzAdtURn43zCjNe%2BCUHg3%2BfpYjAhfA%3D%3D"}],"group":"cf-nel","max_age":604800}
                                    [nel] => {"success_fraction":0,"report_to":"cf-nel","max_age":604800}
                                    [server] => cloudflare
                                    [cf-ray] => 6f0c8163ecdb8fa7-KNU
                                    [content-encoding] => gzip
                                )

                        )

                    [Body] => Webhook body is not logged unless WP_DEBUG mode is turned on. This is to avoid the storing of personal data in the logs.
                )

        )

)

2022-03-24T04:15:56+00:00 INFO Array
(
    [Webhook Delivery] => Array
        (
            [Delivery ID] => 8ed7f143997816f58f3479af555e4b82
            [Date] => Mar 24, 2022 @ 4:15
            [URL] => https://connect.pabbly.com/workflow/sendwebhookdata/IjI2OTc3OCI_3D
            [Duration] => 0.66279
            [Request] => Array
                (
                    [Method] => POST
                    [Headers] => Array
                        (
                            [User-Agent] => WooCommerce/6.2.0 Hookshot (WordPress/5.9.1)
                            [Content-Type] => application/json
                            [X-WC-Webhook-Source] => http://localhost/clgpro/
                            [X-WC-Webhook-Topic] => order.created
                            [X-WC-Webhook-Resource] => order
                            [X-WC-Webhook-Event] => created
                            [X-WC-Webhook-Signature] => cDXnk+220LWPjL3z3Z6gXKdJoiFpQzBNDwZ+eD7FMWY=
                            [X-WC-Webhook-ID] => 2
                            [X-WC-Webhook-Delivery-ID] => 8ed7f143997816f58f3479af555e4b82
                        )

                )

            [Body] => Webhook body is not logged unless WP_DEBUG mode is turned on. This is to avoid the storing of personal data in the logs.
            [Response] => Array
                (
                    [Code] => 200
                    [Message] => OK
                    [Headers] => Requests_Utility_CaseInsensitiveDictionary Object
                        (
                            [data:protected] => Array
                                (
                                    [date] => Thu, 24 Mar 2022 04:15:58 GMT
                                    [content-type] => text/html; charset=UTF-8
                                    [set-cookie] => ci_connect_pabbly_sesion=qv8bhli3dt6ct1majasakqdddkqtmlgi; expires=Thu, 24-Mar-2022 06:15:58 GMT; Max-Age=7200; path=/; HttpOnly
                                    [expires] => Thu, 19 Nov 1981 08:52:00 GMT
                                    [cache-control] => no-store, no-cache, must-revalidate
                                    [pragma] => no-cache
                                    [access-control-allow-origin] => *
                                    [access-control-allow-methods] => PUT, GET, POST, DELETE
                                    [access-control-allow-headers] => Content-Type, Content-Range, Content-Disposition, Content-Description
                                    [x-frame-options] => SAMEORIGIN
                                    [x-content-type-options] => nosniff
                                    [x-xss-protection] => 1; mode=block
                                    [strict-transport-security] => max-age=31536000
                                    [cf-cache-status] => DYNAMIC
                                    [expect-ct] => max-age=604800, report-uri="https://report-uri.cloudflare.com/cdn-cgi/beacon/expect-ct"
                                    [report-to] => {"endpoints":[{"url":"https:\/\/a.nel.cloudflare.com\/report\/v3?s=XiKPOZvlBgpRMvy2BNs4556ruRvVfZ%2B1dY9OodxmQHxaLKPRfDhO%2FsL5KR%2B8o9VtXeoM8ENuV%2BZAc6CGoGL1B2SmX0A5IRgU5FOaE75OR11pdQp3aevhBPfu3RjA0CgXVk67wg%3D%3D"}],"group":"cf-nel","max_age":604800}
                                    [nel] => {"success_fraction":0,"report_to":"cf-nel","max_age":604800}
                                    [server] => cloudflare
                                    [cf-ray] => 6f0c96b6096a8a1a-BOM
                                    [content-encoding] => gzip
                                )

                        )

                    [Body] => Webhook body is not logged unless WP_DEBUG mode is turned on. This is to avoid the storing of personal data in the logs.
                )

        )

)

2022-03-24T04:17:06+00:00 INFO Array
(
    [Webhook Delivery] => Array
        (
            [Delivery ID] => 671a6846bfbd67fd6d4d940a3cfe2abd
            [Date] => Mar 24, 2022 @ 4:17
            [URL] => https://connect.pabbly.com/workflow/sendwebhookdata/IjI2OTc3OCI_3D
            [Duration] => 0.63516
            [Request] => Array
                (
                    [Method] => POST
                    [Headers] => Array
                        (
                            [User-Agent] => WooCommerce/6.2.0 Hookshot (WordPress/5.9.1)
                            [Content-Type] => application/json
                            [X-WC-Webhook-Source] => http://localhost/clgpro/
                            [X-WC-Webhook-Topic] => order.created
                            [X-WC-Webhook-Resource] => order
                            [X-WC-Webhook-Event] => created
                            [X-WC-Webhook-Signature] => m6O508zfyRDbWl1TF9FFRZyOFXuZbmXjw39LdS8T6Po=
                            [X-WC-Webhook-ID] => 2
                            [X-WC-Webhook-Delivery-ID] => 671a6846bfbd67fd6d4d940a3cfe2abd
                        )

                )

            [Body] => Webhook body is not logged unless WP_DEBUG mode is turned on. This is to avoid the storing of personal data in the logs.
            [Response] => Array
                (
                    [Code] => 200
                    [Message] => OK
                    [Headers] => Requests_Utility_CaseInsensitiveDictionary Object
                        (
                            [data:protected] => Array
                                (
                                    [date] => Thu, 24 Mar 2022 04:17:09 GMT
                                    [content-type] => text/html; charset=UTF-8
                                    [set-cookie] => ci_connect_pabbly_sesion=bi6brmn31oobetujh6mfj2sk90em4bmg; expires=Thu, 24-Mar-2022 06:17:09 GMT; Max-Age=7200; path=/; HttpOnly
                                    [expires] => Thu, 19 Nov 1981 08:52:00 GMT
                                    [cache-control] => no-store, no-cache, must-revalidate
                                    [pragma] => no-cache
                                    [access-control-allow-origin] => *
                                    [access-control-allow-methods] => PUT, GET, POST, DELETE
                                    [access-control-allow-headers] => Content-Type, Content-Range, Content-Disposition, Content-Description
                                    [x-frame-options] => SAMEORIGIN
                                    [x-content-type-options] => nosniff
                                    [x-xss-protection] => 1; mode=block
                                    [strict-transport-security] => max-age=31536000
                                    [cf-cache-status] => DYNAMIC
                                    [expect-ct] => max-age=604800, report-uri="https://report-uri.cloudflare.com/cdn-cgi/beacon/expect-ct"
                                    [report-to] => {"endpoints":[{"url":"https:\/\/a.nel.cloudflare.com\/report\/v3?s=XIKu5O8q7C7sef3%2FqLzl2koaVKUebjKBi%2F5whctTWFeviRPbEG64E%2F3yArxqeHVXbLObk5NKhK9Di7ZQOKrpVrYhqooJymylu%2B9l%2FJ6sUZR6OENbixhr9R6X94AabTUnZiSO9g%3D%3D"}],"group":"cf-nel","max_age":604800}
                                    [nel] => {"success_fraction":0,"report_to":"cf-nel","max_age":604800}
                                    [server] => cloudflare
                                    [cf-ray] => 6f0c986e4d528af4-BOM
                                    [content-encoding] => gzip
                                )

                        )

                    [Body] => Webhook body is not logged unless WP_DEBUG mode is turned on. This is to avoid the storing of personal data in the logs.
                )

        )

)

2022-03-24T04:17:53+00:00 INFO Array
(
    [Webhook Delivery] => Array
        (
            [Delivery ID] => e285cf8a646a03ca9c75f5daf7085aff
            [Date] => Mar 24, 2022 @ 4:17
            [URL] => https://connect.pabbly.com/workflow/sendwebhookdata/IjI2OTc3OCI_3D
            [Duration] => 1.59171
            [Request] => Array
                (
                    [Method] => POST
                    [Headers] => Array
                        (
                            [User-Agent] => WooCommerce/6.2.0 Hookshot (WordPress/5.9.1)
                            [Content-Type] => application/json
                            [X-WC-Webhook-Source] => http://localhost/clgpro/
                            [X-WC-Webhook-Topic] => order.created
                            [X-WC-Webhook-Resource] => order
                            [X-WC-Webhook-Event] => created
                            [X-WC-Webhook-Signature] => xCpCytNrQMMQH8KO1GGb56IXNdNh9G64HCVgQFgPTAQ=
                            [X-WC-Webhook-ID] => 2
                            [X-WC-Webhook-Delivery-ID] => e285cf8a646a03ca9c75f5daf7085aff
                        )

                )

            [Body] => Webhook body is not logged unless WP_DEBUG mode is turned on. This is to avoid the storing of personal data in the logs.
            [Response] => Array
                (
                    [Code] => 200
                    [Message] => OK
                    [Headers] => Requests_Utility_CaseInsensitiveDictionary Object
                        (
                            [data:protected] => Array
                                (
                                    [date] => Thu, 24 Mar 2022 04:17:56 GMT
                                    [content-type] => text/html; charset=UTF-8
                                    [set-cookie] => ci_connect_pabbly_sesion=cm2ma6jdmpsrp1ml4os2j5kbhepi65cv; expires=Thu, 24-Mar-2022 06:17:56 GMT; Max-Age=7200; path=/; HttpOnly
                                    [expires] => Thu, 19 Nov 1981 08:52:00 GMT
                                    [cache-control] => no-store, no-cache, must-revalidate
                                    [pragma] => no-cache
                                    [access-control-allow-origin] => *
                                    [access-control-allow-methods] => PUT, GET, POST, DELETE
                                    [access-control-allow-headers] => Content-Type, Content-Range, Content-Disposition, Content-Description
                                    [x-frame-options] => SAMEORIGIN
                                    [x-content-type-options] => nosniff
                                    [x-xss-protection] => 1; mode=block
                                    [strict-transport-security] => max-age=31536000
                                    [cf-cache-status] => DYNAMIC
                                    [expect-ct] => max-age=604800, report-uri="https://report-uri.cloudflare.com/cdn-cgi/beacon/expect-ct"
                                    [report-to] => {"endpoints":[{"url":"https:\/\/a.nel.cloudflare.com\/report\/v3?s=A9YNnhkuTAqIFN7KPivz%2FBu7QwEYzNavwL3QniKsmKXEsnkTkzqX5zUc38im%2FMV6r3F7WYiv%2BEWjZpoP1o7OdhBUwU1NzIoTFDvUN06n%2B1I9h4o1x0uWkpOniOCrPuyY1pu1Xw%3D%3D"}],"group":"cf-nel","max_age":604800}
                                    [nel] => {"success_fraction":0,"report_to":"cf-nel","max_age":604800}
                                    [server] => cloudflare
                                    [cf-ray] => 6f0c9991eec48a20-BOM
                                    [content-encoding] => gzip
                                )

                        )

                    [Body] => Webhook body is not logged unless WP_DEBUG mode is turned on. This is to avoid the storing of personal data in the logs.
                )

        )

)

2022-03-24T04:40:49+00:00 INFO Array
(
    [Webhook Delivery] => Array
        (
            [Delivery ID] => d533fad6c3145d1848097686156da1a6
            [Date] => Mar 24, 2022 @ 4:40
            [URL] => https://connect.pabbly.com/workflow/sendwebhookdata/IjI2OTc3OCI_3D
            [Duration] => 1.58271
            [Request] => Array
                (
                    [Method] => POST
                    [Headers] => Array
                        (
                            [User-Agent] => WooCommerce/6.2.0 Hookshot (WordPress/5.9.1)
                            [Content-Type] => application/json
                            [X-WC-Webhook-Source] => http://localhost/clgpro/
                            [X-WC-Webhook-Topic] => order.created
                            [X-WC-Webhook-Resource] => order
                            [X-WC-Webhook-Event] => created
                            [X-WC-Webhook-Signature] => ZHRy46mU/f5MuRHH2u3X1nrUwEF3DZmHZrLpEq2n8GQ=
                            [X-WC-Webhook-ID] => 2
                            [X-WC-Webhook-Delivery-ID] => d533fad6c3145d1848097686156da1a6
                        )

                )

            [Body] => Webhook body is not logged unless WP_DEBUG mode is turned on. This is to avoid the storing of personal data in the logs.
            [Response] => Array
                (
                    [Code] => 200
                    [Message] => OK
                    [Headers] => Requests_Utility_CaseInsensitiveDictionary Object
                        (
                            [data:protected] => Array
                                (
                                    [date] => Thu, 24 Mar 2022 04:40:51 GMT
                                    [content-type] => text/html; charset=UTF-8
                                    [set-cookie] => ci_connect_pabbly_sesion=1mr959v17p73md9iooqad3gikvgvqfg1; expires=Thu, 24-Mar-2022 06:40:51 GMT; Max-Age=7200; path=/; HttpOnly
                                    [expires] => Thu, 19 Nov 1981 08:52:00 GMT
                                    [cache-control] => no-store, no-cache, must-revalidate
                                    [pragma] => no-cache
                                    [access-control-allow-origin] => *
                                    [access-control-allow-methods] => PUT, GET, POST, DELETE
                                    [access-control-allow-headers] => Content-Type, Content-Range, Content-Disposition, Content-Description
                                    [x-frame-options] => SAMEORIGIN
                                    [x-content-type-options] => nosniff
                                    [x-xss-protection] => 1; mode=block
                                    [strict-transport-security] => max-age=31536000
                                    [cf-cache-status] => DYNAMIC
                                    [expect-ct] => max-age=604800, report-uri="https://report-uri.cloudflare.com/cdn-cgi/beacon/expect-ct"
                                    [report-to] => {"endpoints":[{"url":"https:\/\/a.nel.cloudflare.com\/report\/v3?s=V0p%2FnNUVcOjRB6pFDXTIJkfTzEyhZIaJLRPWgiSDH5czXHf%2BoWbYY5fzGyBdCTcaEFP9XmYPRX2sZbnGmjN8ybCIAiO8hpxlG3wl0cRIXVpRqi7uej142rtLR%2BYLhlTwffj%2FUw%3D%3D"}],"group":"cf-nel","max_age":604800}
                                    [nel] => {"success_fraction":0,"report_to":"cf-nel","max_age":604800}
                                    [server] => cloudflare
                                    [cf-ray] => 6f0cbb25fa8d8f98-KNU
                                    [content-encoding] => gzip
                                )

                        )

                    [Body] => Webhook body is not logged unless WP_DEBUG mode is turned on. This is to avoid the storing of personal data in the logs.
                )

        )

)

2022-03-24T05:24:11+00:00 INFO Array
(
    [Webhook Delivery] => Array
        (
            [Delivery ID] => 9d7ee9332a81349742e18f3ca026ce10
            [Date] => Mar 24, 2022 @ 5:24
            [URL] => https://connect.pabbly.com/workflow/sendwebhookdata/IjI2OTc3OCI_3D
            [Duration] => 1.26772
            [Request] => Array
                (
                    [Method] => POST
                    [Headers] => Array
                        (
                            [User-Agent] => WooCommerce/6.2.0 Hookshot (WordPress/5.9.1)
                            [Content-Type] => application/json
                            [X-WC-Webhook-Source] => http://localhost/clgpro/
                            [X-WC-Webhook-Topic] => order.created
                            [X-WC-Webhook-Resource] => order
                            [X-WC-Webhook-Event] => created
                            [X-WC-Webhook-Signature] => 2Zasj6f3fM/6GWnV/pFqp8mtAg0aWyf8mH7hjNL56Fk=
                            [X-WC-Webhook-ID] => 2
                            [X-WC-Webhook-Delivery-ID] => 9d7ee9332a81349742e18f3ca026ce10
                        )

                )

            [Body] => Webhook body is not logged unless WP_DEBUG mode is turned on. This is to avoid the storing of personal data in the logs.
            [Response] => Array
                (
                    [Code] => 200
                    [Message] => OK
                    [Headers] => Requests_Utility_CaseInsensitiveDictionary Object
                        (
                            [data:protected] => Array
                                (
                                    [date] => Thu, 24 Mar 2022 05:24:13 GMT
                                    [content-type] => text/html; charset=UTF-8
                                    [set-cookie] => ci_connect_pabbly_sesion=2rouj5amk16t0fc5jmdbskjsidn55d3r; expires=Thu, 24-Mar-2022 07:24:13 GMT; Max-Age=7200; path=/; HttpOnly
                                    [expires] => Thu, 19 Nov 1981 08:52:00 GMT
                                    [cache-control] => no-store, no-cache, must-revalidate
                                    [pragma] => no-cache
                                    [access-control-allow-origin] => *
                                    [access-control-allow-methods] => PUT, GET, POST, DELETE
                                    [access-control-allow-headers] => Content-Type, Content-Range, Content-Disposition, Content-Description
                                    [x-frame-options] => SAMEORIGIN
                                    [x-content-type-options] => nosniff
                                    [x-xss-protection] => 1; mode=block
                                    [strict-transport-security] => max-age=31536000
                                    [cf-cache-status] => DYNAMIC
                                    [expect-ct] => max-age=604800, report-uri="https://report-uri.cloudflare.com/cdn-cgi/beacon/expect-ct"
                                    [report-to] => {"endpoints":[{"url":"https:\/\/a.nel.cloudflare.com\/report\/v3?s=%2BWlgABvDS%2B6Kd4%2FsmyGBVHIrACoY7%2BsoITQ%2Bx%2FJryR1q0c4DV%2FTKuSQNAwRWkWaEBlqS5woRVl%2F4%2FF%2B8WWn%2FxErQvj4t4XnwWFmp0XrfNfP4vmzm9SLU8Sr1Wdshd6WgIum%2FVw%3D%3D"}],"group":"cf-nel","max_age":604800}
                                    [nel] => {"success_fraction":0,"report_to":"cf-nel","max_age":604800}
                                    [server] => cloudflare
                                    [cf-ray] => 6f0cfaab0f8e8fa7-KNU
                                    [content-encoding] => gzip
                                )

                        )

                    [Body] => Webhook body is not logged unless WP_DEBUG mode is turned on. This is to avoid the storing of personal data in the logs.
                )

        )

)

2022-03-24T05:24:46+00:00 INFO Array
(
    [Webhook Delivery] => Array
        (
            [Delivery ID] => 7e86480a1f3d97add18113b336bb0222
            [Date] => Mar 24, 2022 @ 5:24
            [URL] => https://connect.pabbly.com/workflow/sendwebhookdata/IjI2OTc3OCI_3D
            [Duration] => 1.23676
            [Request] => Array
                (
                    [Method] => POST
                    [Headers] => Array
                        (
                            [User-Agent] => WooCommerce/6.2.0 Hookshot (WordPress/5.9.1)
                            [Content-Type] => application/json
                            [X-WC-Webhook-Source] => http://localhost/clgpro/
                            [X-WC-Webhook-Topic] => order.created
                            [X-WC-Webhook-Resource] => order
                            [X-WC-Webhook-Event] => created
                            [X-WC-Webhook-Signature] => 8DAwj/pJNZWm2dGDsCJ8wCkGWX5Ht12BnhrNyqMh9e4=
                            [X-WC-Webhook-ID] => 2
                            [X-WC-Webhook-Delivery-ID] => 7e86480a1f3d97add18113b336bb0222
                        )

                )

            [Body] => Webhook body is not logged unless WP_DEBUG mode is turned on. This is to avoid the storing of personal data in the logs.
            [Response] => Array
                (
                    [Code] => 200
                    [Message] => OK
                    [Headers] => Requests_Utility_CaseInsensitiveDictionary Object
                        (
                            [data:protected] => Array
                                (
                                    [date] => Thu, 24 Mar 2022 05:24:48 GMT
                                    [content-type] => text/html; charset=UTF-8
                                    [set-cookie] => ci_connect_pabbly_sesion=3ou6esgl89e5vs3v5e2mg5jda8vbpjqa; expires=Thu, 24-Mar-2022 07:24:48 GMT; Max-Age=7200; path=/; HttpOnly
                                    [expires] => Thu, 19 Nov 1981 08:52:00 GMT
                                    [cache-control] => no-store, no-cache, must-revalidate
                                    [pragma] => no-cache
                                    [access-control-allow-origin] => *
                                    [access-control-allow-methods] => PUT, GET, POST, DELETE
                                    [access-control-allow-headers] => Content-Type, Content-Range, Content-Disposition, Content-Description
                                    [x-frame-options] => SAMEORIGIN
                                    [x-content-type-options] => nosniff
                                    [x-xss-protection] => 1; mode=block
                                    [strict-transport-security] => max-age=31536000
                                    [cf-cache-status] => DYNAMIC
                                    [expect-ct] => max-age=604800, report-uri="https://report-uri.cloudflare.com/cdn-cgi/beacon/expect-ct"
                                    [report-to] => {"endpoints":[{"url":"https:\/\/a.nel.cloudflare.com\/report\/v3?s=I%2FDNYzjVbnrieSZL8UHtX1U1KR2fraoOQA91ynjAhZIdas75XkcpwqRsJMYygdjevdIEWl99%2BVuf%2FxO7Qxv5V0GVmX%2F%2BFmLL3zP23V7nvN5k5C9Z4s4YD%2BTKN1vP8NWXHLIKgQ%3D%3D"}],"group":"cf-nel","max_age":604800}
                                    [nel] => {"success_fraction":0,"report_to":"cf-nel","max_age":604800}
                                    [server] => cloudflare
                                    [cf-ray] => 6f0cfb85ccb28f92-KNU
                                    [content-encoding] => gzip
                                )

                        )

                    [Body] => Webhook body is not logged unless WP_DEBUG mode is turned on. This is to avoid the storing of personal data in the logs.
                )

        )

)

2022-03-24T05:25:45+00:00 INFO Array
(
    [Webhook Delivery] => Array
        (
            [Delivery ID] => c4a262103f119defa0569af84735d64d
            [Date] => Mar 24, 2022 @ 5:25
            [URL] => https://connect.pabbly.com/workflow/sendwebhookdata/IjI2OTc3OCI_3D
            [Duration] => 0.68037
            [Request] => Array
                (
                    [Method] => POST
                    [Headers] => Array
                        (
                            [User-Agent] => WooCommerce/6.2.0 Hookshot (WordPress/5.9.1)
                            [Content-Type] => application/json
                            [X-WC-Webhook-Source] => http://localhost/clgpro/
                            [X-WC-Webhook-Topic] => order.created
                            [X-WC-Webhook-Resource] => order
                            [X-WC-Webhook-Event] => created
                            [X-WC-Webhook-Signature] => c2mUXwB1L06ioPYbA4/smgT/sCrQB/wNAOe26gNg1Ls=
                            [X-WC-Webhook-ID] => 2
                            [X-WC-Webhook-Delivery-ID] => c4a262103f119defa0569af84735d64d
                        )

                )

            [Body] => Webhook body is not logged unless WP_DEBUG mode is turned on. This is to avoid the storing of personal data in the logs.
            [Response] => Array
                (
                    [Code] => 200
                    [Message] => OK
                    [Headers] => Requests_Utility_CaseInsensitiveDictionary Object
                        (
                            [data:protected] => Array
                                (
                                    [date] => Thu, 24 Mar 2022 05:25:47 GMT
                                    [content-type] => text/html; charset=UTF-8
                                    [set-cookie] => ci_connect_pabbly_sesion=t5a5gnh81cqhf9mn6e49gggic9t0lfet; expires=Thu, 24-Mar-2022 07:25:47 GMT; Max-Age=7200; path=/; HttpOnly
                                    [expires] => Thu, 19 Nov 1981 08:52:00 GMT
                                    [cache-control] => no-store, no-cache, must-revalidate
                                    [pragma] => no-cache
                                    [access-control-allow-origin] => *
                                    [access-control-allow-methods] => PUT, GET, POST, DELETE
                                    [access-control-allow-headers] => Content-Type, Content-Range, Content-Disposition, Content-Description
                                    [x-frame-options] => SAMEORIGIN
                                    [x-content-type-options] => nosniff
                                    [x-xss-protection] => 1; mode=block
                                    [strict-transport-security] => max-age=31536000
                                    [cf-cache-status] => DYNAMIC
                                    [expect-ct] => max-age=604800, report-uri="https://report-uri.cloudflare.com/cdn-cgi/beacon/expect-ct"
                                    [report-to] => {"endpoints":[{"url":"https:\/\/a.nel.cloudflare.com\/report\/v3?s=ZXHPA2jZ742jGYjFIpWsCS6UjUelpxjGEdv%2Bwg4GaQwkqjaRN4lPenkDQjgEUJV8dtrAyo7Ri%2FLbDDUDqEYiKJfISn6xHIzdNBNYUJNGtlHoSoVSxoPDbVeUvL2J%2FqjtP2qXRw%3D%3D"}],"group":"cf-nel","max_age":604800}
                                    [nel] => {"success_fraction":0,"report_to":"cf-nel","max_age":604800}
                                    [server] => cloudflare
                                    [cf-ray] => 6f0cfcfad9db8f9b-KNU
                                    [content-encoding] => gzip
                                )

                        )

                    [Body] => Webhook body is not logged unless WP_DEBUG mode is turned on. This is to avoid the storing of personal data in the logs.
                )

        )

)

2022-03-24T06:48:05+00:00 INFO Array
(
    [Webhook Delivery] => Array
        (
            [Delivery ID] => 97ce11de9622609c00fae78051dcec3c
            [Date] => Mar 24, 2022 @ 6:48
            [URL] => https://connect.pabbly.com/workflow/sendwebhookdata/IjI2OTc3OCI_3D
            [Duration] => 0.71625
            [Request] => Array
                (
                    [Method] => POST
                    [Headers] => Array
                        (
                            [User-Agent] => WooCommerce/6.2.0 Hookshot (WordPress/5.9.1)
                            [Content-Type] => application/json
                            [X-WC-Webhook-Source] => http://localhost/clgpro/
                            [X-WC-Webhook-Topic] => order.created
                            [X-WC-Webhook-Resource] => order
                            [X-WC-Webhook-Event] => created
                            [X-WC-Webhook-Signature] => mTq2iks70nbITwdOMvh4VK9XqTLx0Y5OQxIY81B6jko=
                            [X-WC-Webhook-ID] => 2
                            [X-WC-Webhook-Delivery-ID] => 97ce11de9622609c00fae78051dcec3c
                        )

                )

            [Body] => Webhook body is not logged unless WP_DEBUG mode is turned on. This is to avoid the storing of personal data in the logs.
            [Response] => Array
                (
                    [Code] => 200
                    [Message] => OK
                    [Headers] => Requests_Utility_CaseInsensitiveDictionary Object
                        (
                            [data:protected] => Array
                                (
                                    [date] => Thu, 24 Mar 2022 06:48:07 GMT
                                    [content-type] => text/html; charset=UTF-8
                                    [set-cookie] => ci_connect_pabbly_sesion=780jal7o8ofq58t8nltt2oj2um140671; expires=Thu, 24-Mar-2022 08:48:07 GMT; Max-Age=7200; path=/; HttpOnly
                                    [expires] => Thu, 19 Nov 1981 08:52:00 GMT
                                    [cache-control] => no-store, no-cache, must-revalidate
                                    [pragma] => no-cache
                                    [access-control-allow-origin] => *
                                    [access-control-allow-methods] => PUT, GET, POST, DELETE
                                    [access-control-allow-headers] => Content-Type, Content-Range, Content-Disposition, Content-Description
                                    [x-frame-options] => SAMEORIGIN
                                    [x-content-type-options] => nosniff
                                    [x-xss-protection] => 1; mode=block
                                    [strict-transport-security] => max-age=31536000
                                    [cf-cache-status] => DYNAMIC
                                    [expect-ct] => max-age=604800, report-uri="https://report-uri.cloudflare.com/cdn-cgi/beacon/expect-ct"
                                    [report-to] => {"endpoints":[{"url":"https:\/\/a.nel.cloudflare.com\/report\/v3?s=fz3OuasAmGsBg01AHLiKuW6fvMhOJPLjNAvkcRFyhbnOscCkEdOGhYg56AQxOed4FusjHLwQ7SaU2nMO9MbuLuwtrOkVtN4bXRxFOkxukyj7QR5LA91w%2Fqt09xjxHETzPGg%2FrQ%3D%3D"}],"group":"cf-nel","max_age":604800}
                                    [nel] => {"success_fraction":0,"report_to":"cf-nel","max_age":604800}
                                    [server] => cloudflare
                                    [cf-ray] => 6f0d7597ff8189df-BOM
                                    [content-encoding] => gzip
                                )

                        )

                    [Body] => Webhook body is not logged unless WP_DEBUG mode is turned on. This is to avoid the storing of personal data in the logs.
                )

        )

)

2022-03-24T06:49:00+00:00 INFO Array
(
    [Webhook Delivery] => Array
        (
            [Delivery ID] => dd659390a28ccec313f02f17865ab387
            [Date] => Mar 24, 2022 @ 6:49
            [URL] => https://connect.pabbly.com/workflow/sendwebhookdata/IjI2OTc3OCI_3D
            [Duration] => 0.64995
            [Request] => Array
                (
                    [Method] => POST
                    [Headers] => Array
                        (
                            [User-Agent] => WooCommerce/6.2.0 Hookshot (WordPress/5.9.1)
                            [Content-Type] => application/json
                            [X-WC-Webhook-Source] => http://localhost/clgpro/
                            [X-WC-Webhook-Topic] => order.created
                            [X-WC-Webhook-Resource] => order
                            [X-WC-Webhook-Event] => created
                            [X-WC-Webhook-Signature] => PqUL/QUaGRfAxdpf5OOOXV+PDh0GJCYt3cLx2GcCxQM=
                            [X-WC-Webhook-ID] => 2
                            [X-WC-Webhook-Delivery-ID] => dd659390a28ccec313f02f17865ab387
                        )

                )

            [Body] => Webhook body is not logged unless WP_DEBUG mode is turned on. This is to avoid the storing of personal data in the logs.
            [Response] => Array
                (
                    [Code] => 200
                    [Message] => OK
                    [Headers] => Requests_Utility_CaseInsensitiveDictionary Object
                        (
                            [data:protected] => Array
                                (
                                    [date] => Thu, 24 Mar 2022 06:49:02 GMT
                                    [content-type] => text/html; charset=UTF-8
                                    [set-cookie] => ci_connect_pabbly_sesion=7vnhcpqov30n21c2jimprrimdpeb10m1; expires=Thu, 24-Mar-2022 08:49:02 GMT; Max-Age=7200; path=/; HttpOnly
                                    [expires] => Thu, 19 Nov 1981 08:52:00 GMT
                                    [cache-control] => no-store, no-cache, must-revalidate
                                    [pragma] => no-cache
                                    [access-control-allow-origin] => *
                                    [access-control-allow-methods] => PUT, GET, POST, DELETE
                                    [access-control-allow-headers] => Content-Type, Content-Range, Content-Disposition, Content-Description
                                    [x-frame-options] => SAMEORIGIN
                                    [x-content-type-options] => nosniff
                                    [x-xss-protection] => 1; mode=block
                                    [strict-transport-security] => max-age=31536000
                                    [cf-cache-status] => DYNAMIC
                                    [expect-ct] => max-age=604800, report-uri="https://report-uri.cloudflare.com/cdn-cgi/beacon/expect-ct"
                                    [report-to] => {"endpoints":[{"url":"https:\/\/a.nel.cloudflare.com\/report\/v3?s=pWRTnJ3B4Ehnjc4X9P4PkHFxAtTaI8vEuJpw%2FdxeNLgsGqGSNzBAAcNapRgmrjZdfuQazP5dAnDnmdzl4mNHcoQYl1TiIi7T34g9UhHC3RQJ32mPU4Jy8qiPhOzew2YiAcFt7g%3D%3D"}],"group":"cf-nel","max_age":604800}
                                    [nel] => {"success_fraction":0,"report_to":"cf-nel","max_age":604800}
                                    [server] => cloudflare
                                    [cf-ray] => 6f0d76efedb18b03-BOM
                                    [content-encoding] => gzip
                                )

                        )

                    [Body] => Webhook body is not logged unless WP_DEBUG mode is turned on. This is to avoid the storing of personal data in the logs.
                )

        )

)

2022-03-24T06:49:48+00:00 INFO Array
(
    [Webhook Delivery] => Array
        (
            [Delivery ID] => af70ba8325747e8d4810986352c712ef
            [Date] => Mar 24, 2022 @ 6:49
            [URL] => https://connect.pabbly.com/workflow/sendwebhookdata/IjI2OTc3OCI_3D
            [Duration] => 0.6369
            [Request] => Array
                (
                    [Method] => POST
                    [Headers] => Array
                        (
                            [User-Agent] => WooCommerce/6.2.0 Hookshot (WordPress/5.9.1)
                            [Content-Type] => application/json
                            [X-WC-Webhook-Source] => http://localhost/clgpro/
                            [X-WC-Webhook-Topic] => order.created
                            [X-WC-Webhook-Resource] => order
                            [X-WC-Webhook-Event] => created
                            [X-WC-Webhook-Signature] => KoDSCV4ZkQT0i2pZnakI2thnW7BOQ63YmgmYfK2aWAY=
                            [X-WC-Webhook-ID] => 2
                            [X-WC-Webhook-Delivery-ID] => af70ba8325747e8d4810986352c712ef
                        )

                )

            [Body] => Webhook body is not logged unless WP_DEBUG mode is turned on. This is to avoid the storing of personal data in the logs.
            [Response] => Array
                (
                    [Code] => 200
                    [Message] => OK
                    [Headers] => Requests_Utility_CaseInsensitiveDictionary Object
                        (
                            [data:protected] => Array
                                (
                                    [date] => Thu, 24 Mar 2022 06:49:51 GMT
                                    [content-type] => text/html; charset=UTF-8
                                    [set-cookie] => ci_connect_pabbly_sesion=qr40enav5ppi9abep1ojnkm659lvf3tp; expires=Thu, 24-Mar-2022 08:49:50 GMT; Max-Age=7200; path=/; HttpOnly
                                    [expires] => Thu, 19 Nov 1981 08:52:00 GMT
                                    [cache-control] => no-store, no-cache, must-revalidate
                                    [pragma] => no-cache
                                    [access-control-allow-origin] => *
                                    [access-control-allow-methods] => PUT, GET, POST, DELETE
                                    [access-control-allow-headers] => Content-Type, Content-Range, Content-Disposition, Content-Description
                                    [x-frame-options] => SAMEORIGIN
                                    [x-content-type-options] => nosniff
                                    [x-xss-protection] => 1; mode=block
                                    [strict-transport-security] => max-age=31536000
                                    [cf-cache-status] => DYNAMIC
                                    [expect-ct] => max-age=604800, report-uri="https://report-uri.cloudflare.com/cdn-cgi/beacon/expect-ct"
                                    [report-to] => {"endpoints":[{"url":"https:\/\/a.nel.cloudflare.com\/report\/v3?s=t1Osgi7eiMnk42PFLMChV6EtJlI34qjWzq1enEW4UaGFWwxEnq9fkwfCu%2FcBEwGHcDbPKQW5UQpuKOa3QhW1Hz6oIYocysNt8z6wW%2Bd%2BKaFLzGjQb0NvfW4K7Tp%2BP8nnSuSh9g%3D%3D"}],"group":"cf-nel","max_age":604800}
                                    [nel] => {"success_fraction":0,"report_to":"cf-nel","max_age":604800}
                                    [server] => cloudflare
                                    [cf-ray] => 6f0d781bea9c8b05-BOM
                                    [content-encoding] => gzip
                                )

                        )

                    [Body] => Webhook body is not logged unless WP_DEBUG mode is turned on. This is to avoid the storing of personal data in the logs.
                )

        )

)

2022-03-24T08:52:05+00:00 INFO Array
(
    [Webhook Delivery] => Array
        (
            [Delivery ID] => 09b7c4a23174f10b59347b492d628ee8
            [Date] => Mar 24, 2022 @ 8:52
            [URL] => https://connect.pabbly.com/workflow/sendwebhookdata/IjI2OTc3OCI_3D
            [Duration] => 1.51108
            [Request] => Array
                (
                    [Method] => POST
                    [Headers] => Array
                        (
                            [User-Agent] => WooCommerce/6.2.0 Hookshot (WordPress/5.9.1)
                            [Content-Type] => application/json
                            [X-WC-Webhook-Source] => http://localhost/clgpro/
                            [X-WC-Webhook-Topic] => order.created
                            [X-WC-Webhook-Resource] => order
                            [X-WC-Webhook-Event] => created
                            [X-WC-Webhook-Signature] => FIhvRdWuwAm6CB5g9m9UASyZXvJjmFLCJaFW5xZgzKg=
                            [X-WC-Webhook-ID] => 2
                            [X-WC-Webhook-Delivery-ID] => 09b7c4a23174f10b59347b492d628ee8
                        )

                )

            [Body] => Webhook body is not logged unless WP_DEBUG mode is turned on. This is to avoid the storing of personal data in the logs.
            [Response] => Array
                (
                    [Code] => 200
                    [Message] => OK
                    [Headers] => Requests_Utility_CaseInsensitiveDictionary Object
                        (
                            [data:protected] => Array
                                (
                                    [date] => Thu, 24 Mar 2022 08:52:05 GMT
                                    [content-type] => text/html; charset=UTF-8
                                    [set-cookie] => ci_connect_pabbly_sesion=je6o1djtuocp40njgpip4tmoc952qob2; expires=Thu, 24-Mar-2022 10:52:05 GMT; Max-Age=7200; path=/; HttpOnly
                                    [expires] => Thu, 19 Nov 1981 08:52:00 GMT
                                    [cache-control] => no-store, no-cache, must-revalidate
                                    [pragma] => no-cache
                                    [access-control-allow-origin] => *
                                    [access-control-allow-methods] => PUT, GET, POST, DELETE
                                    [access-control-allow-headers] => Content-Type, Content-Range, Content-Disposition, Content-Description
                                    [x-frame-options] => SAMEORIGIN
                                    [x-content-type-options] => nosniff
                                    [x-xss-protection] => 1; mode=block
                                    [strict-transport-security] => max-age=31536000
                                    [cf-cache-status] => DYNAMIC
                                    [expect-ct] => max-age=604800, report-uri="https://report-uri.cloudflare.com/cdn-cgi/beacon/expect-ct"
                                    [report-to] => {"endpoints":[{"url":"https:\/\/a.nel.cloudflare.com\/report\/v3?s=pay%2Bf1R5zYbgaGRxXl1EHo9krHSGSdXnVCeOs8ifNdQrLxeNqlnGH06xltYIEq%2FweL4PO2M6dP%2FC9TCcqZx89fYdPk90ReliSXyeVK1hfpz1Nr2sapQcwECdLGAjVQX2WdkEGA%3D%3D"}],"group":"cf-nel","max_age":604800}
                                    [nel] => {"success_fraction":0,"report_to":"cf-nel","max_age":604800}
                                    [server] => cloudflare
                                    [cf-ray] => 6f0e2b288cd28afa-BOM
                                    [content-encoding] => gzip
                                )

                        )

                    [Body] => Webhook body is not logged unless WP_DEBUG mode is turned on. This is to avoid the storing of personal data in the logs.
                )

        )

)

2022-03-24T08:54:48+00:00 INFO Array
(
    [Webhook Delivery] => Array
        (
            [Delivery ID] => 1ffa9eab58c4431b486f91445caf4d8a
            [Date] => Mar 24, 2022 @ 8:54
            [URL] => https://connect.pabbly.com/workflow/sendwebhookdata/IjI2OTc3OCI_3D
            [Duration] => 1.16182
            [Request] => Array
                (
                    [Method] => POST
                    [Headers] => Array
                        (
                            [User-Agent] => WooCommerce/6.2.0 Hookshot (WordPress/5.9.1)
                            [Content-Type] => application/json
                            [X-WC-Webhook-Source] => http://localhost/clgpro/
                            [X-WC-Webhook-Topic] => order.created
                            [X-WC-Webhook-Resource] => order
                            [X-WC-Webhook-Event] => created
                            [X-WC-Webhook-Signature] => +r8DhcEQgsetBg9nO+oHjNt8CafYYR3opd6UQHrK/ok=
                            [X-WC-Webhook-ID] => 2
                            [X-WC-Webhook-Delivery-ID] => 1ffa9eab58c4431b486f91445caf4d8a
                        )

                )

            [Body] => Webhook body is not logged unless WP_DEBUG mode is turned on. This is to avoid the storing of personal data in the logs.
            [Response] => Array
                (
                    [Code] => 200
                    [Message] => OK
                    [Headers] => Requests_Utility_CaseInsensitiveDictionary Object
                        (
                            [data:protected] => Array
                                (
                                    [date] => Thu, 24 Mar 2022 08:54:48 GMT
                                    [content-type] => text/html; charset=UTF-8
                                    [set-cookie] => ci_connect_pabbly_sesion=29gs80vhvmeom0hb2orr60u9p38240s6; expires=Thu, 24-Mar-2022 10:54:48 GMT; Max-Age=7200; path=/; HttpOnly
                                    [expires] => Thu, 19 Nov 1981 08:52:00 GMT
                                    [cache-control] => no-store, no-cache, must-revalidate
                                    [pragma] => no-cache
                                    [access-control-allow-origin] => *
                                    [access-control-allow-methods] => PUT, GET, POST, DELETE
                                    [access-control-allow-headers] => Content-Type, Content-Range, Content-Disposition, Content-Description
                                    [x-frame-options] => SAMEORIGIN
                                    [x-content-type-options] => nosniff
                                    [x-xss-protection] => 1; mode=block
                                    [strict-transport-security] => max-age=31536000
                                    [cf-cache-status] => DYNAMIC
                                    [expect-ct] => max-age=604800, report-uri="https://report-uri.cloudflare.com/cdn-cgi/beacon/expect-ct"
                                    [report-to] => {"endpoints":[{"url":"https:\/\/a.nel.cloudflare.com\/report\/v3?s=zlrP2F9XosZnhOu8w%2BTA%2BvHbAtevz0AoY0SxfSQS8pZcLZGOPJpZRCv0ZIUm%2FSclDsICElO56nHk0RV3Mn5SNAAYMYu%2BbrYx4rOedkrmtBEORuJFjg3kAxk7Q3BSxecgjJxReA%3D%3D"}],"group":"cf-nel","max_age":604800}
                                    [nel] => {"success_fraction":0,"report_to":"cf-nel","max_age":604800}
                                    [server] => cloudflare
                                    [cf-ray] => 6f0e2f256b528afa-BOM
                                    [content-encoding] => gzip
                                )

                        )

                    [Body] => Webhook body is not logged unless WP_DEBUG mode is turned on. This is to avoid the storing of personal data in the logs.
                )

        )

)

2022-03-24T09:20:46+00:00 INFO Array
(
    [Webhook Delivery] => Array
        (
            [Delivery ID] => 85b301f694737dba687d4175f692fb6b
            [Date] => Mar 24, 2022 @ 9:20
            [URL] => https://connect.pabbly.com/workflow/sendwebhookdata/IjI2OTc3OCI_3D
            [Duration] => 1.30214
            [Request] => Array
                (
                    [Method] => POST
                    [Headers] => Array
                        (
                            [User-Agent] => WooCommerce/6.2.0 Hookshot (WordPress/5.9.1)
                            [Content-Type] => application/json
                            [X-WC-Webhook-Source] => http://localhost/clgpro/
                            [X-WC-Webhook-Topic] => order.created
                            [X-WC-Webhook-Resource] => order
                            [X-WC-Webhook-Event] => created
                            [X-WC-Webhook-Signature] => 1QgoiUUMHcB8X8ll05am+tkQLOvhFYIc1IgoIyHUApQ=
                            [X-WC-Webhook-ID] => 2
                            [X-WC-Webhook-Delivery-ID] => 85b301f694737dba687d4175f692fb6b
                        )

                )

            [Body] => Webhook body is not logged unless WP_DEBUG mode is turned on. This is to avoid the storing of personal data in the logs.
            [Response] => Array
                (
                    [Code] => 200
                    [Message] => OK
                    [Headers] => Requests_Utility_CaseInsensitiveDictionary Object
                        (
                            [data:protected] => Array
                                (
                                    [date] => Thu, 24 Mar 2022 09:20:46 GMT
                                    [content-type] => text/html; charset=UTF-8
                                    [set-cookie] => ci_connect_pabbly_sesion=ju65uvjvskb6cbdc6staivqk4qpnbo75; expires=Thu, 24-Mar-2022 11:20:46 GMT; Max-Age=7200; path=/; HttpOnly
                                    [expires] => Thu, 19 Nov 1981 08:52:00 GMT
                                    [cache-control] => no-store, no-cache, must-revalidate
                                    [pragma] => no-cache
                                    [access-control-allow-origin] => *
                                    [access-control-allow-methods] => PUT, GET, POST, DELETE
                                    [access-control-allow-headers] => Content-Type, Content-Range, Content-Disposition, Content-Description
                                    [x-frame-options] => SAMEORIGIN
                                    [x-content-type-options] => nosniff
                                    [x-xss-protection] => 1; mode=block
                                    [strict-transport-security] => max-age=31536000
                                    [cf-cache-status] => DYNAMIC
                                    [expect-ct] => max-age=604800, report-uri="https://report-uri.cloudflare.com/cdn-cgi/beacon/expect-ct"
                                    [report-to] => {"endpoints":[{"url":"https:\/\/a.nel.cloudflare.com\/report\/v3?s=hPrH5DWp%2FE4%2Fif9FDl8H3t82Zb3Gpj0HK2Wri6tYcSW9DnA29CtddrBY2sWKEQDuAhlbX5fpL4BD%2F%2Bf%2BJ%2Bp4pVt%2BxZTTryxRQvFh9b3Zfnga%2FQfHl39gwTXi2zcMFPktC9lbAg%3D%3D"}],"group":"cf-nel","max_age":604800}
                                    [nel] => {"success_fraction":0,"report_to":"cf-nel","max_age":604800}
                                    [server] => cloudflare
                                    [cf-ray] => 6f0e55301b858af3-BOM
                                    [content-encoding] => gzip
                                )

                        )

                    [Body] => Webhook body is not logged unless WP_DEBUG mode is turned on. This is to avoid the storing of personal data in the logs.
                )

        )

)

2022-03-24T09:38:19+00:00 INFO Array
(
    [Webhook Delivery] => Array
        (
            [Delivery ID] => a5720762e439881ed321633f8a5cdd13
            [Date] => Mar 24, 2022 @ 9:38
            [URL] => https://connect.pabbly.com/workflow/sendwebhookdata/IjI2OTc3OCI_3D
            [Duration] => 1.2388
            [Request] => Array
                (
                    [Method] => POST
                    [Headers] => Array
                        (
                            [User-Agent] => WooCommerce/6.2.0 Hookshot (WordPress/5.9.1)
                            [Content-Type] => application/json
                            [X-WC-Webhook-Source] => http://localhost/clgpro/
                            [X-WC-Webhook-Topic] => order.created
                            [X-WC-Webhook-Resource] => order
                            [X-WC-Webhook-Event] => created
                            [X-WC-Webhook-Signature] => ocdGED2es0rgHlvdoAuOyFN1LOuuvzfhLIcIWcByRCM=
                            [X-WC-Webhook-ID] => 2
                            [X-WC-Webhook-Delivery-ID] => a5720762e439881ed321633f8a5cdd13
                        )

                )

            [Body] => Webhook body is not logged unless WP_DEBUG mode is turned on. This is to avoid the storing of personal data in the logs.
            [Response] => Array
                (
                    [Code] => 200
                    [Message] => OK
                    [Headers] => Requests_Utility_CaseInsensitiveDictionary Object
                        (
                            [data:protected] => Array
                                (
                                    [date] => Thu, 24 Mar 2022 09:38:19 GMT
                                    [content-type] => text/html; charset=UTF-8
                                    [set-cookie] => ci_connect_pabbly_sesion=vu1q4uoihbiqvr631ahlic8bm7a647am; expires=Thu, 24-Mar-2022 11:38:19 GMT; Max-Age=7200; path=/; HttpOnly
                                    [expires] => Thu, 19 Nov 1981 08:52:00 GMT
                                    [cache-control] => no-store, no-cache, must-revalidate
                                    [pragma] => no-cache
                                    [access-control-allow-origin] => *
                                    [access-control-allow-methods] => PUT, GET, POST, DELETE
                                    [access-control-allow-headers] => Content-Type, Content-Range, Content-Disposition, Content-Description
                                    [x-frame-options] => SAMEORIGIN
                                    [x-content-type-options] => nosniff
                                    [x-xss-protection] => 1; mode=block
                                    [strict-transport-security] => max-age=31536000
                                    [cf-cache-status] => DYNAMIC
                                    [expect-ct] => max-age=604800, report-uri="https://report-uri.cloudflare.com/cdn-cgi/beacon/expect-ct"
                                    [report-to] => {"endpoints":[{"url":"https:\/\/a.nel.cloudflare.com\/report\/v3?s=KDe2oDaE4VcH6wIQujp963Lc2DLAAd6%2Bk25mW%2BjUxJhpFVir5sMynkmIz2VD%2F8elU6NW2yFgviqmBnXllKYHkyWSQM0GFStHV5gmrQd%2FWmfGfKoe85o237Nmf26PFkiDot1OYw%3D%3D"}],"group":"cf-nel","max_age":604800}
                                    [nel] => {"success_fraction":0,"report_to":"cf-nel","max_age":604800}
                                    [server] => cloudflare
                                    [cf-ray] => 6f0e6ee0fd5c89df-BOM
                                    [content-encoding] => gzip
                                )

                        )

                    [Body] => Webhook body is not logged unless WP_DEBUG mode is turned on. This is to avoid the storing of personal data in the logs.
                )

        )

)

2022-03-24T09:48:46+00:00 INFO Array
(
    [Webhook Delivery] => Array
        (
            [Delivery ID] => 34365731a28fe0bb5d98b1ec480d9920
            [Date] => Mar 24, 2022 @ 9:48
            [URL] => https://connect.pabbly.com/workflow/sendwebhookdata/IjI2OTc3OCI_3D
            [Duration] => 1.29183
            [Request] => Array
                (
                    [Method] => POST
                    [Headers] => Array
                        (
                            [User-Agent] => WooCommerce/6.2.0 Hookshot (WordPress/5.9.1)
                            [Content-Type] => application/json
                            [X-WC-Webhook-Source] => http://localhost/clgpro/
                            [X-WC-Webhook-Topic] => order.created
                            [X-WC-Webhook-Resource] => order
                            [X-WC-Webhook-Event] => created
                            [X-WC-Webhook-Signature] => ttyNKa7D7ODEeWNGvtNhvApYxybSxD5m5Avtw4R1aTk=
                            [X-WC-Webhook-ID] => 2
                            [X-WC-Webhook-Delivery-ID] => 34365731a28fe0bb5d98b1ec480d9920
                        )

                )

            [Body] => Webhook body is not logged unless WP_DEBUG mode is turned on. This is to avoid the storing of personal data in the logs.
            [Response] => Array
                (
                    [Code] => 200
                    [Message] => OK
                    [Headers] => Requests_Utility_CaseInsensitiveDictionary Object
                        (
                            [data:protected] => Array
                                (
                                    [date] => Thu, 24 Mar 2022 09:48:46 GMT
                                    [content-type] => text/html; charset=UTF-8
                                    [set-cookie] => ci_connect_pabbly_sesion=hf2k5jsbdjhtt8fvl2n0cos5q75huda3; expires=Thu, 24-Mar-2022 11:48:46 GMT; Max-Age=7200; path=/; HttpOnly
                                    [expires] => Thu, 19 Nov 1981 08:52:00 GMT
                                    [cache-control] => no-store, no-cache, must-revalidate
                                    [pragma] => no-cache
                                    [access-control-allow-origin] => *
                                    [access-control-allow-methods] => PUT, GET, POST, DELETE
                                    [access-control-allow-headers] => Content-Type, Content-Range, Content-Disposition, Content-Description
                                    [x-frame-options] => SAMEORIGIN
                                    [x-content-type-options] => nosniff
                                    [x-xss-protection] => 1; mode=block
                                    [strict-transport-security] => max-age=31536000
                                    [cf-cache-status] => DYNAMIC
                                    [expect-ct] => max-age=604800, report-uri="https://report-uri.cloudflare.com/cdn-cgi/beacon/expect-ct"
                                    [report-to] => {"endpoints":[{"url":"https:\/\/a.nel.cloudflare.com\/report\/v3?s=5QuRovBUSG2LBlGef3b8z%2FsmTkNhrvXJ6VTuKsgVeCLMxW0jQcoYcKTBC15SVrD7vZRFnTdeBZlFHtrH9BLnnafgo40EkaqiLYtvgvbpgHSts4k1MzshBjqRfjGIrNrjoyU4ig%3D%3D"}],"group":"cf-nel","max_age":604800}
                                    [nel] => {"success_fraction":0,"report_to":"cf-nel","max_age":604800}
                                    [server] => cloudflare
                                    [cf-ray] => 6f0e7e31bb388fb9-KNU
                                    [content-encoding] => gzip
                                )

                        )

                    [Body] => Webhook body is not logged unless WP_DEBUG mode is turned on. This is to avoid the storing of personal data in the logs.
                )

        )

)

2022-03-24T10:07:46+00:00 INFO Array
(
    [Webhook Delivery] => Array
        (
            [Delivery ID] => 0b8c70f36449f86be6c58dd75053375a
            [Date] => Mar 24, 2022 @ 10:07
            [URL] => https://connect.pabbly.com/workflow/sendwebhookdata/IjI2OTc3OCI_3D
            [Duration] => 1.2603
            [Request] => Array
                (
                    [Method] => POST
                    [Headers] => Array
                        (
                            [User-Agent] => WooCommerce/6.2.0 Hookshot (WordPress/5.9.1)
                            [Content-Type] => application/json
                            [X-WC-Webhook-Source] => http://localhost/clgpro/
                            [X-WC-Webhook-Topic] => order.created
                            [X-WC-Webhook-Resource] => order
                            [X-WC-Webhook-Event] => created
                            [X-WC-Webhook-Signature] => dTI2t9XeOVuhU5r37JgR2bvFODgGuDtkP2pbalZBDYU=
                            [X-WC-Webhook-ID] => 2
                            [X-WC-Webhook-Delivery-ID] => 0b8c70f36449f86be6c58dd75053375a
                        )

                )

            [Body] => Webhook body is not logged unless WP_DEBUG mode is turned on. This is to avoid the storing of personal data in the logs.
            [Response] => Array
                (
                    [Code] => 200
                    [Message] => OK
                    [Headers] => Requests_Utility_CaseInsensitiveDictionary Object
                        (
                            [data:protected] => Array
                                (
                                    [date] => Thu, 24 Mar 2022 10:07:46 GMT
                                    [content-type] => text/html; charset=UTF-8
                                    [set-cookie] => ci_connect_pabbly_sesion=uj2p7s8mm21qdclob4e4eqrd051osinj; expires=Thu, 24-Mar-2022 12:07:46 GMT; Max-Age=7200; path=/; HttpOnly
                                    [expires] => Thu, 19 Nov 1981 08:52:00 GMT
                                    [cache-control] => no-store, no-cache, must-revalidate
                                    [pragma] => no-cache
                                    [access-control-allow-origin] => *
                                    [access-control-allow-methods] => PUT, GET, POST, DELETE
                                    [access-control-allow-headers] => Content-Type, Content-Range, Content-Disposition, Content-Description
                                    [x-frame-options] => SAMEORIGIN
                                    [x-content-type-options] => nosniff
                                    [x-xss-protection] => 1; mode=block
                                    [strict-transport-security] => max-age=31536000
                                    [cf-cache-status] => DYNAMIC
                                    [expect-ct] => max-age=604800, report-uri="https://report-uri.cloudflare.com/cdn-cgi/beacon/expect-ct"
                                    [report-to] => {"endpoints":[{"url":"https:\/\/a.nel.cloudflare.com\/report\/v3?s=U%2F0KU4zaiLT0iPmZKI1ortPKIF3IKtES7rf8%2FdGZXrDxAD1%2FdNOw6pxZL5hv3i5NlAm6of%2Fd%2BGi9i9lMZ2I1pZghHrxe4x1Dwe87HPknBKszojzwbyUy9Zm2HVW4rAizOO36OA%3D%3D"}],"group":"cf-nel","max_age":604800}
                                    [nel] => {"success_fraction":0,"report_to":"cf-nel","max_age":604800}
                                    [server] => cloudflare
                                    [cf-ray] => 6f0e9a0889e18f9a-KNU
                                    [content-encoding] => gzip
                                )

                        )

                    [Body] => Webhook body is not logged unless WP_DEBUG mode is turned on. This is to avoid the storing of personal data in the logs.
                )

        )

)

2022-03-24T10:49:43+00:00 INFO Array
(
    [Webhook Delivery] => Array
        (
            [Delivery ID] => 5b748282b44afbb291c62be10d4f2216
            [Date] => Mar 24, 2022 @ 10:49
            [URL] => https://connect.pabbly.com/workflow/sendwebhookdata/IjI2OTc3OCI_3D
            [Duration] => 1.22188
            [Request] => Array
                (
                    [Method] => POST
                    [Headers] => Array
                        (
                            [User-Agent] => WooCommerce/6.2.0 Hookshot (WordPress/5.9.1)
                            [Content-Type] => application/json
                            [X-WC-Webhook-Source] => http://localhost/clgpro/
                            [X-WC-Webhook-Topic] => order.created
                            [X-WC-Webhook-Resource] => order
                            [X-WC-Webhook-Event] => created
                            [X-WC-Webhook-Signature] => 1jyQEhgjZzje6NAB1MeZ5BvbnagP23pD86QNI4yWSCA=
                            [X-WC-Webhook-ID] => 2
                            [X-WC-Webhook-Delivery-ID] => 5b748282b44afbb291c62be10d4f2216
                        )

                )

            [Body] => Webhook body is not logged unless WP_DEBUG mode is turned on. This is to avoid the storing of personal data in the logs.
            [Response] => Array
                (
                    [Code] => 200
                    [Message] => OK
                    [Headers] => Requests_Utility_CaseInsensitiveDictionary Object
                        (
                            [data:protected] => Array
                                (
                                    [date] => Thu, 24 Mar 2022 10:49:43 GMT
                                    [content-type] => text/html; charset=UTF-8
                                    [set-cookie] => ci_connect_pabbly_sesion=v7q83a1lk7n8406inkfpoe86c7v7458r; expires=Thu, 24-Mar-2022 12:49:43 GMT; Max-Age=7200; path=/; HttpOnly
                                    [expires] => Thu, 19 Nov 1981 08:52:00 GMT
                                    [cache-control] => no-store, no-cache, must-revalidate
                                    [pragma] => no-cache
                                    [access-control-allow-origin] => *
                                    [access-control-allow-methods] => PUT, GET, POST, DELETE
                                    [access-control-allow-headers] => Content-Type, Content-Range, Content-Disposition, Content-Description
                                    [x-frame-options] => SAMEORIGIN
                                    [x-content-type-options] => nosniff
                                    [x-xss-protection] => 1; mode=block
                                    [strict-transport-security] => max-age=31536000
                                    [cf-cache-status] => DYNAMIC
                                    [expect-ct] => max-age=604800, report-uri="https://report-uri.cloudflare.com/cdn-cgi/beacon/expect-ct"
                                    [report-to] => {"endpoints":[{"url":"https:\/\/a.nel.cloudflare.com\/report\/v3?s=vf6KNtI2gY2Dr699%2FSx7Moq6uNKlcJB7xlCuOtyRR2H0jlTPgBrz6z2ShsWC0FOj3gdDw35sZkfQC7uhMmSJKFVIPUlqx2qcDeZCf0mXZfNK4Coa7RP1eQ3Ge6dILfBl%2BMNBng%3D%3D"}],"group":"cf-nel","max_age":604800}
                                    [nel] => {"success_fraction":0,"report_to":"cf-nel","max_age":604800}
                                    [server] => cloudflare
                                    [cf-ray] => 6f0ed77b3a318fbc-KNU
                                    [content-encoding] => gzip
                                )

                        )

                    [Body] => Webhook body is not logged unless WP_DEBUG mode is turned on. This is to avoid the storing of personal data in the logs.
                )

        )

)

2022-03-24T10:53:20+00:00 INFO Array
(
    [Webhook Delivery] => Array
        (
            [Delivery ID] => 608588b904728ca58d0f61de0117d2a9
            [Date] => Mar 24, 2022 @ 10:53
            [URL] => https://connect.pabbly.com/workflow/sendwebhookdata/IjI2OTc3OCI_3D
            [Duration] => 1.28348
            [Request] => Array
                (
                    [Method] => POST
                    [Headers] => Array
                        (
                            [User-Agent] => WooCommerce/6.2.0 Hookshot (WordPress/5.9.1)
                            [Content-Type] => application/json
                            [X-WC-Webhook-Source] => http://localhost/clgpro/
                            [X-WC-Webhook-Topic] => order.created
                            [X-WC-Webhook-Resource] => order
                            [X-WC-Webhook-Event] => created
                            [X-WC-Webhook-Signature] => 8FMh6kLHhYFQJ8VkssFd0nMvADWUEMSQ78y+x+BJDsU=
                            [X-WC-Webhook-ID] => 2
                            [X-WC-Webhook-Delivery-ID] => 608588b904728ca58d0f61de0117d2a9
                        )

                )

            [Body] => Webhook body is not logged unless WP_DEBUG mode is turned on. This is to avoid the storing of personal data in the logs.
            [Response] => Array
                (
                    [Code] => 200
                    [Message] => OK
                    [Headers] => Requests_Utility_CaseInsensitiveDictionary Object
                        (
                            [data:protected] => Array
                                (
                                    [date] => Thu, 24 Mar 2022 10:53:20 GMT
                                    [content-type] => text/html; charset=UTF-8
                                    [set-cookie] => ci_connect_pabbly_sesion=e90hutb0s58lnch1dmgl593t022s6cgo; expires=Thu, 24-Mar-2022 12:53:20 GMT; Max-Age=7200; path=/; HttpOnly
                                    [expires] => Thu, 19 Nov 1981 08:52:00 GMT
                                    [cache-control] => no-store, no-cache, must-revalidate
                                    [pragma] => no-cache
                                    [access-control-allow-origin] => *
                                    [access-control-allow-methods] => PUT, GET, POST, DELETE
                                    [access-control-allow-headers] => Content-Type, Content-Range, Content-Disposition, Content-Description
                                    [x-frame-options] => SAMEORIGIN
                                    [x-content-type-options] => nosniff
                                    [x-xss-protection] => 1; mode=block
                                    [strict-transport-security] => max-age=31536000
                                    [cf-cache-status] => DYNAMIC
                                    [expect-ct] => max-age=604800, report-uri="https://report-uri.cloudflare.com/cdn-cgi/beacon/expect-ct"
                                    [report-to] => {"endpoints":[{"url":"https:\/\/a.nel.cloudflare.com\/report\/v3?s=5YIPWWG7MUS3mZ%2FduYIx7BgfmUksoH94EGqeTo0W2EF1LSGLbQUawwTnquaV32SXfaSaK4vzhdiF%2Fw5GPqEcHPJ%2FIw8BaSdm8sZZO3v6Ijs4qDm42jQOfqDe6bk0DAM6uk%2BFaw%3D%3D"}],"group":"cf-nel","max_age":604800}
                                    [nel] => {"success_fraction":0,"report_to":"cf-nel","max_age":604800}
                                    [server] => cloudflare
                                    [cf-ray] => 6f0edcc458288f98-KNU
                                    [content-encoding] => gzip
                                )

                        )

                    [Body] => Webhook body is not logged unless WP_DEBUG mode is turned on. This is to avoid the storing of personal data in the logs.
                )

        )

)

2022-03-24T10:59:31+00:00 INFO Array
(
    [Webhook Delivery] => Array
        (
            [Delivery ID] => 6031c1a26f7b4f760d2184597d891155
            [Date] => Mar 24, 2022 @ 10:59
            [URL] => https://connect.pabbly.com/workflow/sendwebhookdata/IjI2OTc3OCI_3D
            [Duration] => 1.31416
            [Request] => Array
                (
                    [Method] => POST
                    [Headers] => Array
                        (
                            [User-Agent] => WooCommerce/6.2.0 Hookshot (WordPress/5.9.1)
                            [Content-Type] => application/json
                            [X-WC-Webhook-Source] => http://localhost/clgpro/
                            [X-WC-Webhook-Topic] => order.created
                            [X-WC-Webhook-Resource] => order
                            [X-WC-Webhook-Event] => created
                            [X-WC-Webhook-Signature] => CUzoWYBJClHal05xhM6Cfkvr/H65r+3XAQwnmZi/dig=
                            [X-WC-Webhook-ID] => 2
                            [X-WC-Webhook-Delivery-ID] => 6031c1a26f7b4f760d2184597d891155
                        )

                )

            [Body] => Webhook body is not logged unless WP_DEBUG mode is turned on. This is to avoid the storing of personal data in the logs.
            [Response] => Array
                (
                    [Code] => 200
                    [Message] => OK
                    [Headers] => Requests_Utility_CaseInsensitiveDictionary Object
                        (
                            [data:protected] => Array
                                (
                                    [date] => Thu, 24 Mar 2022 10:59:31 GMT
                                    [content-type] => text/html; charset=UTF-8
                                    [set-cookie] => ci_connect_pabbly_sesion=g39d7os9ce435qhtsh5g1078geigamm1; expires=Thu, 24-Mar-2022 12:59:31 GMT; Max-Age=7200; path=/; HttpOnly
                                    [expires] => Thu, 19 Nov 1981 08:52:00 GMT
                                    [cache-control] => no-store, no-cache, must-revalidate
                                    [pragma] => no-cache
                                    [access-control-allow-origin] => *
                                    [access-control-allow-methods] => PUT, GET, POST, DELETE
                                    [access-control-allow-headers] => Content-Type, Content-Range, Content-Disposition, Content-Description
                                    [x-frame-options] => SAMEORIGIN
                                    [x-content-type-options] => nosniff
                                    [x-xss-protection] => 1; mode=block
                                    [strict-transport-security] => max-age=31536000
                                    [cf-cache-status] => DYNAMIC
                                    [expect-ct] => max-age=604800, report-uri="https://report-uri.cloudflare.com/cdn-cgi/beacon/expect-ct"
                                    [report-to] => {"endpoints":[{"url":"https:\/\/a.nel.cloudflare.com\/report\/v3?s=8fogI6OVWQ6Vb4XEAeHRXIWVOvzRMvL%2Ba3YY1HJc%2BrnCgzFykV2PCFsXCBy9oVSPtMsrnwym3YnrE%2FtF1P98yzjAKsAoDyInJdANp63iHkQYJgAIqrgYBI3GlTFpeuU1MikJgg%3D%3D"}],"group":"cf-nel","max_age":604800}
                                    [nel] => {"success_fraction":0,"report_to":"cf-nel","max_age":604800}
                                    [server] => cloudflare
                                    [cf-ray] => 6f0ee5d2cbb08f8c-KNU
                                    [content-encoding] => gzip
                                )

                        )

                    [Body] => Webhook body is not logged unless WP_DEBUG mode is turned on. This is to avoid the storing of personal data in the logs.
                )

        )

)

2022-03-24T12:05:49+00:00 INFO Array
(
    [Webhook Delivery] => Array
        (
            [Delivery ID] => acd3bfae709a3a8d459ff4fd2da899bb
            [Date] => Mar 24, 2022 @ 12:05
            [URL] => https://connect.pabbly.com/workflow/sendwebhookdata/IjI2OTc3OCI_3D
            [Duration] => 1.43179
            [Request] => Array
                (
                    [Method] => POST
                    [Headers] => Array
                        (
                            [User-Agent] => WooCommerce/6.2.0 Hookshot (WordPress/5.9.1)
                            [Content-Type] => application/json
                            [X-WC-Webhook-Source] => http://localhost/clgpro/
                            [X-WC-Webhook-Topic] => order.created
                            [X-WC-Webhook-Resource] => order
                            [X-WC-Webhook-Event] => created
                            [X-WC-Webhook-Signature] => lNWSqD0vOulMEhMBZo/3AhGZhqzCtJIzbSQlu0XwC/c=
                            [X-WC-Webhook-ID] => 2
                            [X-WC-Webhook-Delivery-ID] => acd3bfae709a3a8d459ff4fd2da899bb
                        )

                )

            [Body] => Webhook body is not logged unless WP_DEBUG mode is turned on. This is to avoid the storing of personal data in the logs.
            [Response] => Array
                (
                    [Code] => 200
                    [Message] => OK
                    [Headers] => Requests_Utility_CaseInsensitiveDictionary Object
                        (
                            [data:protected] => Array
                                (
                                    [date] => Thu, 24 Mar 2022 12:05:48 GMT
                                    [content-type] => text/html; charset=UTF-8
                                    [set-cookie] => ci_connect_pabbly_sesion=h4t5r1jf9ar6l4jv92cd6dt25kslvfu7; expires=Thu, 24-Mar-2022 14:05:48 GMT; Max-Age=7200; path=/; HttpOnly
                                    [expires] => Thu, 19 Nov 1981 08:52:00 GMT
                                    [cache-control] => no-store, no-cache, must-revalidate
                                    [pragma] => no-cache
                                    [access-control-allow-origin] => *
                                    [access-control-allow-methods] => PUT, GET, POST, DELETE
                                    [access-control-allow-headers] => Content-Type, Content-Range, Content-Disposition, Content-Description
                                    [x-frame-options] => SAMEORIGIN
                                    [x-content-type-options] => nosniff
                                    [x-xss-protection] => 1; mode=block
                                    [strict-transport-security] => max-age=31536000
                                    [cf-cache-status] => DYNAMIC
                                    [expect-ct] => max-age=604800, report-uri="https://report-uri.cloudflare.com/cdn-cgi/beacon/expect-ct"
                                    [report-to] => {"endpoints":[{"url":"https:\/\/a.nel.cloudflare.com\/report\/v3?s=EY%2Fl2Pg1OdMD6EUnyiN4EZjsgQMrWjkNvEMNQqPqKgVkVlqmkIv6sYiveAkxgTadCfSwQhjGIh8XJr4SLhwXUL1y0akmCE18ADMtZDQ5kfyDv9XBLXOxcsZLlCkfPNiibVCgvw%3D%3D"}],"group":"cf-nel","max_age":604800}
                                    [nel] => {"success_fraction":0,"report_to":"cf-nel","max_age":604800}
                                    [server] => cloudflare
                                    [cf-ray] => 6f0f46efcef78fa6-KNU
                                    [content-encoding] => gzip
                                )

                        )

                    [Body] => Webhook body is not logged unless WP_DEBUG mode is turned on. This is to avoid the storing of personal data in the logs.
                )

        )

)

2022-03-24T12:06:46+00:00 INFO Array
(
    [Webhook Delivery] => Array
        (
            [Delivery ID] => e604fc27a4353c25230fcc448fabd39e
            [Date] => Mar 24, 2022 @ 12:06
            [URL] => https://connect.pabbly.com/workflow/sendwebhookdata/IjI2OTc3OCI_3D
            [Duration] => 1.29337
            [Request] => Array
                (
                    [Method] => POST
                    [Headers] => Array
                        (
                            [User-Agent] => WooCommerce/6.2.0 Hookshot (WordPress/5.9.1)
                            [Content-Type] => application/json
                            [X-WC-Webhook-Source] => http://localhost/clgpro/
                            [X-WC-Webhook-Topic] => order.created
                            [X-WC-Webhook-Resource] => order
                            [X-WC-Webhook-Event] => created
                            [X-WC-Webhook-Signature] => 1NAMz0ZzvTs/usXaKXzvL8/LoK8CgiBnReUf09VGHR0=
                            [X-WC-Webhook-ID] => 2
                            [X-WC-Webhook-Delivery-ID] => e604fc27a4353c25230fcc448fabd39e
                        )

                )

            [Body] => Webhook body is not logged unless WP_DEBUG mode is turned on. This is to avoid the storing of personal data in the logs.
            [Response] => Array
                (
                    [Code] => 200
                    [Message] => OK
                    [Headers] => Requests_Utility_CaseInsensitiveDictionary Object
                        (
                            [data:protected] => Array
                                (
                                    [date] => Thu, 24 Mar 2022 12:06:46 GMT
                                    [content-type] => text/html; charset=UTF-8
                                    [set-cookie] => ci_connect_pabbly_sesion=7g9ld04atamfu7j9ghrosc3vslh891vf; expires=Thu, 24-Mar-2022 14:06:46 GMT; Max-Age=7200; path=/; HttpOnly
                                    [expires] => Thu, 19 Nov 1981 08:52:00 GMT
                                    [cache-control] => no-store, no-cache, must-revalidate
                                    [pragma] => no-cache
                                    [access-control-allow-origin] => *
                                    [access-control-allow-methods] => PUT, GET, POST, DELETE
                                    [access-control-allow-headers] => Content-Type, Content-Range, Content-Disposition, Content-Description
                                    [x-frame-options] => SAMEORIGIN
                                    [x-content-type-options] => nosniff
                                    [x-xss-protection] => 1; mode=block
                                    [strict-transport-security] => max-age=31536000
                                    [cf-cache-status] => DYNAMIC
                                    [expect-ct] => max-age=604800, report-uri="https://report-uri.cloudflare.com/cdn-cgi/beacon/expect-ct"
                                    [report-to] => {"endpoints":[{"url":"https:\/\/a.nel.cloudflare.com\/report\/v3?s=pJD91CoTIkzdAco6xZ5mz1Wuv5dtls32RuubZF4GRj%2FdZ88HN5Ixv4Y2p4SVeZWC8XCu6hJP1qgWuXWHnB%2BXOFtzaknt9uVqREf%2Beri0pW3z1hW5mW4N3p1dZhsOWolXRoBd%2FA%3D%3D"}],"group":"cf-nel","max_age":604800}
                                    [nel] => {"success_fraction":0,"report_to":"cf-nel","max_age":604800}
                                    [server] => cloudflare
                                    [cf-ray] => 6f0f48560f598f8f-KNU
                                    [content-encoding] => gzip
                                )

                        )

                    [Body] => Webhook body is not logged unless WP_DEBUG mode is turned on. This is to avoid the storing of personal data in the logs.
                )

        )

)

2022-03-24T12:07:51+00:00 INFO Array
(
    [Webhook Delivery] => Array
        (
            [Delivery ID] => b1fff33544f50a7ba2bf17a66ffe6260
            [Date] => Mar 24, 2022 @ 12:07
            [URL] => https://connect.pabbly.com/workflow/sendwebhookdata/IjI2OTc3OCI_3D
            [Duration] => 1.20592
            [Request] => Array
                (
                    [Method] => POST
                    [Headers] => Array
                        (
                            [User-Agent] => WooCommerce/6.2.0 Hookshot (WordPress/5.9.1)
                            [Content-Type] => application/json
                            [X-WC-Webhook-Source] => http://localhost/clgpro/
                            [X-WC-Webhook-Topic] => order.created
                            [X-WC-Webhook-Resource] => order
                            [X-WC-Webhook-Event] => created
                            [X-WC-Webhook-Signature] => dvTE7Tn0Rwp0dxSjeTjv9YbZEhQbzxeuxY+xVyzQhHw=
                            [X-WC-Webhook-ID] => 2
                            [X-WC-Webhook-Delivery-ID] => b1fff33544f50a7ba2bf17a66ffe6260
                        )

                )

            [Body] => Webhook body is not logged unless WP_DEBUG mode is turned on. This is to avoid the storing of personal data in the logs.
            [Response] => Array
                (
                    [Code] => 200
                    [Message] => OK
                    [Headers] => Requests_Utility_CaseInsensitiveDictionary Object
                        (
                            [data:protected] => Array
                                (
                                    [date] => Thu, 24 Mar 2022 12:07:51 GMT
                                    [content-type] => text/html; charset=UTF-8
                                    [set-cookie] => ci_connect_pabbly_sesion=9oiq8tvmhmsqf0bedrcmagasmfbjb2c5; expires=Thu, 24-Mar-2022 14:07:51 GMT; Max-Age=7200; path=/; HttpOnly
                                    [expires] => Thu, 19 Nov 1981 08:52:00 GMT
                                    [cache-control] => no-store, no-cache, must-revalidate
                                    [pragma] => no-cache
                                    [access-control-allow-origin] => *
                                    [access-control-allow-methods] => PUT, GET, POST, DELETE
                                    [access-control-allow-headers] => Content-Type, Content-Range, Content-Disposition, Content-Description
                                    [x-frame-options] => SAMEORIGIN
                                    [x-content-type-options] => nosniff
                                    [x-xss-protection] => 1; mode=block
                                    [strict-transport-security] => max-age=31536000
                                    [cf-cache-status] => DYNAMIC
                                    [expect-ct] => max-age=604800, report-uri="https://report-uri.cloudflare.com/cdn-cgi/beacon/expect-ct"
                                    [report-to] => {"endpoints":[{"url":"https:\/\/a.nel.cloudflare.com\/report\/v3?s=Oqi3nf3krO6GMx%2FMKb3H67FodxpuTy%2FyzDYNXcd85o80iWLNXDCqzo0xPjM59oavFqatxSR3i7rG1EkuzVwUcHXTU8PkaL8JxdF5cw8%2FOFc%2BriuFBdjBk4SjmkH3aIFC7kgTTw%3D%3D"}],"group":"cf-nel","max_age":604800}
                                    [nel] => {"success_fraction":0,"report_to":"cf-nel","max_age":604800}
                                    [server] => cloudflare
                                    [cf-ray] => 6f0f49f03a7f8fa1-KNU
                                    [content-encoding] => gzip
                                )

                        )

                    [Body] => Webhook body is not logged unless WP_DEBUG mode is turned on. This is to avoid the storing of personal data in the logs.
                )

        )

)

