2022-03-22T08:51:42+00:00 INFO Array
(
    [Webhook Delivery] => Array
        (
            [Delivery ID] => a1a0101b5083b7bf29b0b14cb228a3aa
            [Date] => Mar 22, 2022 @ 8:51
            [URL] => https://connect.pabbly.com/workflow/sendwebhookdata/IjI2OTc3OCI_3D
            [Duration] => 1.24536
            [Request] => Array
                (
                    [Method] => POST
                    [Headers] => Array
                        (
                            [User-Agent] => WooCommerce/6.2.0 Hookshot (WordPress/5.9.1)
                            [Content-Type] => application/json
                            [X-WC-Webhook-Source] => http://localhost/clgpro/
                            [X-WC-Webhook-Topic] => order.created
                            [X-WC-Webhook-Resource] => order
                            [X-WC-Webhook-Event] => created
                            [X-WC-Webhook-Signature] => aFeOOaeL4/xd+80dhncr1au+SNv3gh8VKl1SGEp42dI=
                            [X-WC-Webhook-ID] => 2
                            [X-WC-Webhook-Delivery-ID] => a1a0101b5083b7bf29b0b14cb228a3aa
                        )

                )

            [Body] => Webhook body is not logged unless WP_DEBUG mode is turned on. This is to avoid the storing of personal data in the logs.
            [Response] => Array
                (
                    [Code] => 200
                    [Message] => OK
                    [Headers] => Requests_Utility_CaseInsensitiveDictionary Object
                        (
                            [data:protected] => Array
                                (
                                    [date] => Tue, 22 Mar 2022 08:51:42 GMT
                                    [content-type] => text/html; charset=UTF-8
                                    [set-cookie] => ci_connect_pabbly_sesion=7k256r3dpjkrsmdathm1l23b73dq1pj5; expires=Tue, 22-Mar-2022 10:51:42 GMT; Max-Age=7200; path=/; HttpOnly
                                    [expires] => Thu, 19 Nov 1981 08:52:00 GMT
                                    [cache-control] => no-store, no-cache, must-revalidate
                                    [pragma] => no-cache
                                    [access-control-allow-origin] => *
                                    [access-control-allow-methods] => PUT, GET, POST, DELETE
                                    [access-control-allow-headers] => Content-Type, Content-Range, Content-Disposition, Content-Description
                                    [x-frame-options] => SAMEORIGIN
                                    [x-content-type-options] => nosniff
                                    [x-xss-protection] => 1; mode=block
                                    [strict-transport-security] => max-age=31536000
                                    [cf-cache-status] => DYNAMIC
                                    [expect-ct] => max-age=604800, report-uri="https://report-uri.cloudflare.com/cdn-cgi/beacon/expect-ct"
                                    [report-to] => {"endpoints":[{"url":"https:\/\/a.nel.cloudflare.com\/report\/v3?s=gvbE%2B9E%2BN8zFJLH9SXgjI4uvViAsQmPJtDhiO26gkDagU3pAxwlU6DyWEly1FtO3tiY%2F2ce%2FwV7%2FZvBK9hrY4jn8ZJZ5JMrllag%2BqXs%2BWMC2kaY3VTRngIDP5ehZMYTqlk3dRw%3D%3D"}],"group":"cf-nel","max_age":604800}
                                    [nel] => {"success_fraction":0,"report_to":"cf-nel","max_age":604800}
                                    [server] => cloudflare
                                    [cf-ray] => 6efdafdb3a1b8a24-BOM
                                    [content-encoding] => gzip
                                )

                        )

                    [Body] => Webhook body is not logged unless WP_DEBUG mode is turned on. This is to avoid the storing of personal data in the logs.
                )

        )

)

