2022-03-02T07:49:33+00:00 INFO Array
(
    [Webhook Delivery] => Array
        (
            [Delivery ID] => e4dd53e711c12d2ba9439e7aba6f47ea
            [Date] => Mar 2, 2022 @ 7:49
            [URL] => https://connect.pabbly.com/workflow/sendwebhookdata/IjI2OTc3OCI_3D
            [Duration] => 1.45863
            [Request] => Array
                (
                    [Method] => POST
                    [Headers] => Array
                        (
                            [User-Agent] => WooCommerce/6.2.0 Hookshot (WordPress/5.9.1)
                            [Content-Type] => application/json
                            [X-WC-Webhook-Source] => http://localhost/clgpro/
                            [X-WC-Webhook-Topic] => order.created
                            [X-WC-Webhook-Resource] => order
                            [X-WC-Webhook-Event] => created
                            [X-WC-Webhook-Signature] => TBv8pzoDOWEDdPw7IXLSbX9tzzh5A0HrL6iM1Yzcmj0=
                            [X-WC-Webhook-ID] => 1
                            [X-WC-Webhook-Delivery-ID] => e4dd53e711c12d2ba9439e7aba6f47ea
                        )

                )

            [Body] => Webhook body is not logged unless WP_DEBUG mode is turned on. This is to avoid the storing of personal data in the logs.
            [Response] => Array
                (
                    [Code] => 200
                    [Message] => OK
                    [Headers] => Requests_Utility_CaseInsensitiveDictionary Object
                        (
                            [data:protected] => Array
                                (
                                    [date] => Wed, 02 Mar 2022 07:49:34 GMT
                                    [content-type] => text/html; charset=UTF-8
                                    [set-cookie] => ci_connect_pabbly_sesion=qj0s6l4be3d3ufbqvhvgcmqkgsd28ncg; expires=Wed, 02-Mar-2022 09:49:34 GMT; Max-Age=7200; path=/; HttpOnly
                                    [expires] => Thu, 19 Nov 1981 08:52:00 GMT
                                    [cache-control] => no-store, no-cache, must-revalidate
                                    [pragma] => no-cache
                                    [access-control-allow-origin] => *
                                    [access-control-allow-methods] => PUT, GET, POST, DELETE
                                    [access-control-allow-headers] => Content-Type, Content-Range, Content-Disposition, Content-Description
                                    [x-frame-options] => SAMEORIGIN
                                    [x-content-type-options] => nosniff
                                    [x-xss-protection] => 1; mode=block
                                    [strict-transport-security] => max-age=31536000
                                    [cf-cache-status] => DYNAMIC
                                    [expect-ct] => max-age=604800, report-uri="https://report-uri.cloudflare.com/cdn-cgi/beacon/expect-ct"
                                    [report-to] => {"endpoints":[{"url":"https:\/\/a.nel.cloudflare.com\/report\/v3?s=Q3qIgD20Gbbd%2Bppd0Khd2k002hB%2BGvwFYNeSqEyk1XYyrA9k%2B051itmeWQVma8KnN4lgDHeQH86GNJj0HOS5J1VajrGvzLSvyQCcCVtNc0bG26rwOhr1PngQZeuKyWpTJ4OX2w%3D%3D"}],"group":"cf-nel","max_age":604800}
                                    [nel] => {"success_fraction":0,"report_to":"cf-nel","max_age":604800}
                                    [server] => cloudflare
                                    [cf-ray] => 6e588956bd3131c9-BOM
                                    [content-encoding] => gzip
                                )

                        )

                    [Body] => Webhook body is not logged unless WP_DEBUG mode is turned on. This is to avoid the storing of personal data in the logs.
                )

        )

)

2022-03-02T09:54:40+00:00 INFO Array
(
    [Webhook Delivery] => Array
        (
            [Delivery ID] => db5d84542a07d7f35ce4cc0d72d902be
            [Date] => Mar 2, 2022 @ 9:54
            [URL] => https://connect.pabbly.com/workflow/sendwebhookdata/IjI2OTc3OCI_3D
            [Duration] => 0.86458
            [Request] => Array
                (
                    [Method] => POST
                    [Headers] => Array
                        (
                            [User-Agent] => WooCommerce/6.2.0 Hookshot (WordPress/5.9.1)
                            [Content-Type] => application/json
                            [X-WC-Webhook-Source] => http://localhost/clgpro/
                            [X-WC-Webhook-Topic] => order.created
                            [X-WC-Webhook-Resource] => order
                            [X-WC-Webhook-Event] => created
                            [X-WC-Webhook-Signature] => Z8YA8pmoa0WNg6Xm1SrOqqELF6tT+9NCKHzwuXDVqQ8=
                            [X-WC-Webhook-ID] => 2
                            [X-WC-Webhook-Delivery-ID] => db5d84542a07d7f35ce4cc0d72d902be
                        )

                )

            [Body] => Webhook body is not logged unless WP_DEBUG mode is turned on. This is to avoid the storing of personal data in the logs.
            [Response] => Array
                (
                    [Code] => 200
                    [Message] => OK
                    [Headers] => Requests_Utility_CaseInsensitiveDictionary Object
                        (
                            [data:protected] => Array
                                (
                                    [date] => Wed, 02 Mar 2022 09:54:40 GMT
                                    [content-type] => text/html; charset=UTF-8
                                    [set-cookie] => ci_connect_pabbly_sesion=4fr71chki364747l50pl9r7kfkv9ivsj; expires=Wed, 02-Mar-2022 11:54:40 GMT; Max-Age=7200; path=/; HttpOnly
                                    [expires] => Thu, 19 Nov 1981 08:52:00 GMT
                                    [cache-control] => no-store, no-cache, must-revalidate
                                    [pragma] => no-cache
                                    [access-control-allow-origin] => *
                                    [access-control-allow-methods] => PUT, GET, POST, DELETE
                                    [access-control-allow-headers] => Content-Type, Content-Range, Content-Disposition, Content-Description
                                    [x-frame-options] => SAMEORIGIN
                                    [x-content-type-options] => nosniff
                                    [x-xss-protection] => 1; mode=block
                                    [strict-transport-security] => max-age=31536000
                                    [cf-cache-status] => DYNAMIC
                                    [expect-ct] => max-age=604800, report-uri="https://report-uri.cloudflare.com/cdn-cgi/beacon/expect-ct"
                                    [report-to] => {"endpoints":[{"url":"https:\/\/a.nel.cloudflare.com\/report\/v3?s=R2Hwj%2F8H%2FVYJ1rKHNq5tdrWqb%2BU5Xo%2BNzpGr2RcNmZXQojNaKHIiJ1x2m5NdplgK8PdhuMhqEbB33%2F841%2BgWWP0MnWvsxMzXi7gIEvkbYbLYv1LUsyknjo17epQIM%2FjY%2FjmLHw%3D%3D"}],"group":"cf-nel","max_age":604800}
                                    [nel] => {"success_fraction":0,"report_to":"cf-nel","max_age":604800}
                                    [server] => cloudflare
                                    [cf-ray] => 6e59409b9bd385c5-BOM
                                    [content-encoding] => gzip
                                )

                        )

                    [Body] => Webhook body is not logged unless WP_DEBUG mode is turned on. This is to avoid the storing of personal data in the logs.
                )

        )

)

2022-03-02T09:57:20+00:00 INFO Array
(
    [Webhook Delivery] => Array
        (
            [Delivery ID] => 2632a2291cf01a593647df0136e69739
            [Date] => Mar 2, 2022 @ 9:57
            [URL] => https://connect.pabbly.com/workflow/sendwebhookdata/IjI2OTc3OCI_3D
            [Duration] => 1.16199
            [Request] => Array
                (
                    [Method] => POST
                    [Headers] => Array
                        (
                            [User-Agent] => WooCommerce/6.2.0 Hookshot (WordPress/5.9.1)
                            [Content-Type] => application/json
                            [X-WC-Webhook-Source] => http://localhost/clgpro/
                            [X-WC-Webhook-Topic] => order.created
                            [X-WC-Webhook-Resource] => order
                            [X-WC-Webhook-Event] => created
                            [X-WC-Webhook-Signature] => CIxSN88SOADO189V5hxnvJ0DHmWQHezZUZRzEqu6g6k=
                            [X-WC-Webhook-ID] => 2
                            [X-WC-Webhook-Delivery-ID] => 2632a2291cf01a593647df0136e69739
                        )

                )

            [Body] => Webhook body is not logged unless WP_DEBUG mode is turned on. This is to avoid the storing of personal data in the logs.
            [Response] => Array
                (
                    [Code] => 200
                    [Message] => OK
                    [Headers] => Requests_Utility_CaseInsensitiveDictionary Object
                        (
                            [data:protected] => Array
                                (
                                    [date] => Wed, 02 Mar 2022 09:57:20 GMT
                                    [content-type] => text/html; charset=UTF-8
                                    [set-cookie] => ci_connect_pabbly_sesion=5hi1ts6nbok9bn7ge1ll73qt9jl3ij3k; expires=Wed, 02-Mar-2022 11:57:20 GMT; Max-Age=7200; path=/; HttpOnly
                                    [expires] => Thu, 19 Nov 1981 08:52:00 GMT
                                    [cache-control] => no-store, no-cache, must-revalidate
                                    [pragma] => no-cache
                                    [access-control-allow-origin] => *
                                    [access-control-allow-methods] => PUT, GET, POST, DELETE
                                    [access-control-allow-headers] => Content-Type, Content-Range, Content-Disposition, Content-Description
                                    [x-frame-options] => SAMEORIGIN
                                    [x-content-type-options] => nosniff
                                    [x-xss-protection] => 1; mode=block
                                    [strict-transport-security] => max-age=31536000
                                    [cf-cache-status] => DYNAMIC
                                    [expect-ct] => max-age=604800, report-uri="https://report-uri.cloudflare.com/cdn-cgi/beacon/expect-ct"
                                    [report-to] => {"endpoints":[{"url":"https:\/\/a.nel.cloudflare.com\/report\/v3?s=RaYeL5wci6dKuquR3N1TOeOEOG%2BOmC0Ez9hj1sdDIRoViEg8TIHIprV82h1Opswm4%2FpIvjs%2BZ8yGGOuyl2Ol4JP0ebz8YedoqYja3Gk1%2F2ti2yAc17HTK9%2Bzlwy6yGI6zL%2BlhA%3D%3D"}],"group":"cf-nel","max_age":604800}
                                    [nel] => {"success_fraction":0,"report_to":"cf-nel","max_age":604800}
                                    [server] => cloudflare
                                    [cf-ray] => 6e59447e7d222e05-BOM
                                    [content-encoding] => gzip
                                )

                        )

                    [Body] => Webhook body is not logged unless WP_DEBUG mode is turned on. This is to avoid the storing of personal data in the logs.
                )

        )

)

2022-03-02T10:13:05+00:00 INFO Array
(
    [Webhook Delivery] => Array
        (
            [Delivery ID] => 5b5b2a18713f68774aa3f72eb4d2dc92
            [Date] => Mar 2, 2022 @ 10:13
            [URL] => https://connect.pabbly.com/workflow/sendwebhookdata/IjI2OTc3OCI_3D
            [Duration] => 0.89485
            [Request] => Array
                (
                    [Method] => POST
                    [Headers] => Array
                        (
                            [User-Agent] => WooCommerce/6.2.0 Hookshot (WordPress/5.9.1)
                            [Content-Type] => application/json
                            [X-WC-Webhook-Source] => http://localhost/clgpro/
                            [X-WC-Webhook-Topic] => order.created
                            [X-WC-Webhook-Resource] => order
                            [X-WC-Webhook-Event] => created
                            [X-WC-Webhook-Signature] => O+OlRL/jRWN8txlVZteXrEIEvNcoRsuMXP/D2jj++LQ=
                            [X-WC-Webhook-ID] => 2
                            [X-WC-Webhook-Delivery-ID] => 5b5b2a18713f68774aa3f72eb4d2dc92
                        )

                )

            [Body] => Webhook body is not logged unless WP_DEBUG mode is turned on. This is to avoid the storing of personal data in the logs.
            [Response] => Array
                (
                    [Code] => 200
                    [Message] => OK
                    [Headers] => Requests_Utility_CaseInsensitiveDictionary Object
                        (
                            [data:protected] => Array
                                (
                                    [date] => Wed, 02 Mar 2022 10:13:05 GMT
                                    [content-type] => text/html; charset=UTF-8
                                    [set-cookie] => ci_connect_pabbly_sesion=4helq85ktthpda26b3jmqj31vpopt95f; expires=Wed, 02-Mar-2022 12:13:04 GMT; Max-Age=7200; path=/; HttpOnly
                                    [expires] => Thu, 19 Nov 1981 08:52:00 GMT
                                    [cache-control] => no-store, no-cache, must-revalidate
                                    [pragma] => no-cache
                                    [access-control-allow-origin] => *
                                    [access-control-allow-methods] => PUT, GET, POST, DELETE
                                    [access-control-allow-headers] => Content-Type, Content-Range, Content-Disposition, Content-Description
                                    [x-frame-options] => SAMEORIGIN
                                    [x-content-type-options] => nosniff
                                    [x-xss-protection] => 1; mode=block
                                    [strict-transport-security] => max-age=31536000
                                    [cf-cache-status] => DYNAMIC
                                    [expect-ct] => max-age=604800, report-uri="https://report-uri.cloudflare.com/cdn-cgi/beacon/expect-ct"
                                    [report-to] => {"endpoints":[{"url":"https:\/\/a.nel.cloudflare.com\/report\/v3?s=3LPGuG5RK3DvT2MQYQewdLEFLM8MMpnnfzVM0Tp72EvFaHvePl7bz2wMvXU601Uvv5UnCA9hTpQpoc34%2FJ8jS0WtIXNdJlVdlZgjglr2%2BOh3OVq%2BxxlPKz1WVedb2kR5U2gwgQ%3D%3D"}],"group":"cf-nel","max_age":604800}
                                    [nel] => {"success_fraction":0,"report_to":"cf-nel","max_age":604800}
                                    [server] => cloudflare
                                    [cf-ray] => 6e595b9118396ee6-BOM
                                    [content-encoding] => gzip
                                )

                        )

                    [Body] => Webhook body is not logged unless WP_DEBUG mode is turned on. This is to avoid the storing of personal data in the logs.
                )

        )

)

2022-03-02T10:14:59+00:00 INFO Array
(
    [Webhook Delivery] => Array
        (
            [Delivery ID] => 4acb9f6895da44f9d47d4884a3331575
            [Date] => Mar 2, 2022 @ 10:14
            [URL] => https://connect.pabbly.com/workflow/sendwebhookdata/IjI2OTc3OCI_3D
            [Duration] => 0.66169
            [Request] => Array
                (
                    [Method] => POST
                    [Headers] => Array
                        (
                            [User-Agent] => WooCommerce/6.2.0 Hookshot (WordPress/5.9.1)
                            [Content-Type] => application/json
                            [X-WC-Webhook-Source] => http://localhost/clgpro/
                            [X-WC-Webhook-Topic] => order.created
                            [X-WC-Webhook-Resource] => order
                            [X-WC-Webhook-Event] => created
                            [X-WC-Webhook-Signature] => LXFwNZ6n+2j9Cr2imPuRPiyg3WMMwgP/IsiccDYAKnk=
                            [X-WC-Webhook-ID] => 2
                            [X-WC-Webhook-Delivery-ID] => 4acb9f6895da44f9d47d4884a3331575
                        )

                )

            [Body] => Webhook body is not logged unless WP_DEBUG mode is turned on. This is to avoid the storing of personal data in the logs.
            [Response] => Array
                (
                    [Code] => 200
                    [Message] => OK
                    [Headers] => Requests_Utility_CaseInsensitiveDictionary Object
                        (
                            [data:protected] => Array
                                (
                                    [date] => Wed, 02 Mar 2022 10:14:59 GMT
                                    [content-type] => text/html; charset=UTF-8
                                    [set-cookie] => ci_connect_pabbly_sesion=t44v45n6tl63kg9mr3ptrg6mcof2ra98; expires=Wed, 02-Mar-2022 12:14:59 GMT; Max-Age=7200; path=/; HttpOnly
                                    [expires] => Thu, 19 Nov 1981 08:52:00 GMT
                                    [cache-control] => no-store, no-cache, must-revalidate
                                    [pragma] => no-cache
                                    [access-control-allow-origin] => *
                                    [access-control-allow-methods] => PUT, GET, POST, DELETE
                                    [access-control-allow-headers] => Content-Type, Content-Range, Content-Disposition, Content-Description
                                    [x-frame-options] => SAMEORIGIN
                                    [x-content-type-options] => nosniff
                                    [x-xss-protection] => 1; mode=block
                                    [strict-transport-security] => max-age=31536000
                                    [cf-cache-status] => DYNAMIC
                                    [expect-ct] => max-age=604800, report-uri="https://report-uri.cloudflare.com/cdn-cgi/beacon/expect-ct"
                                    [report-to] => {"endpoints":[{"url":"https:\/\/a.nel.cloudflare.com\/report\/v3?s=CP4FJxIS4ILLz27tk9O2xgzzqtsLuDHjpMwCk8XWaCcLPusQVFNnwL5DSurHWWOTFhGlWKrSWwgvNomiW0SbDfkd6YXplXxWJO3BOd3nGDJCaLUs6P8NoN7Ukwmz6Gszq7pqqA%3D%3D"}],"group":"cf-nel","max_age":604800}
                                    [nel] => {"success_fraction":0,"report_to":"cf-nel","max_age":604800}
                                    [server] => cloudflare
                                    [cf-ray] => 6e595e5a58f08609-BOM
                                    [content-encoding] => gzip
                                )

                        )

                    [Body] => Webhook body is not logged unless WP_DEBUG mode is turned on. This is to avoid the storing of personal data in the logs.
                )

        )

)

2022-03-02T10:39:32+00:00 INFO Array
(
    [Webhook Delivery] => Array
        (
            [Delivery ID] => a6d9e1b667e774e1e6143be67e25b0fc
            [Date] => Mar 2, 2022 @ 10:39
            [URL] => https://connect.pabbly.com/workflow/sendwebhookdata/IjI2OTc3OCI_3D
            [Duration] => 1.35112
            [Request] => Array
                (
                    [Method] => POST
                    [Headers] => Array
                        (
                            [User-Agent] => WooCommerce/6.2.0 Hookshot (WordPress/5.9.1)
                            [Content-Type] => application/json
                            [X-WC-Webhook-Source] => http://localhost/clgpro/
                            [X-WC-Webhook-Topic] => order.created
                            [X-WC-Webhook-Resource] => order
                            [X-WC-Webhook-Event] => created
                            [X-WC-Webhook-Signature] => TKOATCNkJuyNIFyT6UuT5NktgiEEoAkjcMJ9f68XilU=
                            [X-WC-Webhook-ID] => 2
                            [X-WC-Webhook-Delivery-ID] => a6d9e1b667e774e1e6143be67e25b0fc
                        )

                )

            [Body] => Webhook body is not logged unless WP_DEBUG mode is turned on. This is to avoid the storing of personal data in the logs.
            [Response] => Array
                (
                    [Code] => 200
                    [Message] => OK
                    [Headers] => Requests_Utility_CaseInsensitiveDictionary Object
                        (
                            [data:protected] => Array
                                (
                                    [date] => Wed, 02 Mar 2022 10:39:32 GMT
                                    [content-type] => text/html; charset=UTF-8
                                    [set-cookie] => ci_connect_pabbly_sesion=p0ep98blh6nvmdhbdklgkhd8m0gefmj7; expires=Wed, 02-Mar-2022 12:39:32 GMT; Max-Age=7200; path=/; HttpOnly
                                    [expires] => Thu, 19 Nov 1981 08:52:00 GMT
                                    [cache-control] => no-store, no-cache, must-revalidate
                                    [pragma] => no-cache
                                    [access-control-allow-origin] => *
                                    [access-control-allow-methods] => PUT, GET, POST, DELETE
                                    [access-control-allow-headers] => Content-Type, Content-Range, Content-Disposition, Content-Description
                                    [x-frame-options] => SAMEORIGIN
                                    [x-content-type-options] => nosniff
                                    [x-xss-protection] => 1; mode=block
                                    [strict-transport-security] => max-age=31536000
                                    [cf-cache-status] => DYNAMIC
                                    [expect-ct] => max-age=604800, report-uri="https://report-uri.cloudflare.com/cdn-cgi/beacon/expect-ct"
                                    [report-to] => {"endpoints":[{"url":"https:\/\/a.nel.cloudflare.com\/report\/v3?s=WhwIdd6Ne8koNp01eCSFtwPBugboLOsSTnwzqEUW6wRP2mxtrb55a3OouGSfmBrzxZw9fIy8i%2B%2FDj%2Ba3gExYaBrmNfAtI%2BS0Q%2BacrGpiqsHrdwWd7UMY0Kb5pMdY8KfxNC7SPQ%3D%3D"}],"group":"cf-nel","max_age":604800}
                                    [nel] => {"success_fraction":0,"report_to":"cf-nel","max_age":604800}
                                    [server] => cloudflare
                                    [cf-ray] => 6e59824f49046ef2-BOM
                                    [content-encoding] => gzip
                                )

                        )

                    [Body] => Webhook body is not logged unless WP_DEBUG mode is turned on. This is to avoid the storing of personal data in the logs.
                )

        )

)

2022-03-02T10:47:09+00:00 INFO Array
(
    [Webhook Delivery] => Array
        (
            [Delivery ID] => fe1305340a12487fa32a8217e00a709a
            [Date] => Mar 2, 2022 @ 10:47
            [URL] => https://connect.pabbly.com/workflow/sendwebhookdata/IjI2OTc3OCI_3D
            [Duration] => 0.79666
            [Request] => Array
                (
                    [Method] => POST
                    [Headers] => Array
                        (
                            [User-Agent] => WooCommerce/6.2.0 Hookshot (WordPress/5.9.1)
                            [Content-Type] => application/json
                            [X-WC-Webhook-Source] => http://localhost/clgpro/
                            [X-WC-Webhook-Topic] => order.created
                            [X-WC-Webhook-Resource] => order
                            [X-WC-Webhook-Event] => created
                            [X-WC-Webhook-Signature] => BjvKCkar0nw/M7luaf5gKoBw/e+gHsF1GIXTk1iqgtM=
                            [X-WC-Webhook-ID] => 2
                            [X-WC-Webhook-Delivery-ID] => fe1305340a12487fa32a8217e00a709a
                        )

                )

            [Body] => Webhook body is not logged unless WP_DEBUG mode is turned on. This is to avoid the storing of personal data in the logs.
            [Response] => Array
                (
                    [Code] => 200
                    [Message] => OK
                    [Headers] => Requests_Utility_CaseInsensitiveDictionary Object
                        (
                            [data:protected] => Array
                                (
                                    [date] => Wed, 02 Mar 2022 10:47:09 GMT
                                    [content-type] => text/html; charset=UTF-8
                                    [set-cookie] => ci_connect_pabbly_sesion=g9fcmkq9ql9qdabdd73n09c6kl5djgrj; expires=Wed, 02-Mar-2022 12:47:09 GMT; Max-Age=7200; path=/; HttpOnly
                                    [expires] => Thu, 19 Nov 1981 08:52:00 GMT
                                    [cache-control] => no-store, no-cache, must-revalidate
                                    [pragma] => no-cache
                                    [access-control-allow-origin] => *
                                    [access-control-allow-methods] => PUT, GET, POST, DELETE
                                    [access-control-allow-headers] => Content-Type, Content-Range, Content-Disposition, Content-Description
                                    [x-frame-options] => SAMEORIGIN
                                    [x-content-type-options] => nosniff
                                    [x-xss-protection] => 1; mode=block
                                    [strict-transport-security] => max-age=31536000
                                    [cf-cache-status] => DYNAMIC
                                    [expect-ct] => max-age=604800, report-uri="https://report-uri.cloudflare.com/cdn-cgi/beacon/expect-ct"
                                    [report-to] => {"endpoints":[{"url":"https:\/\/a.nel.cloudflare.com\/report\/v3?s=m8zClCpBMeRMLZsOoKKAZJ9rMJtsIxekJkbRG0FLdTAhWUru0J5NERntOkQOnE2Jeg0VdOoDROCCbS9cgyQJwS8%2Fx80OZL%2BE3%2ByqvmV2rSthtaotdaMsDrRQxYH6AZivjsDosA%3D%3D"}],"group":"cf-nel","max_age":604800}
                                    [nel] => {"success_fraction":0,"report_to":"cf-nel","max_age":604800}
                                    [server] => cloudflare
                                    [cf-ray] => 6e598d78df948603-BOM
                                    [content-encoding] => gzip
                                )

                        )

                    [Body] => Webhook body is not logged unless WP_DEBUG mode is turned on. This is to avoid the storing of personal data in the logs.
                )

        )

)

2022-03-02T11:04:02+00:00 INFO Array
(
    [Webhook Delivery] => Array
        (
            [Delivery ID] => 97dea8497f58941916d5cb108919a96e
            [Date] => Mar 2, 2022 @ 11:04
            [URL] => https://connect.pabbly.com/workflow/sendwebhookdata/IjI2OTc3OCI_3D
            [Duration] => 0.76546
            [Request] => Array
                (
                    [Method] => POST
                    [Headers] => Array
                        (
                            [User-Agent] => WooCommerce/6.2.0 Hookshot (WordPress/5.9.1)
                            [Content-Type] => application/json
                            [X-WC-Webhook-Source] => http://localhost/clgpro/
                            [X-WC-Webhook-Topic] => order.created
                            [X-WC-Webhook-Resource] => order
                            [X-WC-Webhook-Event] => created
                            [X-WC-Webhook-Signature] => pgQd/MMkUi+pzD9D7Bi0NsXAGzZkB4g5u8R4KERi9Xs=
                            [X-WC-Webhook-ID] => 2
                            [X-WC-Webhook-Delivery-ID] => 97dea8497f58941916d5cb108919a96e
                        )

                )

            [Body] => Webhook body is not logged unless WP_DEBUG mode is turned on. This is to avoid the storing of personal data in the logs.
            [Response] => Array
                (
                    [Code] => 200
                    [Message] => OK
                    [Headers] => Requests_Utility_CaseInsensitiveDictionary Object
                        (
                            [data:protected] => Array
                                (
                                    [date] => Wed, 02 Mar 2022 11:04:02 GMT
                                    [content-type] => text/html; charset=UTF-8
                                    [set-cookie] => ci_connect_pabbly_sesion=saq3uds7qlklp1ku571ssacj7ha0r31v; expires=Wed, 02-Mar-2022 13:04:02 GMT; Max-Age=7200; path=/; HttpOnly
                                    [expires] => Thu, 19 Nov 1981 08:52:00 GMT
                                    [cache-control] => no-store, no-cache, must-revalidate
                                    [pragma] => no-cache
                                    [access-control-allow-origin] => *
                                    [access-control-allow-methods] => PUT, GET, POST, DELETE
                                    [access-control-allow-headers] => Content-Type, Content-Range, Content-Disposition, Content-Description
                                    [x-frame-options] => SAMEORIGIN
                                    [x-content-type-options] => nosniff
                                    [x-xss-protection] => 1; mode=block
                                    [strict-transport-security] => max-age=31536000
                                    [cf-cache-status] => DYNAMIC
                                    [expect-ct] => max-age=604800, report-uri="https://report-uri.cloudflare.com/cdn-cgi/beacon/expect-ct"
                                    [report-to] => {"endpoints":[{"url":"https:\/\/a.nel.cloudflare.com\/report\/v3?s=j6Aqhbb8uEPPbsjqh0PWun9LDwH43vblcv10Eoi92yB%2FSCmgFmAyNGqd7CDzsFwONkAzx0ASVG6%2FsaYfvXemF9q4FHYmNcI%2BCNPDdRE%2Fy7lBQf8UH5ZGKbYVl72eoiLLRRL%2BQg%3D%3D"}],"group":"cf-nel","max_age":604800}
                                    [nel] => {"success_fraction":0,"report_to":"cf-nel","max_age":604800}
                                    [server] => cloudflare
                                    [cf-ray] => 6e59a634adfa6ee8-BOM
                                    [content-encoding] => gzip
                                )

                        )

                    [Body] => Webhook body is not logged unless WP_DEBUG mode is turned on. This is to avoid the storing of personal data in the logs.
                )

        )

)

2022-03-02T11:05:05+00:00 INFO Array
(
    [Webhook Delivery] => Array
        (
            [Delivery ID] => c9b09b08c140fc806b7e60286700c7db
            [Date] => Mar 2, 2022 @ 11:05
            [URL] => https://connect.pabbly.com/workflow/sendwebhookdata/IjI2OTc3OCI_3D
            [Duration] => 1.41842
            [Request] => Array
                (
                    [Method] => POST
                    [Headers] => Array
                        (
                            [User-Agent] => WooCommerce/6.2.0 Hookshot (WordPress/5.9.1)
                            [Content-Type] => application/json
                            [X-WC-Webhook-Source] => http://localhost/clgpro/
                            [X-WC-Webhook-Topic] => order.created
                            [X-WC-Webhook-Resource] => order
                            [X-WC-Webhook-Event] => created
                            [X-WC-Webhook-Signature] => UqvazhpL/ZvHmLG/fLm5izppp/2LR/fGWDakKH5f5bY=
                            [X-WC-Webhook-ID] => 2
                            [X-WC-Webhook-Delivery-ID] => c9b09b08c140fc806b7e60286700c7db
                        )

                )

            [Body] => Webhook body is not logged unless WP_DEBUG mode is turned on. This is to avoid the storing of personal data in the logs.
            [Response] => Array
                (
                    [Code] => 200
                    [Message] => OK
                    [Headers] => Requests_Utility_CaseInsensitiveDictionary Object
                        (
                            [data:protected] => Array
                                (
                                    [date] => Wed, 02 Mar 2022 11:05:05 GMT
                                    [content-type] => text/html; charset=UTF-8
                                    [set-cookie] => ci_connect_pabbly_sesion=f8sseurdbh664nupa50jkbkfhu7bpai5; expires=Wed, 02-Mar-2022 13:05:05 GMT; Max-Age=7200; path=/; HttpOnly
                                    [expires] => Thu, 19 Nov 1981 08:52:00 GMT
                                    [cache-control] => no-store, no-cache, must-revalidate
                                    [pragma] => no-cache
                                    [access-control-allow-origin] => *
                                    [access-control-allow-methods] => PUT, GET, POST, DELETE
                                    [access-control-allow-headers] => Content-Type, Content-Range, Content-Disposition, Content-Description
                                    [x-frame-options] => SAMEORIGIN
                                    [x-content-type-options] => nosniff
                                    [x-xss-protection] => 1; mode=block
                                    [strict-transport-security] => max-age=31536000
                                    [cf-cache-status] => DYNAMIC
                                    [expect-ct] => max-age=604800, report-uri="https://report-uri.cloudflare.com/cdn-cgi/beacon/expect-ct"
                                    [report-to] => {"endpoints":[{"url":"https:\/\/a.nel.cloudflare.com\/report\/v3?s=n%2BPZfeUGbOscXEYW2xe5t3o6WJDt0XPEX03K9fobNrHzWTG%2BLBHGUjoaOwf9O9o1FxSmIhS9ZltuSsCSXmW%2B%2BJ67ziGgzLGmDhVbK6ilILymv2w5IoqnIs8wLtU9re6OVIuQlQ%3D%3D"}],"group":"cf-nel","max_age":604800}
                                    [nel] => {"success_fraction":0,"report_to":"cf-nel","max_age":604800}
                                    [server] => cloudflare
                                    [cf-ray] => 6e59a7bcbadc6eb8-BOM
                                    [content-encoding] => gzip
                                )

                        )

                    [Body] => Webhook body is not logged unless WP_DEBUG mode is turned on. This is to avoid the storing of personal data in the logs.
                )

        )

)

2022-03-02T11:06:02+00:00 INFO Array
(
    [Webhook Delivery] => Array
        (
            [Delivery ID] => 676582cf17763120ce0f665d8d52457d
            [Date] => Mar 2, 2022 @ 11:06
            [URL] => https://connect.pabbly.com/workflow/sendwebhookdata/IjI2OTc3OCI_3D
            [Duration] => 0.63903
            [Request] => Array
                (
                    [Method] => POST
                    [Headers] => Array
                        (
                            [User-Agent] => WooCommerce/6.2.0 Hookshot (WordPress/5.9.1)
                            [Content-Type] => application/json
                            [X-WC-Webhook-Source] => http://localhost/clgpro/
                            [X-WC-Webhook-Topic] => order.created
                            [X-WC-Webhook-Resource] => order
                            [X-WC-Webhook-Event] => created
                            [X-WC-Webhook-Signature] => b8nLcemix+pynG6Wzwquj6SHo68PUrFcyzIwykvRzTM=
                            [X-WC-Webhook-ID] => 2
                            [X-WC-Webhook-Delivery-ID] => 676582cf17763120ce0f665d8d52457d
                        )

                )

            [Body] => Webhook body is not logged unless WP_DEBUG mode is turned on. This is to avoid the storing of personal data in the logs.
            [Response] => Array
                (
                    [Code] => 200
                    [Message] => OK
                    [Headers] => Requests_Utility_CaseInsensitiveDictionary Object
                        (
                            [data:protected] => Array
                                (
                                    [date] => Wed, 02 Mar 2022 11:06:02 GMT
                                    [content-type] => text/html; charset=UTF-8
                                    [set-cookie] => ci_connect_pabbly_sesion=kpivs8ijgnqd57obnlkusqi2la2a61om; expires=Wed, 02-Mar-2022 13:06:02 GMT; Max-Age=7200; path=/; HttpOnly
                                    [expires] => Thu, 19 Nov 1981 08:52:00 GMT
                                    [cache-control] => no-store, no-cache, must-revalidate
                                    [pragma] => no-cache
                                    [access-control-allow-origin] => *
                                    [access-control-allow-methods] => PUT, GET, POST, DELETE
                                    [access-control-allow-headers] => Content-Type, Content-Range, Content-Disposition, Content-Description
                                    [x-frame-options] => SAMEORIGIN
                                    [x-content-type-options] => nosniff
                                    [x-xss-protection] => 1; mode=block
                                    [strict-transport-security] => max-age=31536000
                                    [cf-cache-status] => DYNAMIC
                                    [expect-ct] => max-age=604800, report-uri="https://report-uri.cloudflare.com/cdn-cgi/beacon/expect-ct"
                                    [report-to] => {"endpoints":[{"url":"https:\/\/a.nel.cloudflare.com\/report\/v3?s=wfSI%2FMyybUqpnnRrtGlzJpjJpGtgIjsiokAYCI0Q0cUwqYPaefAwEkx1Q3jStP%2Buidp0ks%2Bcv5E2oI3egPKzd%2B2hPOLAn7lGoFzGnc0xBkn4pqwUqKUA7i2VkjvgV7gZ63LWNw%3D%3D"}],"group":"cf-nel","max_age":604800}
                                    [nel] => {"success_fraction":0,"report_to":"cf-nel","max_age":604800}
                                    [server] => cloudflare
                                    [cf-ray] => 6e59a923fab531dc-BOM
                                    [content-encoding] => gzip
                                )

                        )

                    [Body] => Webhook body is not logged unless WP_DEBUG mode is turned on. This is to avoid the storing of personal data in the logs.
                )

        )

)

2022-03-02T11:09:02+00:00 INFO Array
(
    [Webhook Delivery] => Array
        (
            [Delivery ID] => a5768f569ea3fe06464f74684a2852ed
            [Date] => Mar 2, 2022 @ 11:09
            [URL] => https://connect.pabbly.com/workflow/sendwebhookdata/IjI2OTc3OCI_3D
            [Duration] => 0.65199
            [Request] => Array
                (
                    [Method] => POST
                    [Headers] => Array
                        (
                            [User-Agent] => WooCommerce/6.2.0 Hookshot (WordPress/5.9.1)
                            [Content-Type] => application/json
                            [X-WC-Webhook-Source] => http://localhost/clgpro/
                            [X-WC-Webhook-Topic] => order.created
                            [X-WC-Webhook-Resource] => order
                            [X-WC-Webhook-Event] => created
                            [X-WC-Webhook-Signature] => 3SNILyYm3CWdJDNkJyav8kTYvnVrGBWrcJyiLqZ2I40=
                            [X-WC-Webhook-ID] => 2
                            [X-WC-Webhook-Delivery-ID] => a5768f569ea3fe06464f74684a2852ed
                        )

                )

            [Body] => Webhook body is not logged unless WP_DEBUG mode is turned on. This is to avoid the storing of personal data in the logs.
            [Response] => Array
                (
                    [Code] => 200
                    [Message] => OK
                    [Headers] => Requests_Utility_CaseInsensitiveDictionary Object
                        (
                            [data:protected] => Array
                                (
                                    [date] => Wed, 02 Mar 2022 11:09:02 GMT
                                    [content-type] => text/html; charset=UTF-8
                                    [set-cookie] => ci_connect_pabbly_sesion=i8ru1gssprukcsi6n3nmdu2o4mqlhl6i; expires=Wed, 02-Mar-2022 13:09:01 GMT; Max-Age=7200; path=/; HttpOnly
                                    [expires] => Thu, 19 Nov 1981 08:52:00 GMT
                                    [cache-control] => no-store, no-cache, must-revalidate
                                    [pragma] => no-cache
                                    [access-control-allow-origin] => *
                                    [access-control-allow-methods] => PUT, GET, POST, DELETE
                                    [access-control-allow-headers] => Content-Type, Content-Range, Content-Disposition, Content-Description
                                    [x-frame-options] => SAMEORIGIN
                                    [x-content-type-options] => nosniff
                                    [x-xss-protection] => 1; mode=block
                                    [strict-transport-security] => max-age=31536000
                                    [cf-cache-status] => DYNAMIC
                                    [expect-ct] => max-age=604800, report-uri="https://report-uri.cloudflare.com/cdn-cgi/beacon/expect-ct"
                                    [report-to] => {"endpoints":[{"url":"https:\/\/a.nel.cloudflare.com\/report\/v3?s=lezV%2Fjtiw4xC61y7ISvjKgJ9uqOMQ4yOE%2BKkr%2BXqILSvc6RL6UeSEc%2BH%2FkAuH4SjYIsqloSPWlvQlJ0Nwwa4OHP83AtW0ca6x78Vw4Dl2dTtzannlSZKbawd41LpFLnmuiwJ1Q%3D%3D"}],"group":"cf-nel","max_age":604800}
                                    [nel] => {"success_fraction":0,"report_to":"cf-nel","max_age":604800}
                                    [server] => cloudflare
                                    [cf-ray] => 6e59ad85ed106ebc-BOM
                                    [content-encoding] => gzip
                                )

                        )

                    [Body] => Webhook body is not logged unless WP_DEBUG mode is turned on. This is to avoid the storing of personal data in the logs.
                )

        )

)

2022-03-02T11:12:51+00:00 INFO Array
(
    [Webhook Delivery] => Array
        (
            [Delivery ID] => 0a8916859d9fe020b12213de8e885763
            [Date] => Mar 2, 2022 @ 11:12
            [URL] => https://connect.pabbly.com/workflow/sendwebhookdata/IjI2OTc3OCI_3D
            [Duration] => 0.81274
            [Request] => Array
                (
                    [Method] => POST
                    [Headers] => Array
                        (
                            [User-Agent] => WooCommerce/6.2.0 Hookshot (WordPress/5.9.1)
                            [Content-Type] => application/json
                            [X-WC-Webhook-Source] => http://localhost/clgpro/
                            [X-WC-Webhook-Topic] => order.created
                            [X-WC-Webhook-Resource] => order
                            [X-WC-Webhook-Event] => created
                            [X-WC-Webhook-Signature] => 1PSBPPHg8J2vGbNUQ7pNkyj0TesRoGYmtDDejvWNOAA=
                            [X-WC-Webhook-ID] => 2
                            [X-WC-Webhook-Delivery-ID] => 0a8916859d9fe020b12213de8e885763
                        )

                )

            [Body] => Webhook body is not logged unless WP_DEBUG mode is turned on. This is to avoid the storing of personal data in the logs.
            [Response] => Array
                (
                    [Code] => 200
                    [Message] => OK
                    [Headers] => Requests_Utility_CaseInsensitiveDictionary Object
                        (
                            [data:protected] => Array
                                (
                                    [date] => Wed, 02 Mar 2022 11:12:51 GMT
                                    [content-type] => text/html; charset=UTF-8
                                    [set-cookie] => ci_connect_pabbly_sesion=vhjs9ha6ha4kb9aleohsphln1ar7dib6; expires=Wed, 02-Mar-2022 13:12:51 GMT; Max-Age=7200; path=/; HttpOnly
                                    [expires] => Thu, 19 Nov 1981 08:52:00 GMT
                                    [cache-control] => no-store, no-cache, must-revalidate
                                    [pragma] => no-cache
                                    [access-control-allow-origin] => *
                                    [access-control-allow-methods] => PUT, GET, POST, DELETE
                                    [access-control-allow-headers] => Content-Type, Content-Range, Content-Disposition, Content-Description
                                    [x-frame-options] => SAMEORIGIN
                                    [x-content-type-options] => nosniff
                                    [x-xss-protection] => 1; mode=block
                                    [strict-transport-security] => max-age=31536000
                                    [cf-cache-status] => DYNAMIC
                                    [expect-ct] => max-age=604800, report-uri="https://report-uri.cloudflare.com/cdn-cgi/beacon/expect-ct"
                                    [report-to] => {"endpoints":[{"url":"https:\/\/a.nel.cloudflare.com\/report\/v3?s=e9h4AYrIsj%2BAH9tDRJLVB2sNR4%2FZC2hNp6DmvgS3fPGrJUMkK66BWyBQw5DaGU10GGgW%2FRTEZ6dUSafzm7V6DqcDuxZwX1pGWRYXxIjLdvnJHfBBMyYQI3FsxHRncjREIVwWPw%3D%3D"}],"group":"cf-nel","max_age":604800}
                                    [nel] => {"success_fraction":0,"report_to":"cf-nel","max_age":604800}
                                    [server] => cloudflare
                                    [cf-ray] => 6e59b31f189b8471-BOM
                                    [content-encoding] => gzip
                                )

                        )

                    [Body] => Webhook body is not logged unless WP_DEBUG mode is turned on. This is to avoid the storing of personal data in the logs.
                )

        )

)

2022-03-02T11:15:05+00:00 INFO Array
(
    [Webhook Delivery] => Array
        (
            [Delivery ID] => 82a6eb20b6be91e27647e6e98871cefe
            [Date] => Mar 2, 2022 @ 11:15
            [URL] => https://connect.pabbly.com/workflow/sendwebhookdata/IjI2OTc3OCI_3D
            [Duration] => 0.97104
            [Request] => Array
                (
                    [Method] => POST
                    [Headers] => Array
                        (
                            [User-Agent] => WooCommerce/6.2.0 Hookshot (WordPress/5.9.1)
                            [Content-Type] => application/json
                            [X-WC-Webhook-Source] => http://localhost/clgpro/
                            [X-WC-Webhook-Topic] => order.created
                            [X-WC-Webhook-Resource] => order
                            [X-WC-Webhook-Event] => created
                            [X-WC-Webhook-Signature] => un/uF9OAgqzc3yn8b/pz37feCxPTLiheJp4zhjfq6OA=
                            [X-WC-Webhook-ID] => 2
                            [X-WC-Webhook-Delivery-ID] => 82a6eb20b6be91e27647e6e98871cefe
                        )

                )

            [Body] => Webhook body is not logged unless WP_DEBUG mode is turned on. This is to avoid the storing of personal data in the logs.
            [Response] => Array
                (
                    [Code] => 200
                    [Message] => OK
                    [Headers] => Requests_Utility_CaseInsensitiveDictionary Object
                        (
                            [data:protected] => Array
                                (
                                    [date] => Wed, 02 Mar 2022 11:15:05 GMT
                                    [content-type] => text/html; charset=UTF-8
                                    [set-cookie] => ci_connect_pabbly_sesion=4unfpe43ci5q0or48mt6odtelds9eoku; expires=Wed, 02-Mar-2022 13:15:04 GMT; Max-Age=7200; path=/; HttpOnly
                                    [expires] => Thu, 19 Nov 1981 08:52:00 GMT
                                    [cache-control] => no-store, no-cache, must-revalidate
                                    [pragma] => no-cache
                                    [access-control-allow-origin] => *
                                    [access-control-allow-methods] => PUT, GET, POST, DELETE
                                    [access-control-allow-headers] => Content-Type, Content-Range, Content-Disposition, Content-Description
                                    [x-frame-options] => SAMEORIGIN
                                    [x-content-type-options] => nosniff
                                    [x-xss-protection] => 1; mode=block
                                    [strict-transport-security] => max-age=31536000
                                    [cf-cache-status] => DYNAMIC
                                    [expect-ct] => max-age=604800, report-uri="https://report-uri.cloudflare.com/cdn-cgi/beacon/expect-ct"
                                    [report-to] => {"endpoints":[{"url":"https:\/\/a.nel.cloudflare.com\/report\/v3?s=%2FmFCKY6i4mNFM%2FIbzRFTEnGkJ8Mhxq35eBF0nkFlF8X5fr87GL7E9oArBuL3%2FleXVjTGSZWOTAqc6Arrn8a37Kjffkmb8yzsAgOaXCRpxzW%2F0UY%2B1rj0tH4livUB7dHq96Yutw%3D%3D"}],"group":"cf-nel","max_age":604800}
                                    [nel] => {"success_fraction":0,"report_to":"cf-nel","max_age":604800}
                                    [server] => cloudflare
                                    [cf-ray] => 6e59b66119246ebf-BOM
                                    [content-encoding] => gzip
                                )

                        )

                    [Body] => Webhook body is not logged unless WP_DEBUG mode is turned on. This is to avoid the storing of personal data in the logs.
                )

        )

)

2022-03-02T11:24:03+00:00 INFO Array
(
    [Webhook Delivery] => Array
        (
            [Delivery ID] => baf7f626ddbf235c5f55efbf3292669d
            [Date] => Mar 2, 2022 @ 11:24
            [URL] => https://connect.pabbly.com/workflow/sendwebhookdata/IjI2OTc3OCI_3D
            [Duration] => 0.74432
            [Request] => Array
                (
                    [Method] => POST
                    [Headers] => Array
                        (
                            [User-Agent] => WooCommerce/6.2.0 Hookshot (WordPress/5.9.1)
                            [Content-Type] => application/json
                            [X-WC-Webhook-Source] => http://localhost/clgpro/
                            [X-WC-Webhook-Topic] => order.created
                            [X-WC-Webhook-Resource] => order
                            [X-WC-Webhook-Event] => created
                            [X-WC-Webhook-Signature] => qFAstxqIWc509KFWAzRma6Deg+KxNiFvDKtR4XzAtDU=
                            [X-WC-Webhook-ID] => 2
                            [X-WC-Webhook-Delivery-ID] => baf7f626ddbf235c5f55efbf3292669d
                        )

                )

            [Body] => Webhook body is not logged unless WP_DEBUG mode is turned on. This is to avoid the storing of personal data in the logs.
            [Response] => Array
                (
                    [Code] => 200
                    [Message] => OK
                    [Headers] => Requests_Utility_CaseInsensitiveDictionary Object
                        (
                            [data:protected] => Array
                                (
                                    [date] => Wed, 02 Mar 2022 11:24:03 GMT
                                    [content-type] => text/html; charset=UTF-8
                                    [set-cookie] => ci_connect_pabbly_sesion=6u1env37kt0jteb1jdifd5l8d90upuri; expires=Wed, 02-Mar-2022 13:24:03 GMT; Max-Age=7200; path=/; HttpOnly
                                    [expires] => Thu, 19 Nov 1981 08:52:00 GMT
                                    [cache-control] => no-store, no-cache, must-revalidate
                                    [pragma] => no-cache
                                    [access-control-allow-origin] => *
                                    [access-control-allow-methods] => PUT, GET, POST, DELETE
                                    [access-control-allow-headers] => Content-Type, Content-Range, Content-Disposition, Content-Description
                                    [x-frame-options] => SAMEORIGIN
                                    [x-content-type-options] => nosniff
                                    [x-xss-protection] => 1; mode=block
                                    [strict-transport-security] => max-age=31536000
                                    [cf-cache-status] => DYNAMIC
                                    [expect-ct] => max-age=604800, report-uri="https://report-uri.cloudflare.com/cdn-cgi/beacon/expect-ct"
                                    [report-to] => {"endpoints":[{"url":"https:\/\/a.nel.cloudflare.com\/report\/v3?s=vO88kgBpi0D7bIXGxgbP04cLuxPsaetdDEdQSSi50Ia2cgnoER%2FW3KLbGV7d0kU%2F2LSzHNKhomc9Hcv2uSNyp0aJD20uLyaOzMXK5uO%2BapWnz4SSuHuxdIWHNgj5ozEm%2BQUG1Q%3D%3D"}],"group":"cf-nel","max_age":604800}
                                    [nel] => {"success_fraction":0,"report_to":"cf-nel","max_age":604800}
                                    [server] => cloudflare
                                    [cf-ray] => 6e59c386b86885b4-BOM
                                    [content-encoding] => gzip
                                )

                        )

                    [Body] => Webhook body is not logged unless WP_DEBUG mode is turned on. This is to avoid the storing of personal data in the logs.
                )

        )

)

2022-03-02T11:26:06+00:00 INFO Array
(
    [Webhook Delivery] => Array
        (
            [Delivery ID] => c3272721f2333de5ef0ea3a67780fb4e
            [Date] => Mar 2, 2022 @ 11:26
            [URL] => https://connect.pabbly.com/workflow/sendwebhookdata/IjI2OTc3OCI_3D
            [Duration] => 1.15065
            [Request] => Array
                (
                    [Method] => POST
                    [Headers] => Array
                        (
                            [User-Agent] => WooCommerce/6.2.0 Hookshot (WordPress/5.9.1)
                            [Content-Type] => application/json
                            [X-WC-Webhook-Source] => http://localhost/clgpro/
                            [X-WC-Webhook-Topic] => order.created
                            [X-WC-Webhook-Resource] => order
                            [X-WC-Webhook-Event] => created
                            [X-WC-Webhook-Signature] => Xv4m3lxBU6duES6spHA2hFbHQudqv7ocmkC0okXoyZ0=
                            [X-WC-Webhook-ID] => 2
                            [X-WC-Webhook-Delivery-ID] => c3272721f2333de5ef0ea3a67780fb4e
                        )

                )

            [Body] => Webhook body is not logged unless WP_DEBUG mode is turned on. This is to avoid the storing of personal data in the logs.
            [Response] => Array
                (
                    [Code] => 200
                    [Message] => OK
                    [Headers] => Requests_Utility_CaseInsensitiveDictionary Object
                        (
                            [data:protected] => Array
                                (
                                    [date] => Wed, 02 Mar 2022 11:26:06 GMT
                                    [content-type] => text/html; charset=UTF-8
                                    [set-cookie] => ci_connect_pabbly_sesion=gsikaicq0n5rba471a7012o4cjmd8kbo; expires=Wed, 02-Mar-2022 13:26:05 GMT; Max-Age=7200; path=/; HttpOnly
                                    [expires] => Thu, 19 Nov 1981 08:52:00 GMT
                                    [cache-control] => no-store, no-cache, must-revalidate
                                    [pragma] => no-cache
                                    [access-control-allow-origin] => *
                                    [access-control-allow-methods] => PUT, GET, POST, DELETE
                                    [access-control-allow-headers] => Content-Type, Content-Range, Content-Disposition, Content-Description
                                    [x-frame-options] => SAMEORIGIN
                                    [x-content-type-options] => nosniff
                                    [x-xss-protection] => 1; mode=block
                                    [strict-transport-security] => max-age=31536000
                                    [cf-cache-status] => DYNAMIC
                                    [expect-ct] => max-age=604800, report-uri="https://report-uri.cloudflare.com/cdn-cgi/beacon/expect-ct"
                                    [report-to] => {"endpoints":[{"url":"https:\/\/a.nel.cloudflare.com\/report\/v3?s=QWb84HFSVjveouZi8x5XldZXUPpWIrSRDHPsGHBdizUN9%2BkOi8N3IMsbbjmkmNqqZs952adxEXubsNKL%2FTpaeQoX2L8lRHHSeMsQ3p7jyW5lCSJlFZyg8kc5zOUZ9Jj6f0ePxw%3D%3D"}],"group":"cf-nel","max_age":604800}
                                    [nel] => {"success_fraction":0,"report_to":"cf-nel","max_age":604800}
                                    [server] => cloudflare
                                    [cf-ray] => 6e59c682fa4e2e83-BOM
                                    [content-encoding] => gzip
                                )

                        )

                    [Body] => Webhook body is not logged unless WP_DEBUG mode is turned on. This is to avoid the storing of personal data in the logs.
                )

        )

)

2022-03-02T11:32:56+00:00 INFO Array
(
    [Webhook Delivery] => Array
        (
            [Delivery ID] => a851ba0037f5ceaaa62f7c2fc20aaab2
            [Date] => Mar 2, 2022 @ 11:32
            [URL] => https://connect.pabbly.com/workflow/sendwebhookdata/IjI2OTc3OCI_3D
            [Duration] => 0.7317
            [Request] => Array
                (
                    [Method] => POST
                    [Headers] => Array
                        (
                            [User-Agent] => WooCommerce/6.2.0 Hookshot (WordPress/5.9.1)
                            [Content-Type] => application/json
                            [X-WC-Webhook-Source] => http://localhost/clgpro/
                            [X-WC-Webhook-Topic] => order.created
                            [X-WC-Webhook-Resource] => order
                            [X-WC-Webhook-Event] => created
                            [X-WC-Webhook-Signature] => L/VrHQPH6P7wtZ5HpNxgm/txgnUfeWb+ZVyIAhKoPf4=
                            [X-WC-Webhook-ID] => 2
                            [X-WC-Webhook-Delivery-ID] => a851ba0037f5ceaaa62f7c2fc20aaab2
                        )

                )

            [Body] => Webhook body is not logged unless WP_DEBUG mode is turned on. This is to avoid the storing of personal data in the logs.
            [Response] => Array
                (
                    [Code] => 200
                    [Message] => OK
                    [Headers] => Requests_Utility_CaseInsensitiveDictionary Object
                        (
                            [data:protected] => Array
                                (
                                    [date] => Wed, 02 Mar 2022 11:32:56 GMT
                                    [content-type] => text/html; charset=UTF-8
                                    [set-cookie] => ci_connect_pabbly_sesion=rqmorjutscqjtra543rdmfua6vcglb1g; expires=Wed, 02-Mar-2022 13:32:56 GMT; Max-Age=7200; path=/; HttpOnly
                                    [expires] => Thu, 19 Nov 1981 08:52:00 GMT
                                    [cache-control] => no-store, no-cache, must-revalidate
                                    [pragma] => no-cache
                                    [access-control-allow-origin] => *
                                    [access-control-allow-methods] => PUT, GET, POST, DELETE
                                    [access-control-allow-headers] => Content-Type, Content-Range, Content-Disposition, Content-Description
                                    [x-frame-options] => SAMEORIGIN
                                    [x-content-type-options] => nosniff
                                    [x-xss-protection] => 1; mode=block
                                    [strict-transport-security] => max-age=31536000
                                    [cf-cache-status] => DYNAMIC
                                    [expect-ct] => max-age=604800, report-uri="https://report-uri.cloudflare.com/cdn-cgi/beacon/expect-ct"
                                    [report-to] => {"endpoints":[{"url":"https:\/\/a.nel.cloudflare.com\/report\/v3?s=GNx%2FYkti9GLZmThP2uACQx2HxSDdNqfIeIVBV3ODhpBsSOlUMYLUdKJ1DU4wZ2pH3Cf0X5%2FP7DyRTSQSNnUBLWGAVkT%2FdYY%2FMoncj2w%2BwjecNwwi6qcDCasEkWR6DybpfhU5Eg%3D%3D"}],"group":"cf-nel","max_age":604800}
                                    [nel] => {"success_fraction":0,"report_to":"cf-nel","max_age":604800}
                                    [server] => cloudflare
                                    [cf-ray] => 6e59d08c4b4a85e4-BOM
                                    [content-encoding] => gzip
                                )

                        )

                    [Body] => Webhook body is not logged unless WP_DEBUG mode is turned on. This is to avoid the storing of personal data in the logs.
                )

        )

)

2022-03-02T11:37:09+00:00 INFO Array
(
    [Webhook Delivery] => Array
        (
            [Delivery ID] => 263ca9e2918828dde1d2a268e9274f18
            [Date] => Mar 2, 2022 @ 11:37
            [URL] => https://connect.pabbly.com/workflow/sendwebhookdata/IjI2OTc3OCI_3D
            [Duration] => 0.66923
            [Request] => Array
                (
                    [Method] => POST
                    [Headers] => Array
                        (
                            [User-Agent] => WooCommerce/6.2.0 Hookshot (WordPress/5.9.1)
                            [Content-Type] => application/json
                            [X-WC-Webhook-Source] => http://localhost/clgpro/
                            [X-WC-Webhook-Topic] => order.created
                            [X-WC-Webhook-Resource] => order
                            [X-WC-Webhook-Event] => created
                            [X-WC-Webhook-Signature] => wKXGVZajCsqr9mXiVXgrymJY/IhiO2ONa27w12trLes=
                            [X-WC-Webhook-ID] => 2
                            [X-WC-Webhook-Delivery-ID] => 263ca9e2918828dde1d2a268e9274f18
                        )

                )

            [Body] => Webhook body is not logged unless WP_DEBUG mode is turned on. This is to avoid the storing of personal data in the logs.
            [Response] => Array
                (
                    [Code] => 200
                    [Message] => OK
                    [Headers] => Requests_Utility_CaseInsensitiveDictionary Object
                        (
                            [data:protected] => Array
                                (
                                    [date] => Wed, 02 Mar 2022 11:37:09 GMT
                                    [content-type] => text/html; charset=UTF-8
                                    [set-cookie] => ci_connect_pabbly_sesion=ise3r8dql1kdjg3spkqeb3jedv7vvgd0; expires=Wed, 02-Mar-2022 13:37:08 GMT; Max-Age=7200; path=/; HttpOnly
                                    [expires] => Thu, 19 Nov 1981 08:52:00 GMT
                                    [cache-control] => no-store, no-cache, must-revalidate
                                    [pragma] => no-cache
                                    [access-control-allow-origin] => *
                                    [access-control-allow-methods] => PUT, GET, POST, DELETE
                                    [access-control-allow-headers] => Content-Type, Content-Range, Content-Disposition, Content-Description
                                    [x-frame-options] => SAMEORIGIN
                                    [x-content-type-options] => nosniff
                                    [x-xss-protection] => 1; mode=block
                                    [strict-transport-security] => max-age=31536000
                                    [cf-cache-status] => DYNAMIC
                                    [expect-ct] => max-age=604800, report-uri="https://report-uri.cloudflare.com/cdn-cgi/beacon/expect-ct"
                                    [report-to] => {"endpoints":[{"url":"https:\/\/a.nel.cloudflare.com\/report\/v3?s=5wfSuHlP3qsMGgaBPbmr%2BsaSAXoOC8zIi1YFVbHXZvLXZKU6TZgpP1awbwT7L6Xlyb71hBdsf6QSW3Dikx9pv6wsxGgUGICUoixoyjKsg4dUc1%2F9MZok6T4BFHiMxf87thMPBw%3D%3D"}],"group":"cf-nel","max_age":604800}
                                    [nel] => {"success_fraction":0,"report_to":"cf-nel","max_age":604800}
                                    [server] => cloudflare
                                    [cf-ray] => 6e59d6b5fd298471-BOM
                                    [content-encoding] => gzip
                                )

                        )

                    [Body] => Webhook body is not logged unless WP_DEBUG mode is turned on. This is to avoid the storing of personal data in the logs.
                )

        )

)

2022-03-02T11:40:17+00:00 INFO Array
(
    [Webhook Delivery] => Array
        (
            [Delivery ID] => a51dc1211e0e8f0d5e3a7e28768c9b84
            [Date] => Mar 2, 2022 @ 11:40
            [URL] => https://connect.pabbly.com/workflow/sendwebhookdata/IjI2OTc3OCI_3D
            [Duration] => 0.80625
            [Request] => Array
                (
                    [Method] => POST
                    [Headers] => Array
                        (
                            [User-Agent] => WooCommerce/6.2.0 Hookshot (WordPress/5.9.1)
                            [Content-Type] => application/json
                            [X-WC-Webhook-Source] => http://localhost/clgpro/
                            [X-WC-Webhook-Topic] => order.created
                            [X-WC-Webhook-Resource] => order
                            [X-WC-Webhook-Event] => created
                            [X-WC-Webhook-Signature] => 8s5mNYb4zqmNZXE92ixnqQLTt8jOximp6xwEQ4v5a6k=
                            [X-WC-Webhook-ID] => 2
                            [X-WC-Webhook-Delivery-ID] => a51dc1211e0e8f0d5e3a7e28768c9b84
                        )

                )

            [Body] => Webhook body is not logged unless WP_DEBUG mode is turned on. This is to avoid the storing of personal data in the logs.
            [Response] => Array
                (
                    [Code] => 200
                    [Message] => OK
                    [Headers] => Requests_Utility_CaseInsensitiveDictionary Object
                        (
                            [data:protected] => Array
                                (
                                    [date] => Wed, 02 Mar 2022 11:40:17 GMT
                                    [content-type] => text/html; charset=UTF-8
                                    [set-cookie] => ci_connect_pabbly_sesion=ij21pnv15qo3ul9ue2reuhf931vgrpdh; expires=Wed, 02-Mar-2022 13:40:17 GMT; Max-Age=7200; path=/; HttpOnly
                                    [expires] => Thu, 19 Nov 1981 08:52:00 GMT
                                    [cache-control] => no-store, no-cache, must-revalidate
                                    [pragma] => no-cache
                                    [access-control-allow-origin] => *
                                    [access-control-allow-methods] => PUT, GET, POST, DELETE
                                    [access-control-allow-headers] => Content-Type, Content-Range, Content-Disposition, Content-Description
                                    [x-frame-options] => SAMEORIGIN
                                    [x-content-type-options] => nosniff
                                    [x-xss-protection] => 1; mode=block
                                    [strict-transport-security] => max-age=31536000
                                    [cf-cache-status] => DYNAMIC
                                    [expect-ct] => max-age=604800, report-uri="https://report-uri.cloudflare.com/cdn-cgi/beacon/expect-ct"
                                    [report-to] => {"endpoints":[{"url":"https:\/\/a.nel.cloudflare.com\/report\/v3?s=7wXQUQSnZKkTxdofpCivctMJZYTOyfW1fStg4PJ%2BRMbOO7RrMmdBxgnxWx8Ae6VG0%2Fa4sV6As6DxwgRUKrG3hdQ5RaSxSjPiole5Z2bzZ8I6r%2BzDM%2F1ijATSP3F1MpfeOdfglw%3D%3D"}],"group":"cf-nel","max_age":604800}
                                    [nel] => {"success_fraction":0,"report_to":"cf-nel","max_age":604800}
                                    [server] => cloudflare
                                    [cf-ray] => 6e59db4d78432e2f-BOM
                                    [content-encoding] => gzip
                                )

                        )

                    [Body] => Webhook body is not logged unless WP_DEBUG mode is turned on. This is to avoid the storing of personal data in the logs.
                )

        )

)

2022-03-02T11:45:10+00:00 INFO Array
(
    [Webhook Delivery] => Array
        (
            [Delivery ID] => 920dbf3465daf8a3a4de1db64eccbe20
            [Date] => Mar 2, 2022 @ 11:45
            [URL] => https://connect.pabbly.com/workflow/sendwebhookdata/IjI2OTc3OCI_3D
            [Duration] => 1.15097
            [Request] => Array
                (
                    [Method] => POST
                    [Headers] => Array
                        (
                            [User-Agent] => WooCommerce/6.2.0 Hookshot (WordPress/5.9.1)
                            [Content-Type] => application/json
                            [X-WC-Webhook-Source] => http://localhost/clgpro/
                            [X-WC-Webhook-Topic] => order.created
                            [X-WC-Webhook-Resource] => order
                            [X-WC-Webhook-Event] => created
                            [X-WC-Webhook-Signature] => 9ZA63Ia62u0DRJ2fgRsLaGR7ObIZW6kyp1Kw/eIbO9M=
                            [X-WC-Webhook-ID] => 2
                            [X-WC-Webhook-Delivery-ID] => 920dbf3465daf8a3a4de1db64eccbe20
                        )

                )

            [Body] => Webhook body is not logged unless WP_DEBUG mode is turned on. This is to avoid the storing of personal data in the logs.
            [Response] => Array
                (
                    [Code] => 200
                    [Message] => OK
                    [Headers] => Requests_Utility_CaseInsensitiveDictionary Object
                        (
                            [data:protected] => Array
                                (
                                    [date] => Wed, 02 Mar 2022 11:45:10 GMT
                                    [content-type] => text/html; charset=UTF-8
                                    [set-cookie] => ci_connect_pabbly_sesion=ovdp40ju9r5e80nno6148ufkfp91ttoa; expires=Wed, 02-Mar-2022 13:45:10 GMT; Max-Age=7200; path=/; HttpOnly
                                    [expires] => Thu, 19 Nov 1981 08:52:00 GMT
                                    [cache-control] => no-store, no-cache, must-revalidate
                                    [pragma] => no-cache
                                    [access-control-allow-origin] => *
                                    [access-control-allow-methods] => PUT, GET, POST, DELETE
                                    [access-control-allow-headers] => Content-Type, Content-Range, Content-Disposition, Content-Description
                                    [x-frame-options] => SAMEORIGIN
                                    [x-content-type-options] => nosniff
                                    [x-xss-protection] => 1; mode=block
                                    [strict-transport-security] => max-age=31536000
                                    [cf-cache-status] => DYNAMIC
                                    [expect-ct] => max-age=604800, report-uri="https://report-uri.cloudflare.com/cdn-cgi/beacon/expect-ct"
                                    [report-to] => {"endpoints":[{"url":"https:\/\/a.nel.cloudflare.com\/report\/v3?s=gg%2BCsLga3wi62spai%2BT8zgCypuIrA%2BzNugGHEPBBiK0R8fWSWi4%2FVB9e58Azt%2FS5KVOX719S92D8ew5MUbq8MS26vdgQF7U2GZdEmr3APXEHKfMw77lHmgmd3Ix7d8bQfLUc7w%3D%3D"}],"group":"cf-nel","max_age":604800}
                                    [nel] => {"success_fraction":0,"report_to":"cf-nel","max_age":604800}
                                    [server] => cloudflare
                                    [cf-ray] => 6e59e2746e072e32-BOM
                                    [content-encoding] => gzip
                                )

                        )

                    [Body] => Webhook body is not logged unless WP_DEBUG mode is turned on. This is to avoid the storing of personal data in the logs.
                )

        )

)

2022-03-02T11:49:05+00:00 INFO Array
(
    [Webhook Delivery] => Array
        (
            [Delivery ID] => 1ad046e0841f86652b9d5e9ab31e06c6
            [Date] => Mar 2, 2022 @ 11:49
            [URL] => https://connect.pabbly.com/workflow/sendwebhookdata/IjI2OTc3OCI_3D
            [Duration] => 2.12962
            [Request] => Array
                (
                    [Method] => POST
                    [Headers] => Array
                        (
                            [User-Agent] => WooCommerce/6.2.0 Hookshot (WordPress/5.9.1)
                            [Content-Type] => application/json
                            [X-WC-Webhook-Source] => http://localhost/clgpro/
                            [X-WC-Webhook-Topic] => order.created
                            [X-WC-Webhook-Resource] => order
                            [X-WC-Webhook-Event] => created
                            [X-WC-Webhook-Signature] => Lg+SCE+FDmdFoaC1pskdQwTIiDNZS/3zp2rIgwLU8f0=
                            [X-WC-Webhook-ID] => 2
                            [X-WC-Webhook-Delivery-ID] => 1ad046e0841f86652b9d5e9ab31e06c6
                        )

                )

            [Body] => Webhook body is not logged unless WP_DEBUG mode is turned on. This is to avoid the storing of personal data in the logs.
            [Response] => Array
                (
                    [Code] => 200
                    [Message] => OK
                    [Headers] => Requests_Utility_CaseInsensitiveDictionary Object
                        (
                            [data:protected] => Array
                                (
                                    [date] => Wed, 02 Mar 2022 11:49:05 GMT
                                    [content-type] => text/html; charset=UTF-8
                                    [set-cookie] => ci_connect_pabbly_sesion=b20s0vtiu5il6pjp6thogeq8496v6dan; expires=Wed, 02-Mar-2022 13:49:04 GMT; Max-Age=7200; path=/; HttpOnly
                                    [expires] => Thu, 19 Nov 1981 08:52:00 GMT
                                    [cache-control] => no-store, no-cache, must-revalidate
                                    [pragma] => no-cache
                                    [access-control-allow-origin] => *
                                    [access-control-allow-methods] => PUT, GET, POST, DELETE
                                    [access-control-allow-headers] => Content-Type, Content-Range, Content-Disposition, Content-Description
                                    [x-frame-options] => SAMEORIGIN
                                    [x-content-type-options] => nosniff
                                    [x-xss-protection] => 1; mode=block
                                    [strict-transport-security] => max-age=31536000
                                    [cf-cache-status] => DYNAMIC
                                    [expect-ct] => max-age=604800, report-uri="https://report-uri.cloudflare.com/cdn-cgi/beacon/expect-ct"
                                    [report-to] => {"endpoints":[{"url":"https:\/\/a.nel.cloudflare.com\/report\/v3?s=Y2K4lEDG%2F3EAm788H9FpuJMmsbary%2BU8CDaX9%2B0vc9O%2BhIM6Ox4bwldBp3l2uJOAgS0MZWhsJMjLv5HYUOIgTLkkJvkeExsEOWjITS0I0nRxOnx5gpAfJnCr5F85ZaGWxM59tQ%3D%3D"}],"group":"cf-nel","max_age":604800}
                                    [nel] => {"success_fraction":0,"report_to":"cf-nel","max_age":604800}
                                    [server] => cloudflare
                                    [cf-ray] => 6e59e830cc0585c0-BOM
                                    [content-encoding] => gzip
                                )

                        )

                    [Body] => Webhook body is not logged unless WP_DEBUG mode is turned on. This is to avoid the storing of personal data in the logs.
                )

        )

)

2022-03-02T12:09:01+00:00 INFO Array
(
    [Webhook Delivery] => Array
        (
            [Delivery ID] => 6a7e08c128ae11d9883efd1b24ce5d3f
            [Date] => Mar 2, 2022 @ 12:09
            [URL] => https://connect.pabbly.com/workflow/sendwebhookdata/IjI2OTc3OCI_3D
            [Duration] => 0.78257
            [Request] => Array
                (
                    [Method] => POST
                    [Headers] => Array
                        (
                            [User-Agent] => WooCommerce/6.2.0 Hookshot (WordPress/5.9.1)
                            [Content-Type] => application/json
                            [X-WC-Webhook-Source] => http://localhost/clgpro/
                            [X-WC-Webhook-Topic] => order.created
                            [X-WC-Webhook-Resource] => order
                            [X-WC-Webhook-Event] => created
                            [X-WC-Webhook-Signature] => 7jZGrhkdt/kp7Ihxjf8wb4aySIaxrBA6C4ui4Trt86o=
                            [X-WC-Webhook-ID] => 2
                            [X-WC-Webhook-Delivery-ID] => 6a7e08c128ae11d9883efd1b24ce5d3f
                        )

                )

            [Body] => Webhook body is not logged unless WP_DEBUG mode is turned on. This is to avoid the storing of personal data in the logs.
            [Response] => Array
                (
                    [Code] => 200
                    [Message] => OK
                    [Headers] => Requests_Utility_CaseInsensitiveDictionary Object
                        (
                            [data:protected] => Array
                                (
                                    [date] => Wed, 02 Mar 2022 12:09:01 GMT
                                    [content-type] => text/html; charset=UTF-8
                                    [set-cookie] => ci_connect_pabbly_sesion=kurm1ds0fq4nrcn60ni0ld11b9966ei6; expires=Wed, 02-Mar-2022 14:09:01 GMT; Max-Age=7200; path=/; HttpOnly
                                    [expires] => Thu, 19 Nov 1981 08:52:00 GMT
                                    [cache-control] => no-store, no-cache, must-revalidate
                                    [pragma] => no-cache
                                    [access-control-allow-origin] => *
                                    [access-control-allow-methods] => PUT, GET, POST, DELETE
                                    [access-control-allow-headers] => Content-Type, Content-Range, Content-Disposition, Content-Description
                                    [x-frame-options] => SAMEORIGIN
                                    [x-content-type-options] => nosniff
                                    [x-xss-protection] => 1; mode=block
                                    [strict-transport-security] => max-age=31536000
                                    [cf-cache-status] => DYNAMIC
                                    [expect-ct] => max-age=604800, report-uri="https://report-uri.cloudflare.com/cdn-cgi/beacon/expect-ct"
                                    [report-to] => {"endpoints":[{"url":"https:\/\/a.nel.cloudflare.com\/report\/v3?s=7tDct72mAQIGBRBCN%2FoOgTChYMXpehsqbTFyUo%2BcKwU7l0i8l9Re10AARj7lU8CE9YrVvYBgBt0qUSVGPM3FNwjs2cWOFhbcl%2F1KtNX0QvF%2ByuxUa1GJns6gLyjoLdjAhpjsWw%3D%3D"}],"group":"cf-nel","max_age":604800}
                                    [nel] => {"success_fraction":0,"report_to":"cf-nel","max_age":604800}
                                    [server] => cloudflare
                                    [cf-ray] => 6e5a05673f13861b-BOM
                                    [content-encoding] => gzip
                                )

                        )

                    [Body] => Webhook body is not logged unless WP_DEBUG mode is turned on. This is to avoid the storing of personal data in the logs.
                )

        )

)

2022-03-02T12:19:58+00:00 INFO Array
(
    [Webhook Delivery] => Array
        (
            [Delivery ID] => b043c7e55d135fa45c8f3db4931c6dc5
            [Date] => Mar 2, 2022 @ 12:19
            [URL] => https://connect.pabbly.com/workflow/sendwebhookdata/IjI2OTc3OCI_3D
            [Duration] => 1.31305
            [Request] => Array
                (
                    [Method] => POST
                    [Headers] => Array
                        (
                            [User-Agent] => WooCommerce/6.2.0 Hookshot (WordPress/5.9.1)
                            [Content-Type] => application/json
                            [X-WC-Webhook-Source] => http://localhost/clgpro/
                            [X-WC-Webhook-Topic] => order.created
                            [X-WC-Webhook-Resource] => order
                            [X-WC-Webhook-Event] => created
                            [X-WC-Webhook-Signature] => ykhoX6e5iHi9lQWTRiqlA45vFPaVbrZndeFmHyWOcT0=
                            [X-WC-Webhook-ID] => 2
                            [X-WC-Webhook-Delivery-ID] => b043c7e55d135fa45c8f3db4931c6dc5
                        )

                )

            [Body] => Webhook body is not logged unless WP_DEBUG mode is turned on. This is to avoid the storing of personal data in the logs.
            [Response] => Array
                (
                    [Code] => 200
                    [Message] => OK
                    [Headers] => Requests_Utility_CaseInsensitiveDictionary Object
                        (
                            [data:protected] => Array
                                (
                                    [date] => Wed, 02 Mar 2022 12:19:58 GMT
                                    [content-type] => text/html; charset=UTF-8
                                    [set-cookie] => ci_connect_pabbly_sesion=7e0kc0v0p8vj029gjd107d6b5ctc5m41; expires=Wed, 02-Mar-2022 14:19:58 GMT; Max-Age=7200; path=/; HttpOnly
                                    [expires] => Thu, 19 Nov 1981 08:52:00 GMT
                                    [cache-control] => no-store, no-cache, must-revalidate
                                    [pragma] => no-cache
                                    [access-control-allow-origin] => *
                                    [access-control-allow-methods] => PUT, GET, POST, DELETE
                                    [access-control-allow-headers] => Content-Type, Content-Range, Content-Disposition, Content-Description
                                    [x-frame-options] => SAMEORIGIN
                                    [x-content-type-options] => nosniff
                                    [x-xss-protection] => 1; mode=block
                                    [strict-transport-security] => max-age=31536000
                                    [cf-cache-status] => DYNAMIC
                                    [expect-ct] => max-age=604800, report-uri="https://report-uri.cloudflare.com/cdn-cgi/beacon/expect-ct"
                                    [report-to] => {"endpoints":[{"url":"https:\/\/a.nel.cloudflare.com\/report\/v3?s=eLUrs46xutQnD%2BzlY%2FtmSv%2B10QlJF0nzgWZMzZO9av7ICFoHKcET%2BxFgyEpFLuqD%2Fyl49oCUxWrZbaqB3Vs1hrNccDV0X%2FUOV8X2fQRFKPj6PKdEeIUDE6fGxygqgyyhRd%2FBwg%3D%3D"}],"group":"cf-nel","max_age":604800}
                                    [nel] => {"success_fraction":0,"report_to":"cf-nel","max_age":604800}
                                    [server] => cloudflare
                                    [cf-ray] => 6e5a156eafe431be-BOM
                                    [content-encoding] => gzip
                                )

                        )

                    [Body] => Webhook body is not logged unless WP_DEBUG mode is turned on. This is to avoid the storing of personal data in the logs.
                )

        )

)

2022-03-02T12:26:06+00:00 INFO Array
(
    [Webhook Delivery] => Array
        (
            [Delivery ID] => 0525c41a170f61d3fac2cb36669882d2
            [Date] => Mar 2, 2022 @ 12:26
            [URL] => https://connect.pabbly.com/workflow/sendwebhookdata/IjI2OTc3OCI_3D
            [Duration] => 1.28546
            [Request] => Array
                (
                    [Method] => POST
                    [Headers] => Array
                        (
                            [User-Agent] => WooCommerce/6.2.0 Hookshot (WordPress/5.9.1)
                            [Content-Type] => application/json
                            [X-WC-Webhook-Source] => http://localhost/clgpro/
                            [X-WC-Webhook-Topic] => order.created
                            [X-WC-Webhook-Resource] => order
                            [X-WC-Webhook-Event] => created
                            [X-WC-Webhook-Signature] => iATi15RvAzH7E3B2uxVntztXrOVSLg9sn5XRT2D1wIM=
                            [X-WC-Webhook-ID] => 2
                            [X-WC-Webhook-Delivery-ID] => 0525c41a170f61d3fac2cb36669882d2
                        )

                )

            [Body] => Webhook body is not logged unless WP_DEBUG mode is turned on. This is to avoid the storing of personal data in the logs.
            [Response] => Array
                (
                    [Code] => 200
                    [Message] => OK
                    [Headers] => Requests_Utility_CaseInsensitiveDictionary Object
                        (
                            [data:protected] => Array
                                (
                                    [date] => Wed, 02 Mar 2022 12:26:06 GMT
                                    [content-type] => text/html; charset=UTF-8
                                    [set-cookie] => ci_connect_pabbly_sesion=k44l1897uck368f0cvtcelh7sbghgbjf; expires=Wed, 02-Mar-2022 14:26:05 GMT; Max-Age=7200; path=/; HttpOnly
                                    [expires] => Thu, 19 Nov 1981 08:52:00 GMT
                                    [cache-control] => no-store, no-cache, must-revalidate
                                    [pragma] => no-cache
                                    [access-control-allow-origin] => *
                                    [access-control-allow-methods] => PUT, GET, POST, DELETE
                                    [access-control-allow-headers] => Content-Type, Content-Range, Content-Disposition, Content-Description
                                    [x-frame-options] => SAMEORIGIN
                                    [x-content-type-options] => nosniff
                                    [x-xss-protection] => 1; mode=block
                                    [strict-transport-security] => max-age=31536000
                                    [cf-cache-status] => DYNAMIC
                                    [expect-ct] => max-age=604800, report-uri="https://report-uri.cloudflare.com/cdn-cgi/beacon/expect-ct"
                                    [report-to] => {"endpoints":[{"url":"https:\/\/a.nel.cloudflare.com\/report\/v3?s=jrrCxciAzuptw9%2B6JZ9vd2nWufxRZfy7uqn6M%2BONbg7D2ZDjgf0PLQ1StERy1KUoQGtzUKyIz%2BKpcPWXL8F2IHjBYUEiM7l86sEfE2Vc7YAXbLgMRiWoO1vpjG9VNSphp5e1yA%3D%3D"}],"group":"cf-nel","max_age":604800}
                                    [nel] => {"success_fraction":0,"report_to":"cf-nel","max_age":604800}
                                    [server] => cloudflare
                                    [cf-ray] => 6e5a1e66f99631c3-BOM
                                    [content-encoding] => gzip
                                )

                        )

                    [Body] => Webhook body is not logged unless WP_DEBUG mode is turned on. This is to avoid the storing of personal data in the logs.
                )

        )

)

2022-03-02T12:33:29+00:00 INFO Array
(
    [Webhook Delivery] => Array
        (
            [Delivery ID] => 0e41f615d06f242451660d1f60b8a21e
            [Date] => Mar 2, 2022 @ 12:33
            [URL] => https://connect.pabbly.com/workflow/sendwebhookdata/IjI2OTc3OCI_3D
            [Duration] => 0.72106
            [Request] => Array
                (
                    [Method] => POST
                    [Headers] => Array
                        (
                            [User-Agent] => WooCommerce/6.2.0 Hookshot (WordPress/5.9.1)
                            [Content-Type] => application/json
                            [X-WC-Webhook-Source] => http://localhost/clgpro/
                            [X-WC-Webhook-Topic] => order.created
                            [X-WC-Webhook-Resource] => order
                            [X-WC-Webhook-Event] => created
                            [X-WC-Webhook-Signature] => eSi8R3/a+Amvuid95P8cTqspPA0QquDmUlkNNIYGj0Q=
                            [X-WC-Webhook-ID] => 2
                            [X-WC-Webhook-Delivery-ID] => 0e41f615d06f242451660d1f60b8a21e
                        )

                )

            [Body] => Webhook body is not logged unless WP_DEBUG mode is turned on. This is to avoid the storing of personal data in the logs.
            [Response] => Array
                (
                    [Code] => 200
                    [Message] => OK
                    [Headers] => Requests_Utility_CaseInsensitiveDictionary Object
                        (
                            [data:protected] => Array
                                (
                                    [date] => Wed, 02 Mar 2022 12:33:29 GMT
                                    [content-type] => text/html; charset=UTF-8
                                    [set-cookie] => ci_connect_pabbly_sesion=lrmkkh63umh8e6pdr2lnnnveah6vmg5m; expires=Wed, 02-Mar-2022 14:33:28 GMT; Max-Age=7200; path=/; HttpOnly
                                    [expires] => Thu, 19 Nov 1981 08:52:00 GMT
                                    [cache-control] => no-store, no-cache, must-revalidate
                                    [pragma] => no-cache
                                    [access-control-allow-origin] => *
                                    [access-control-allow-methods] => PUT, GET, POST, DELETE
                                    [access-control-allow-headers] => Content-Type, Content-Range, Content-Disposition, Content-Description
                                    [x-frame-options] => SAMEORIGIN
                                    [x-content-type-options] => nosniff
                                    [x-xss-protection] => 1; mode=block
                                    [strict-transport-security] => max-age=31536000
                                    [cf-cache-status] => DYNAMIC
                                    [expect-ct] => max-age=604800, report-uri="https://report-uri.cloudflare.com/cdn-cgi/beacon/expect-ct"
                                    [report-to] => {"endpoints":[{"url":"https:\/\/a.nel.cloudflare.com\/report\/v3?s=AJrb2FggD1ugWVYgeIIt%2BmD1uZ%2F1%2BY8fvHkfQQwQmwdaXV4u32d07MIaTz3LR9krPoxrIa8bsBKpjDtXwT2xdYpmQfAX4pn6UZJNKmK4V9C88GtNl3KEAMZMd4hyAAK617M%2FNQ%3D%3D"}],"group":"cf-nel","max_age":604800}
                                    [nel] => {"success_fraction":0,"report_to":"cf-nel","max_age":604800}
                                    [server] => cloudflare
                                    [cf-ray] => 6e5a293ae9028510-BOM
                                    [content-encoding] => gzip
                                )

                        )

                    [Body] => Webhook body is not logged unless WP_DEBUG mode is turned on. This is to avoid the storing of personal data in the logs.
                )

        )

)

2022-03-02T12:48:05+00:00 INFO Array
(
    [Webhook Delivery] => Array
        (
            [Delivery ID] => b28e7b060b28c78e63926256837c2277
            [Date] => Mar 2, 2022 @ 12:48
            [URL] => https://connect.pabbly.com/workflow/sendwebhookdata/IjI2OTc3OCI_3D
            [Duration] => 1.15536
            [Request] => Array
                (
                    [Method] => POST
                    [Headers] => Array
                        (
                            [User-Agent] => WooCommerce/6.2.0 Hookshot (WordPress/5.9.1)
                            [Content-Type] => application/json
                            [X-WC-Webhook-Source] => http://localhost/clgpro/
                            [X-WC-Webhook-Topic] => order.created
                            [X-WC-Webhook-Resource] => order
                            [X-WC-Webhook-Event] => created
                            [X-WC-Webhook-Signature] => s+lKy/4H9+tHjXdq+eAlU7JNZxa5xZTfPU/t1F1VxNE=
                            [X-WC-Webhook-ID] => 2
                            [X-WC-Webhook-Delivery-ID] => b28e7b060b28c78e63926256837c2277
                        )

                )

            [Body] => Webhook body is not logged unless WP_DEBUG mode is turned on. This is to avoid the storing of personal data in the logs.
            [Response] => Array
                (
                    [Code] => 200
                    [Message] => OK
                    [Headers] => Requests_Utility_CaseInsensitiveDictionary Object
                        (
                            [data:protected] => Array
                                (
                                    [date] => Wed, 02 Mar 2022 12:48:05 GMT
                                    [content-type] => text/html; charset=UTF-8
                                    [set-cookie] => ci_connect_pabbly_sesion=ks4u3a8shs40p8jgeihh2p7rvq74ss63; expires=Wed, 02-Mar-2022 14:48:05 GMT; Max-Age=7200; path=/; HttpOnly
                                    [expires] => Thu, 19 Nov 1981 08:52:00 GMT
                                    [cache-control] => no-store, no-cache, must-revalidate
                                    [pragma] => no-cache
                                    [access-control-allow-origin] => *
                                    [access-control-allow-methods] => PUT, GET, POST, DELETE
                                    [access-control-allow-headers] => Content-Type, Content-Range, Content-Disposition, Content-Description
                                    [x-frame-options] => SAMEORIGIN
                                    [x-content-type-options] => nosniff
                                    [x-xss-protection] => 1; mode=block
                                    [strict-transport-security] => max-age=31536000
                                    [cf-cache-status] => DYNAMIC
                                    [expect-ct] => max-age=604800, report-uri="https://report-uri.cloudflare.com/cdn-cgi/beacon/expect-ct"
                                    [report-to] => {"endpoints":[{"url":"https:\/\/a.nel.cloudflare.com\/report\/v3?s=2U34LJpg8wPLHxS%2FBu9ZPmyL1Yu9bKdDX1Kv3iZOCqyUoLELLZhD0w9oc5CxFcLsP4O4lUvGRjNY1j0uhIlo7ntPmP5G0InNHjnMulCoxSkHdWp1ZrsPfZnWcsGZKwx%2FVyD28w%3D%3D"}],"group":"cf-nel","max_age":604800}
                                    [nel] => {"success_fraction":0,"report_to":"cf-nel","max_age":604800}
                                    [server] => cloudflare
                                    [cf-ray] => 6e5a3e9df9c72e11-BOM
                                    [content-encoding] => gzip
                                )

                        )

                    [Body] => Webhook body is not logged unless WP_DEBUG mode is turned on. This is to avoid the storing of personal data in the logs.
                )

        )

)

