2022-03-03T04:13:51+00:00 INFO Array
(
    [Webhook Delivery] => Array
        (
            [Delivery ID] => 8ae119f52942dc928654b45dfdf6ccc9
            [Date] => Mar 3, 2022 @ 4:13
            [URL] => https://connect.pabbly.com/workflow/sendwebhookdata/IjI2OTc3OCI_3D
            [Duration] => 1.43471
            [Request] => Array
                (
                    [Method] => POST
                    [Headers] => Array
                        (
                            [User-Agent] => WooCommerce/6.2.0 Hookshot (WordPress/5.9.1)
                            [Content-Type] => application/json
                            [X-WC-Webhook-Source] => http://localhost/clgpro/
                            [X-WC-Webhook-Topic] => order.created
                            [X-WC-Webhook-Resource] => order
                            [X-WC-Webhook-Event] => created
                            [X-WC-Webhook-Signature] => vI6qACzB9m6eEsoErX68ZLGBuRsXkWLaO3Cbl8lQ/WQ=
                            [X-WC-Webhook-ID] => 2
                            [X-WC-Webhook-Delivery-ID] => 8ae119f52942dc928654b45dfdf6ccc9
                        )

                )

            [Body] => Webhook body is not logged unless WP_DEBUG mode is turned on. This is to avoid the storing of personal data in the logs.
            [Response] => Array
                (
                    [Code] => 200
                    [Message] => OK
                    [Headers] => Requests_Utility_CaseInsensitiveDictionary Object
                        (
                            [data:protected] => Array
                                (
                                    [date] => Thu, 03 Mar 2022 04:13:52 GMT
                                    [content-type] => text/html; charset=UTF-8
                                    [set-cookie] => ci_connect_pabbly_sesion=ulpsiikvlfhnemcbihd7mk1b74e6hvta; expires=Thu, 03-Mar-2022 06:13:52 GMT; Max-Age=7200; path=/; HttpOnly
                                    [expires] => Thu, 19 Nov 1981 08:52:00 GMT
                                    [cache-control] => no-store, no-cache, must-revalidate
                                    [pragma] => no-cache
                                    [access-control-allow-origin] => *
                                    [access-control-allow-methods] => PUT, GET, POST, DELETE
                                    [access-control-allow-headers] => Content-Type, Content-Range, Content-Disposition, Content-Description
                                    [x-frame-options] => SAMEORIGIN
                                    [x-content-type-options] => nosniff
                                    [x-xss-protection] => 1; mode=block
                                    [strict-transport-security] => max-age=31536000
                                    [cf-cache-status] => DYNAMIC
                                    [expect-ct] => max-age=604800, report-uri="https://report-uri.cloudflare.com/cdn-cgi/beacon/expect-ct"
                                    [report-to] => {"endpoints":[{"url":"https:\/\/a.nel.cloudflare.com\/report\/v3?s=e%2F%2BnvEY8AhdNYKCdFagKasn7mCnxlDAuUjePPFkMiSUfLnU2yjQrCtVLT%2Fd4xLYb%2BjujyRZDEFOzyteYpK2jKtlhmt%2Bejy1LWAb1ayodhnR6yHcleF5aAHtc37bHg%2BbSqYjP7w%3D%3D"}],"group":"cf-nel","max_age":604800}
                                    [nel] => {"success_fraction":0,"report_to":"cf-nel","max_age":604800}
                                    [server] => cloudflare
                                    [cf-ray] => 6e5f8ac00f4f2e83-BOM
                                    [content-encoding] => gzip
                                )

                        )

                    [Body] => Webhook body is not logged unless WP_DEBUG mode is turned on. This is to avoid the storing of personal data in the logs.
                )

        )

)

2022-03-03T04:38:25+00:00 INFO Array
(
    [Webhook Delivery] => Array
        (
            [Delivery ID] => ce20ad1d2ef51a3a68c128d0ac7329bc
            [Date] => Mar 3, 2022 @ 4:38
            [URL] => https://connect.pabbly.com/workflow/sendwebhookdata/IjI2OTc3OCI_3D
            [Duration] => 1.00622
            [Request] => Array
                (
                    [Method] => POST
                    [Headers] => Array
                        (
                            [User-Agent] => WooCommerce/6.2.0 Hookshot (WordPress/5.9.1)
                            [Content-Type] => application/json
                            [X-WC-Webhook-Source] => http://localhost/clgpro/
                            [X-WC-Webhook-Topic] => order.created
                            [X-WC-Webhook-Resource] => order
                            [X-WC-Webhook-Event] => created
                            [X-WC-Webhook-Signature] => oKszqVKarWbiSCzuhRJQ7jw1qb24lW78tRkge+lfi3Q=
                            [X-WC-Webhook-ID] => 2
                            [X-WC-Webhook-Delivery-ID] => ce20ad1d2ef51a3a68c128d0ac7329bc
                        )

                )

            [Body] => Webhook body is not logged unless WP_DEBUG mode is turned on. This is to avoid the storing of personal data in the logs.
            [Response] => Array
                (
                    [Code] => 200
                    [Message] => OK
                    [Headers] => Requests_Utility_CaseInsensitiveDictionary Object
                        (
                            [data:protected] => Array
                                (
                                    [date] => Thu, 03 Mar 2022 04:38:26 GMT
                                    [content-type] => text/html; charset=UTF-8
                                    [set-cookie] => ci_connect_pabbly_sesion=n0m79p4kjbb9oml38n0b1kmr8enqru4b; expires=Thu, 03-Mar-2022 06:38:26 GMT; Max-Age=7200; path=/; HttpOnly
                                    [expires] => Thu, 19 Nov 1981 08:52:00 GMT
                                    [cache-control] => no-store, no-cache, must-revalidate
                                    [pragma] => no-cache
                                    [access-control-allow-origin] => *
                                    [access-control-allow-methods] => PUT, GET, POST, DELETE
                                    [access-control-allow-headers] => Content-Type, Content-Range, Content-Disposition, Content-Description
                                    [x-frame-options] => SAMEORIGIN
                                    [x-content-type-options] => nosniff
                                    [x-xss-protection] => 1; mode=block
                                    [strict-transport-security] => max-age=31536000
                                    [cf-cache-status] => DYNAMIC
                                    [expect-ct] => max-age=604800, report-uri="https://report-uri.cloudflare.com/cdn-cgi/beacon/expect-ct"
                                    [report-to] => {"endpoints":[{"url":"https:\/\/a.nel.cloudflare.com\/report\/v3?s=sGNIqNtPfON0wO1uRlqyGqPYnGOM6LAr9sjsxzX5e16XINlOak2HZ1kSFd2eH94yxO2jNoR3BwXdqgeAqXbvTLHu0a66KhFGoiZVcK5mauMF%2FDwI93iiWgpvoWXplvCcQS3YUw%3D%3D"}],"group":"cf-nel","max_age":604800}
                                    [nel] => {"success_fraction":0,"report_to":"cf-nel","max_age":604800}
                                    [server] => cloudflare
                                    [cf-ray] => 6e5faebf3c740e2c-BOM
                                    [content-encoding] => gzip
                                )

                        )

                    [Body] => Webhook body is not logged unless WP_DEBUG mode is turned on. This is to avoid the storing of personal data in the logs.
                )

        )

)

2022-03-03T04:40:26+00:00 INFO Array
(
    [Webhook Delivery] => Array
        (
            [Delivery ID] => 53c89ab5b272ae954dc38927342308a3
            [Date] => Mar 3, 2022 @ 4:40
            [URL] => https://connect.pabbly.com/workflow/sendwebhookdata/IjI2OTc3OCI_3D
            [Duration] => 0.81694
            [Request] => Array
                (
                    [Method] => POST
                    [Headers] => Array
                        (
                            [User-Agent] => WooCommerce/6.2.0 Hookshot (WordPress/5.9.1)
                            [Content-Type] => application/json
                            [X-WC-Webhook-Source] => http://localhost/clgpro/
                            [X-WC-Webhook-Topic] => order.created
                            [X-WC-Webhook-Resource] => order
                            [X-WC-Webhook-Event] => created
                            [X-WC-Webhook-Signature] => jPqtiFiHJXdapfUexMKaeU/5XbWdCdS/X/dhseSbRlM=
                            [X-WC-Webhook-ID] => 2
                            [X-WC-Webhook-Delivery-ID] => 53c89ab5b272ae954dc38927342308a3
                        )

                )

            [Body] => Webhook body is not logged unless WP_DEBUG mode is turned on. This is to avoid the storing of personal data in the logs.
            [Response] => Array
                (
                    [Code] => 200
                    [Message] => OK
                    [Headers] => Requests_Utility_CaseInsensitiveDictionary Object
                        (
                            [data:protected] => Array
                                (
                                    [date] => Thu, 03 Mar 2022 04:40:27 GMT
                                    [content-type] => text/html; charset=UTF-8
                                    [set-cookie] => ci_connect_pabbly_sesion=4ohan4ocqid9dm4l65kvrde0294rvpoj; expires=Thu, 03-Mar-2022 06:40:27 GMT; Max-Age=7200; path=/; HttpOnly
                                    [expires] => Thu, 19 Nov 1981 08:52:00 GMT
                                    [cache-control] => no-store, no-cache, must-revalidate
                                    [pragma] => no-cache
                                    [access-control-allow-origin] => *
                                    [access-control-allow-methods] => PUT, GET, POST, DELETE
                                    [access-control-allow-headers] => Content-Type, Content-Range, Content-Disposition, Content-Description
                                    [x-frame-options] => SAMEORIGIN
                                    [x-content-type-options] => nosniff
                                    [x-xss-protection] => 1; mode=block
                                    [strict-transport-security] => max-age=31536000
                                    [cf-cache-status] => DYNAMIC
                                    [expect-ct] => max-age=604800, report-uri="https://report-uri.cloudflare.com/cdn-cgi/beacon/expect-ct"
                                    [report-to] => {"endpoints":[{"url":"https:\/\/a.nel.cloudflare.com\/report\/v3?s=j3dMlJekRlbmyK%2Fye7vw9mpqGmltsKTZz2y6k8aayMmzYZzYtDmk6Y2TgTDvnosLUgcwZk%2B1lwfLBEZoqogbmISDyl8ngH070LbnOBMcKUOnEiK%2F0n1tSyBY39CKJB2ceuOFFQ%3D%3D"}],"group":"cf-nel","max_age":604800}
                                    [nel] => {"success_fraction":0,"report_to":"cf-nel","max_age":604800}
                                    [server] => cloudflare
                                    [cf-ray] => 6e5fb1b28a1685d9-BOM
                                    [content-encoding] => gzip
                                )

                        )

                    [Body] => Webhook body is not logged unless WP_DEBUG mode is turned on. This is to avoid the storing of personal data in the logs.
                )

        )

)

2022-03-03T04:44:05+00:00 INFO Array
(
    [Webhook Delivery] => Array
        (
            [Delivery ID] => 164d9c82b01d7b689c63364fdf01a2fb
            [Date] => Mar 3, 2022 @ 4:44
            [URL] => https://connect.pabbly.com/workflow/sendwebhookdata/IjI2OTc3OCI_3D
            [Duration] => 0.87476
            [Request] => Array
                (
                    [Method] => POST
                    [Headers] => Array
                        (
                            [User-Agent] => WooCommerce/6.2.0 Hookshot (WordPress/5.9.1)
                            [Content-Type] => application/json
                            [X-WC-Webhook-Source] => http://localhost/clgpro/
                            [X-WC-Webhook-Topic] => order.created
                            [X-WC-Webhook-Resource] => order
                            [X-WC-Webhook-Event] => created
                            [X-WC-Webhook-Signature] => Zloo8TjRhshFsGbodfXiPPFcOGZgjsQupDSHLJ7dyzM=
                            [X-WC-Webhook-ID] => 2
                            [X-WC-Webhook-Delivery-ID] => 164d9c82b01d7b689c63364fdf01a2fb
                        )

                )

            [Body] => Webhook body is not logged unless WP_DEBUG mode is turned on. This is to avoid the storing of personal data in the logs.
            [Response] => Array
                (
                    [Code] => 200
                    [Message] => OK
                    [Headers] => Requests_Utility_CaseInsensitiveDictionary Object
                        (
                            [data:protected] => Array
                                (
                                    [date] => Thu, 03 Mar 2022 04:44:06 GMT
                                    [content-type] => text/html; charset=UTF-8
                                    [set-cookie] => ci_connect_pabbly_sesion=radp1rkkcdc4ljo8tcrjeqiagud7tpng; expires=Thu, 03-Mar-2022 06:44:06 GMT; Max-Age=7200; path=/; HttpOnly
                                    [expires] => Thu, 19 Nov 1981 08:52:00 GMT
                                    [cache-control] => no-store, no-cache, must-revalidate
                                    [pragma] => no-cache
                                    [access-control-allow-origin] => *
                                    [access-control-allow-methods] => PUT, GET, POST, DELETE
                                    [access-control-allow-headers] => Content-Type, Content-Range, Content-Disposition, Content-Description
                                    [x-frame-options] => SAMEORIGIN
                                    [x-content-type-options] => nosniff
                                    [x-xss-protection] => 1; mode=block
                                    [strict-transport-security] => max-age=31536000
                                    [cf-cache-status] => DYNAMIC
                                    [expect-ct] => max-age=604800, report-uri="https://report-uri.cloudflare.com/cdn-cgi/beacon/expect-ct"
                                    [report-to] => {"endpoints":[{"url":"https:\/\/a.nel.cloudflare.com\/report\/v3?s=vOSVnPONVjy1Yj0GxvROVDh%2FcRz6rKbmsoHXxw5W2AsNCqjOuDxU7pQJnXqAxmaWUuaWLGfbkXVPJHHuVfUfGC7GYGKdL7fLTF%2BpwYtaVr%2FS9ZrY9JPd5f%2Fohvs0fDxWYGAsOg%3D%3D"}],"group":"cf-nel","max_age":604800}
                                    [nel] => {"success_fraction":0,"report_to":"cf-nel","max_age":604800}
                                    [server] => cloudflare
                                    [cf-ray] => 6e5fb70d5e5e31ff-BOM
                                    [content-encoding] => gzip
                                )

                        )

                    [Body] => Webhook body is not logged unless WP_DEBUG mode is turned on. This is to avoid the storing of personal data in the logs.
                )

        )

)

2022-03-03T04:57:37+00:00 INFO Array
(
    [Webhook Delivery] => Array
        (
            [Delivery ID] => 49644a1ae939a352d849f329bd8c6d6c
            [Date] => Mar 3, 2022 @ 4:57
            [URL] => https://connect.pabbly.com/workflow/sendwebhookdata/IjI2OTc3OCI_3D
            [Duration] => 0.85322
            [Request] => Array
                (
                    [Method] => POST
                    [Headers] => Array
                        (
                            [User-Agent] => WooCommerce/6.2.0 Hookshot (WordPress/5.9.1)
                            [Content-Type] => application/json
                            [X-WC-Webhook-Source] => http://localhost/clgpro/
                            [X-WC-Webhook-Topic] => order.created
                            [X-WC-Webhook-Resource] => order
                            [X-WC-Webhook-Event] => created
                            [X-WC-Webhook-Signature] => TBel+rFFLwh611pDFSomXUI1WSEXSrLdL8OYTJ/DD7Y=
                            [X-WC-Webhook-ID] => 2
                            [X-WC-Webhook-Delivery-ID] => 49644a1ae939a352d849f329bd8c6d6c
                        )

                )

            [Body] => Webhook body is not logged unless WP_DEBUG mode is turned on. This is to avoid the storing of personal data in the logs.
            [Response] => Array
                (
                    [Code] => 200
                    [Message] => OK
                    [Headers] => Requests_Utility_CaseInsensitiveDictionary Object
                        (
                            [data:protected] => Array
                                (
                                    [date] => Thu, 03 Mar 2022 04:57:38 GMT
                                    [content-type] => text/html; charset=UTF-8
                                    [set-cookie] => ci_connect_pabbly_sesion=lmqnc3kse0utsokojr1deo90349timjp; expires=Thu, 03-Mar-2022 06:57:38 GMT; Max-Age=7200; path=/; HttpOnly
                                    [expires] => Thu, 19 Nov 1981 08:52:00 GMT
                                    [cache-control] => no-store, no-cache, must-revalidate
                                    [pragma] => no-cache
                                    [access-control-allow-origin] => *
                                    [access-control-allow-methods] => PUT, GET, POST, DELETE
                                    [access-control-allow-headers] => Content-Type, Content-Range, Content-Disposition, Content-Description
                                    [x-frame-options] => SAMEORIGIN
                                    [x-content-type-options] => nosniff
                                    [x-xss-protection] => 1; mode=block
                                    [strict-transport-security] => max-age=31536000
                                    [cf-cache-status] => DYNAMIC
                                    [expect-ct] => max-age=604800, report-uri="https://report-uri.cloudflare.com/cdn-cgi/beacon/expect-ct"
                                    [report-to] => {"endpoints":[{"url":"https:\/\/a.nel.cloudflare.com\/report\/v3?s=PNUsEvIOYyjIX3IuULWp1orpKicCeKQ3t0gIq7FXbwsPtAj4vzt8Z8rgzUcSOakn3MvTueeg9OjHLb2%2B3KfhREF0u1E8ei6B2aSDsjH3FRsV8mPO1ZAe05Vf4NDPcvl7FU94WQ%3D%3D"}],"group":"cf-nel","max_age":604800}
                                    [nel] => {"success_fraction":0,"report_to":"cf-nel","max_age":604800}
                                    [server] => cloudflare
                                    [cf-ray] => 6e5fcadffc8784ad-BOM
                                    [content-encoding] => gzip
                                )

                        )

                    [Body] => Webhook body is not logged unless WP_DEBUG mode is turned on. This is to avoid the storing of personal data in the logs.
                )

        )

)

2022-03-03T05:02:13+00:00 INFO Array
(
    [Webhook Delivery] => Array
        (
            [Delivery ID] => 53efbce8a058ffd1410e79b4acfa29f5
            [Date] => Mar 3, 2022 @ 5:02
            [URL] => https://connect.pabbly.com/workflow/sendwebhookdata/IjI2OTc3OCI_3D
            [Duration] => 0.8405
            [Request] => Array
                (
                    [Method] => POST
                    [Headers] => Array
                        (
                            [User-Agent] => WooCommerce/6.2.0 Hookshot (WordPress/5.9.1)
                            [Content-Type] => application/json
                            [X-WC-Webhook-Source] => http://localhost/clgpro/
                            [X-WC-Webhook-Topic] => order.created
                            [X-WC-Webhook-Resource] => order
                            [X-WC-Webhook-Event] => created
                            [X-WC-Webhook-Signature] => IC22WIjVEn/1l6qbqddNorUYgX1ZWknlEwp0URYYQDM=
                            [X-WC-Webhook-ID] => 2
                            [X-WC-Webhook-Delivery-ID] => 53efbce8a058ffd1410e79b4acfa29f5
                        )

                )

            [Body] => Webhook body is not logged unless WP_DEBUG mode is turned on. This is to avoid the storing of personal data in the logs.
            [Response] => Array
                (
                    [Code] => 200
                    [Message] => OK
                    [Headers] => Requests_Utility_CaseInsensitiveDictionary Object
                        (
                            [data:protected] => Array
                                (
                                    [date] => Thu, 03 Mar 2022 05:02:15 GMT
                                    [content-type] => text/html; charset=UTF-8
                                    [set-cookie] => ci_connect_pabbly_sesion=jm50kcqtl93on315ng807rl1hsescghg; expires=Thu, 03-Mar-2022 07:02:14 GMT; Max-Age=7200; path=/; HttpOnly
                                    [expires] => Thu, 19 Nov 1981 08:52:00 GMT
                                    [cache-control] => no-store, no-cache, must-revalidate
                                    [pragma] => no-cache
                                    [access-control-allow-origin] => *
                                    [access-control-allow-methods] => PUT, GET, POST, DELETE
                                    [access-control-allow-headers] => Content-Type, Content-Range, Content-Disposition, Content-Description
                                    [x-frame-options] => SAMEORIGIN
                                    [x-content-type-options] => nosniff
                                    [x-xss-protection] => 1; mode=block
                                    [strict-transport-security] => max-age=31536000
                                    [cf-cache-status] => DYNAMIC
                                    [expect-ct] => max-age=604800, report-uri="https://report-uri.cloudflare.com/cdn-cgi/beacon/expect-ct"
                                    [report-to] => {"endpoints":[{"url":"https:\/\/a.nel.cloudflare.com\/report\/v3?s=GvBsP7GVvOItcM3YFf18H93khRGYMQzOGf3kJOYGigru6naJpUZ8%2BxNWNyDoDdgtvqOf%2FaDBVYKEvgE76KDN1kjXBCTN%2FyLPcxqMmQATcbNIHh7VEuH98AYtQWr2QY1%2BcLIB4Q%3D%3D"}],"group":"cf-nel","max_age":604800}
                                    [nel] => {"success_fraction":0,"report_to":"cf-nel","max_age":604800}
                                    [server] => cloudflare
                                    [cf-ray] => 6e5fd19e1e9084fe-BOM
                                    [content-encoding] => gzip
                                )

                        )

                    [Body] => Webhook body is not logged unless WP_DEBUG mode is turned on. This is to avoid the storing of personal data in the logs.
                )

        )

)

2022-03-03T05:10:14+00:00 INFO Array
(
    [Webhook Delivery] => Array
        (
            [Delivery ID] => 6e9bc40d1bb85bc5275ac457f5318c7b
            [Date] => Mar 3, 2022 @ 5:10
            [URL] => https://connect.pabbly.com/workflow/sendwebhookdata/IjI2OTc3OCI_3D
            [Duration] => 1.12016
            [Request] => Array
                (
                    [Method] => POST
                    [Headers] => Array
                        (
                            [User-Agent] => WooCommerce/6.2.0 Hookshot (WordPress/5.9.1)
                            [Content-Type] => application/json
                            [X-WC-Webhook-Source] => http://localhost/clgpro/
                            [X-WC-Webhook-Topic] => order.created
                            [X-WC-Webhook-Resource] => order
                            [X-WC-Webhook-Event] => created
                            [X-WC-Webhook-Signature] => v+gEn+B1NnGiJSBpS6khugK3HO7Dw0oioWcNc3tssBs=
                            [X-WC-Webhook-ID] => 2
                            [X-WC-Webhook-Delivery-ID] => 6e9bc40d1bb85bc5275ac457f5318c7b
                        )

                )

            [Body] => Webhook body is not logged unless WP_DEBUG mode is turned on. This is to avoid the storing of personal data in the logs.
            [Response] => Array
                (
                    [Code] => 200
                    [Message] => OK
                    [Headers] => Requests_Utility_CaseInsensitiveDictionary Object
                        (
                            [data:protected] => Array
                                (
                                    [date] => Thu, 03 Mar 2022 05:10:15 GMT
                                    [content-type] => text/html; charset=UTF-8
                                    [set-cookie] => ci_connect_pabbly_sesion=n2br3kf95htq983027alvthjfn2f9f2o; expires=Thu, 03-Mar-2022 07:10:15 GMT; Max-Age=7200; path=/; HttpOnly
                                    [expires] => Thu, 19 Nov 1981 08:52:00 GMT
                                    [cache-control] => no-store, no-cache, must-revalidate
                                    [pragma] => no-cache
                                    [access-control-allow-origin] => *
                                    [access-control-allow-methods] => PUT, GET, POST, DELETE
                                    [access-control-allow-headers] => Content-Type, Content-Range, Content-Disposition, Content-Description
                                    [x-frame-options] => SAMEORIGIN
                                    [x-content-type-options] => nosniff
                                    [x-xss-protection] => 1; mode=block
                                    [strict-transport-security] => max-age=31536000
                                    [cf-cache-status] => DYNAMIC
                                    [expect-ct] => max-age=604800, report-uri="https://report-uri.cloudflare.com/cdn-cgi/beacon/expect-ct"
                                    [report-to] => {"endpoints":[{"url":"https:\/\/a.nel.cloudflare.com\/report\/v3?s=LY3MVryKspz%2FTqVf7tZT%2FvbqG1v0a%2BY7tmC%2BT5fZuC0FXbCZgK4GqssoPo7y6cweZZElhqDDikAr1C4%2Fa%2Bij53FOI8WUrq2VEivjVZvoOclr0S0qmCoRjxG0laQDffhEiklecA%3D%3D"}],"group":"cf-nel","max_age":604800}
                                    [nel] => {"success_fraction":0,"report_to":"cf-nel","max_age":604800}
                                    [server] => cloudflare
                                    [cf-ray] => 6e5fdd59181385cc-BOM
                                    [content-encoding] => gzip
                                )

                        )

                    [Body] => Webhook body is not logged unless WP_DEBUG mode is turned on. This is to avoid the storing of personal data in the logs.
                )

        )

)

2022-03-03T05:11:54+00:00 INFO Array
(
    [Webhook Delivery] => Array
        (
            [Delivery ID] => 944c470625cc388691376dc721dbcf45
            [Date] => Mar 3, 2022 @ 5:11
            [URL] => https://connect.pabbly.com/workflow/sendwebhookdata/IjI2OTc3OCI_3D
            [Duration] => 0.88894
            [Request] => Array
                (
                    [Method] => POST
                    [Headers] => Array
                        (
                            [User-Agent] => WooCommerce/6.2.0 Hookshot (WordPress/5.9.1)
                            [Content-Type] => application/json
                            [X-WC-Webhook-Source] => http://localhost/clgpro/
                            [X-WC-Webhook-Topic] => order.created
                            [X-WC-Webhook-Resource] => order
                            [X-WC-Webhook-Event] => created
                            [X-WC-Webhook-Signature] => VJ3kFvFaxKMmtOxt5wYAWh/NIUGhsrRIzqYwjC8efIY=
                            [X-WC-Webhook-ID] => 2
                            [X-WC-Webhook-Delivery-ID] => 944c470625cc388691376dc721dbcf45
                        )

                )

            [Body] => Webhook body is not logged unless WP_DEBUG mode is turned on. This is to avoid the storing of personal data in the logs.
            [Response] => Array
                (
                    [Code] => 200
                    [Message] => OK
                    [Headers] => Requests_Utility_CaseInsensitiveDictionary Object
                        (
                            [data:protected] => Array
                                (
                                    [date] => Thu, 03 Mar 2022 05:11:55 GMT
                                    [content-type] => text/html; charset=UTF-8
                                    [set-cookie] => ci_connect_pabbly_sesion=7n1vqejpqnbdnl4b4i7pfglcm0suohbp; expires=Thu, 03-Mar-2022 07:11:55 GMT; Max-Age=7200; path=/; HttpOnly
                                    [expires] => Thu, 19 Nov 1981 08:52:00 GMT
                                    [cache-control] => no-store, no-cache, must-revalidate
                                    [pragma] => no-cache
                                    [access-control-allow-origin] => *
                                    [access-control-allow-methods] => PUT, GET, POST, DELETE
                                    [access-control-allow-headers] => Content-Type, Content-Range, Content-Disposition, Content-Description
                                    [x-frame-options] => SAMEORIGIN
                                    [x-content-type-options] => nosniff
                                    [x-xss-protection] => 1; mode=block
                                    [strict-transport-security] => max-age=31536000
                                    [cf-cache-status] => DYNAMIC
                                    [expect-ct] => max-age=604800, report-uri="https://report-uri.cloudflare.com/cdn-cgi/beacon/expect-ct"
                                    [report-to] => {"endpoints":[{"url":"https:\/\/a.nel.cloudflare.com\/report\/v3?s=mkfxcIbebkb98g%2FBkeLzAbHKYSN8XgMZ%2B8Lzwh69AHHOiBHJZBny6Vg5Kjou67M0%2BtdxQA9vR5EDdkdywufj%2Btija4ASbP0lax3cq%2BnPeqJnPsD%2FyKGqR3Sj1iWelZ6hVK0Nvg%3D%3D"}],"group":"cf-nel","max_age":604800}
                                    [nel] => {"success_fraction":0,"report_to":"cf-nel","max_age":604800}
                                    [server] => cloudflare
                                    [cf-ray] => 6e5fdfc9d9702e70-BOM
                                    [content-encoding] => gzip
                                )

                        )

                    [Body] => Webhook body is not logged unless WP_DEBUG mode is turned on. This is to avoid the storing of personal data in the logs.
                )

        )

)

2022-03-03T05:21:14+00:00 INFO Array
(
    [Webhook Delivery] => Array
        (
            [Delivery ID] => 8c7c07e881f5a604c0434086a3bfaadd
            [Date] => Mar 3, 2022 @ 5:21
            [URL] => https://connect.pabbly.com/workflow/sendwebhookdata/IjI2OTc3OCI_3D
            [Duration] => 0.94937
            [Request] => Array
                (
                    [Method] => POST
                    [Headers] => Array
                        (
                            [User-Agent] => WooCommerce/6.2.0 Hookshot (WordPress/5.9.1)
                            [Content-Type] => application/json
                            [X-WC-Webhook-Source] => http://localhost/clgpro/
                            [X-WC-Webhook-Topic] => order.created
                            [X-WC-Webhook-Resource] => order
                            [X-WC-Webhook-Event] => created
                            [X-WC-Webhook-Signature] => md/1dtIsSmQwrSK53Vhu7Qr5cPL+9MMzXR+LdH0nzEU=
                            [X-WC-Webhook-ID] => 2
                            [X-WC-Webhook-Delivery-ID] => 8c7c07e881f5a604c0434086a3bfaadd
                        )

                )

            [Body] => Webhook body is not logged unless WP_DEBUG mode is turned on. This is to avoid the storing of personal data in the logs.
            [Response] => Array
                (
                    [Code] => 200
                    [Message] => OK
                    [Headers] => Requests_Utility_CaseInsensitiveDictionary Object
                        (
                            [data:protected] => Array
                                (
                                    [date] => Thu, 03 Mar 2022 05:21:15 GMT
                                    [content-type] => text/html; charset=UTF-8
                                    [set-cookie] => ci_connect_pabbly_sesion=ka56lbqml8jbaa8gfhth3l9dpod3ucij; expires=Thu, 03-Mar-2022 07:21:15 GMT; Max-Age=7200; path=/; HttpOnly
                                    [expires] => Thu, 19 Nov 1981 08:52:00 GMT
                                    [cache-control] => no-store, no-cache, must-revalidate
                                    [pragma] => no-cache
                                    [access-control-allow-origin] => *
                                    [access-control-allow-methods] => PUT, GET, POST, DELETE
                                    [access-control-allow-headers] => Content-Type, Content-Range, Content-Disposition, Content-Description
                                    [x-frame-options] => SAMEORIGIN
                                    [x-content-type-options] => nosniff
                                    [x-xss-protection] => 1; mode=block
                                    [strict-transport-security] => max-age=31536000
                                    [cf-cache-status] => DYNAMIC
                                    [expect-ct] => max-age=604800, report-uri="https://report-uri.cloudflare.com/cdn-cgi/beacon/expect-ct"
                                    [report-to] => {"endpoints":[{"url":"https:\/\/a.nel.cloudflare.com\/report\/v3?s=aN%2FlSYZ1B55A4%2B6NBuRA1oMhv424cZy%2BtZexbSlV3tHaY3pbZcHBT%2FUbtKcKQEK4nnjmXlFvoDgsGiKdgCTZi0FEmHixDkuaTRfYLLRI0EBGItaWydWzMifSOwloNr3aSFaFPg%3D%3D"}],"group":"cf-nel","max_age":604800}
                                    [nel] => {"success_fraction":0,"report_to":"cf-nel","max_age":604800}
                                    [server] => cloudflare
                                    [cf-ray] => 6e5fed77be298609-BOM
                                    [content-encoding] => gzip
                                )

                        )

                    [Body] => Webhook body is not logged unless WP_DEBUG mode is turned on. This is to avoid the storing of personal data in the logs.
                )

        )

)

2022-03-03T05:29:09+00:00 INFO Array
(
    [Webhook Delivery] => Array
        (
            [Delivery ID] => e851aae61cf10970d07ec1bbf68fd199
            [Date] => Mar 3, 2022 @ 5:29
            [URL] => https://connect.pabbly.com/workflow/sendwebhookdata/IjI2OTc3OCI_3D
            [Duration] => 0.83745
            [Request] => Array
                (
                    [Method] => POST
                    [Headers] => Array
                        (
                            [User-Agent] => WooCommerce/6.2.0 Hookshot (WordPress/5.9.1)
                            [Content-Type] => application/json
                            [X-WC-Webhook-Source] => http://localhost/clgpro/
                            [X-WC-Webhook-Topic] => order.created
                            [X-WC-Webhook-Resource] => order
                            [X-WC-Webhook-Event] => created
                            [X-WC-Webhook-Signature] => oL5aAyJ+e8eSA+8H4uECSeOYzriQjKLBlOO/xq3weQA=
                            [X-WC-Webhook-ID] => 2
                            [X-WC-Webhook-Delivery-ID] => e851aae61cf10970d07ec1bbf68fd199
                        )

                )

            [Body] => Webhook body is not logged unless WP_DEBUG mode is turned on. This is to avoid the storing of personal data in the logs.
            [Response] => Array
                (
                    [Code] => 200
                    [Message] => OK
                    [Headers] => Requests_Utility_CaseInsensitiveDictionary Object
                        (
                            [data:protected] => Array
                                (
                                    [date] => Thu, 03 Mar 2022 05:29:10 GMT
                                    [content-type] => text/html; charset=UTF-8
                                    [set-cookie] => ci_connect_pabbly_sesion=kntnfoc4i1m4hj8cd1almtuil5l3b63u; expires=Thu, 03-Mar-2022 07:29:10 GMT; Max-Age=7200; path=/; HttpOnly
                                    [expires] => Thu, 19 Nov 1981 08:52:00 GMT
                                    [cache-control] => no-store, no-cache, must-revalidate
                                    [pragma] => no-cache
                                    [access-control-allow-origin] => *
                                    [access-control-allow-methods] => PUT, GET, POST, DELETE
                                    [access-control-allow-headers] => Content-Type, Content-Range, Content-Disposition, Content-Description
                                    [x-frame-options] => SAMEORIGIN
                                    [x-content-type-options] => nosniff
                                    [x-xss-protection] => 1; mode=block
                                    [strict-transport-security] => max-age=31536000
                                    [cf-cache-status] => DYNAMIC
                                    [expect-ct] => max-age=604800, report-uri="https://report-uri.cloudflare.com/cdn-cgi/beacon/expect-ct"
                                    [report-to] => {"endpoints":[{"url":"https:\/\/a.nel.cloudflare.com\/report\/v3?s=cGcy1UziZkOAi5J5OeN1VIP1TFd2%2FA067mBwKqVkxxV7T6kl%2BM%2B3%2BckKB3KeUa9JTpDP0MPz5LQNA%2BvBsLwz%2Fu7LSGktS4K0VRnhQsI251rr71l5wHghkqc73H7SoQhIp7EWqA%3D%3D"}],"group":"cf-nel","max_age":604800}
                                    [nel] => {"success_fraction":0,"report_to":"cf-nel","max_age":604800}
                                    [server] => cloudflare
                                    [cf-ray] => 6e5ff911c9b985b3-BOM
                                    [content-encoding] => gzip
                                )

                        )

                    [Body] => Webhook body is not logged unless WP_DEBUG mode is turned on. This is to avoid the storing of personal data in the logs.
                )

        )

)

2022-03-03T05:42:10+00:00 INFO Array
(
    [Webhook Delivery] => Array
        (
            [Delivery ID] => f7e7a861e1e61b42c22fc91543c18b4b
            [Date] => Mar 3, 2022 @ 5:42
            [URL] => https://connect.pabbly.com/workflow/sendwebhookdata/IjI2OTc3OCI_3D
            [Duration] => 0.78529
            [Request] => Array
                (
                    [Method] => POST
                    [Headers] => Array
                        (
                            [User-Agent] => WooCommerce/6.2.0 Hookshot (WordPress/5.9.1)
                            [Content-Type] => application/json
                            [X-WC-Webhook-Source] => http://localhost/clgpro/
                            [X-WC-Webhook-Topic] => order.created
                            [X-WC-Webhook-Resource] => order
                            [X-WC-Webhook-Event] => created
                            [X-WC-Webhook-Signature] => 78UzpNXuEV+C5GDe+mj5OYj8mM9L2/MbJCO+30sid5Q=
                            [X-WC-Webhook-ID] => 2
                            [X-WC-Webhook-Delivery-ID] => f7e7a861e1e61b42c22fc91543c18b4b
                        )

                )

            [Body] => Webhook body is not logged unless WP_DEBUG mode is turned on. This is to avoid the storing of personal data in the logs.
            [Response] => Array
                (
                    [Code] => 200
                    [Message] => OK
                    [Headers] => Requests_Utility_CaseInsensitiveDictionary Object
                        (
                            [data:protected] => Array
                                (
                                    [date] => Thu, 03 Mar 2022 05:42:11 GMT
                                    [content-type] => text/html; charset=UTF-8
                                    [set-cookie] => ci_connect_pabbly_sesion=kf8munfaigf5f515c278dnum2dtae1bu; expires=Thu, 03-Mar-2022 07:42:11 GMT; Max-Age=7200; path=/; HttpOnly
                                    [expires] => Thu, 19 Nov 1981 08:52:00 GMT
                                    [cache-control] => no-store, no-cache, must-revalidate
                                    [pragma] => no-cache
                                    [access-control-allow-origin] => *
                                    [access-control-allow-methods] => PUT, GET, POST, DELETE
                                    [access-control-allow-headers] => Content-Type, Content-Range, Content-Disposition, Content-Description
                                    [x-frame-options] => SAMEORIGIN
                                    [x-content-type-options] => nosniff
                                    [x-xss-protection] => 1; mode=block
                                    [strict-transport-security] => max-age=31536000
                                    [cf-cache-status] => DYNAMIC
                                    [expect-ct] => max-age=604800, report-uri="https://report-uri.cloudflare.com/cdn-cgi/beacon/expect-ct"
                                    [report-to] => {"endpoints":[{"url":"https:\/\/a.nel.cloudflare.com\/report\/v3?s=bcL2Gm%2BYogz2zM2k67z%2BO9WGqJ3aZJcD1i2%2BgW7utMRuYypWo0d0uaxO%2BMEh4rWdsc7ll%2FjNHBIXkzKEMTf3daC5GP1aYkOuEn6VH7deKbxh%2Fo%2FuhBjHQBYnieDCsLp8AcKPVQ%3D%3D"}],"group":"cf-nel","max_age":604800}
                                    [nel] => {"success_fraction":0,"report_to":"cf-nel","max_age":604800}
                                    [server] => cloudflare
                                    [cf-ray] => 6e600c219d6585e5-BOM
                                    [content-encoding] => gzip
                                )

                        )

                    [Body] => Webhook body is not logged unless WP_DEBUG mode is turned on. This is to avoid the storing of personal data in the logs.
                )

        )

)

2022-03-03T05:57:32+00:00 INFO Array
(
    [Webhook Delivery] => Array
        (
            [Delivery ID] => b4fa2230916e09cb9374a5dc01e34260
            [Date] => Mar 3, 2022 @ 5:57
            [URL] => https://connect.pabbly.com/workflow/sendwebhookdata/IjI2OTc3OCI_3D
            [Duration] => 1.30725
            [Request] => Array
                (
                    [Method] => POST
                    [Headers] => Array
                        (
                            [User-Agent] => WooCommerce/6.2.0 Hookshot (WordPress/5.9.1)
                            [Content-Type] => application/json
                            [X-WC-Webhook-Source] => http://localhost/clgpro/
                            [X-WC-Webhook-Topic] => order.created
                            [X-WC-Webhook-Resource] => order
                            [X-WC-Webhook-Event] => created
                            [X-WC-Webhook-Signature] => bSqaRamoDIWwjOfZXSYR69Bvnp6FOWc5rVTeTiGUuYM=
                            [X-WC-Webhook-ID] => 2
                            [X-WC-Webhook-Delivery-ID] => b4fa2230916e09cb9374a5dc01e34260
                        )

                )

            [Body] => Webhook body is not logged unless WP_DEBUG mode is turned on. This is to avoid the storing of personal data in the logs.
            [Response] => Array
                (
                    [Code] => 200
                    [Message] => OK
                    [Headers] => Requests_Utility_CaseInsensitiveDictionary Object
                        (
                            [data:protected] => Array
                                (
                                    [date] => Thu, 03 Mar 2022 05:57:33 GMT
                                    [content-type] => text/html; charset=UTF-8
                                    [set-cookie] => ci_connect_pabbly_sesion=5l0sp9g8u0a8s8gakjtaa68igrp3e40r; expires=Thu, 03-Mar-2022 07:57:33 GMT; Max-Age=7200; path=/; HttpOnly
                                    [expires] => Thu, 19 Nov 1981 08:52:00 GMT
                                    [cache-control] => no-store, no-cache, must-revalidate
                                    [pragma] => no-cache
                                    [access-control-allow-origin] => *
                                    [access-control-allow-methods] => PUT, GET, POST, DELETE
                                    [access-control-allow-headers] => Content-Type, Content-Range, Content-Disposition, Content-Description
                                    [x-frame-options] => SAMEORIGIN
                                    [x-content-type-options] => nosniff
                                    [x-xss-protection] => 1; mode=block
                                    [strict-transport-security] => max-age=31536000
                                    [cf-cache-status] => DYNAMIC
                                    [expect-ct] => max-age=604800, report-uri="https://report-uri.cloudflare.com/cdn-cgi/beacon/expect-ct"
                                    [report-to] => {"endpoints":[{"url":"https:\/\/a.nel.cloudflare.com\/report\/v3?s=dwQ1jPjL8amMupL%2F3uIZuaZJaZrFaH8EWv8Thyfj%2FAKdXjCc0IQEzAcpyTN0oRy7HKEh0A1kB%2Fk9xuUx6wbQZF9D2VJgGJ6hlPoJeM2%2FzLJ3C%2FqTIBBvf%2FBayNHydhdYjE7A5A%3D%3D"}],"group":"cf-nel","max_age":604800}
                                    [nel] => {"success_fraction":0,"report_to":"cf-nel","max_age":604800}
                                    [server] => cloudflare
                                    [cf-ray] => 6e6022a0e98231db-BOM
                                    [content-encoding] => gzip
                                )

                        )

                    [Body] => Webhook body is not logged unless WP_DEBUG mode is turned on. This is to avoid the storing of personal data in the logs.
                )

        )

)

2022-03-03T06:01:44+00:00 INFO Array
(
    [Webhook Delivery] => Array
        (
            [Delivery ID] => 192cc4c59079f6cd76ddbca26c203d29
            [Date] => Mar 3, 2022 @ 6:01
            [URL] => https://connect.pabbly.com/workflow/sendwebhookdata/IjI2OTc3OCI_3D
            [Duration] => 0.7882
            [Request] => Array
                (
                    [Method] => POST
                    [Headers] => Array
                        (
                            [User-Agent] => WooCommerce/6.2.0 Hookshot (WordPress/5.9.1)
                            [Content-Type] => application/json
                            [X-WC-Webhook-Source] => http://localhost/clgpro/
                            [X-WC-Webhook-Topic] => order.created
                            [X-WC-Webhook-Resource] => order
                            [X-WC-Webhook-Event] => created
                            [X-WC-Webhook-Signature] => sltwP5VvsIbUVeej/wDFhhlYUKANnACB0zXigxK4+Uc=
                            [X-WC-Webhook-ID] => 2
                            [X-WC-Webhook-Delivery-ID] => 192cc4c59079f6cd76ddbca26c203d29
                        )

                )

            [Body] => Webhook body is not logged unless WP_DEBUG mode is turned on. This is to avoid the storing of personal data in the logs.
            [Response] => Array
                (
                    [Code] => 200
                    [Message] => OK
                    [Headers] => Requests_Utility_CaseInsensitiveDictionary Object
                        (
                            [data:protected] => Array
                                (
                                    [date] => Thu, 03 Mar 2022 06:01:46 GMT
                                    [content-type] => text/html; charset=UTF-8
                                    [set-cookie] => ci_connect_pabbly_sesion=efsegppdecq1nt3bu3urcn7tuh79s2h7; expires=Thu, 03-Mar-2022 08:01:45 GMT; Max-Age=7200; path=/; HttpOnly
                                    [expires] => Thu, 19 Nov 1981 08:52:00 GMT
                                    [cache-control] => no-store, no-cache, must-revalidate
                                    [pragma] => no-cache
                                    [access-control-allow-origin] => *
                                    [access-control-allow-methods] => PUT, GET, POST, DELETE
                                    [access-control-allow-headers] => Content-Type, Content-Range, Content-Disposition, Content-Description
                                    [x-frame-options] => SAMEORIGIN
                                    [x-content-type-options] => nosniff
                                    [x-xss-protection] => 1; mode=block
                                    [strict-transport-security] => max-age=31536000
                                    [cf-cache-status] => DYNAMIC
                                    [expect-ct] => max-age=604800, report-uri="https://report-uri.cloudflare.com/cdn-cgi/beacon/expect-ct"
                                    [report-to] => {"endpoints":[{"url":"https:\/\/a.nel.cloudflare.com\/report\/v3?s=nMS36EUOaI935jisKy%2BpdO6XZLa9zY5ApKXgV42w2pEDMVQPQjAA5ffJdE23vaarUTnCCiDsiE%2BTlMf4E7r2IWLDWGwPdNtgLxkhmhIvbTO9l%2BQ%2FuYirGb00mZuwuG0frm0FQA%3D%3D"}],"group":"cf-nel","max_age":604800}
                                    [nel] => {"success_fraction":0,"report_to":"cf-nel","max_age":604800}
                                    [server] => cloudflare
                                    [cf-ray] => 6e6028cd1e9c84c2-BOM
                                    [content-encoding] => gzip
                                )

                        )

                    [Body] => Webhook body is not logged unless WP_DEBUG mode is turned on. This is to avoid the storing of personal data in the logs.
                )

        )

)

2022-03-03T11:32:39+00:00 INFO Array
(
    [Webhook Delivery] => Array
        (
            [Delivery ID] => 1f9a9f2e0542244d58c28043d6aeb851
            [Date] => Mar 3, 2022 @ 11:32
            [URL] => https://connect.pabbly.com/workflow/sendwebhookdata/IjI2OTc3OCI_3D
            [Duration] => 0.76463
            [Request] => Array
                (
                    [Method] => POST
                    [Headers] => Array
                        (
                            [User-Agent] => WooCommerce/6.2.0 Hookshot (WordPress/5.9.1)
                            [Content-Type] => application/json
                            [X-WC-Webhook-Source] => http://localhost/clgpro/
                            [X-WC-Webhook-Topic] => order.created
                            [X-WC-Webhook-Resource] => order
                            [X-WC-Webhook-Event] => created
                            [X-WC-Webhook-Signature] => OiV5XjdhxmDSMXxTdTwNk4/whTHH1bRqyoCBKlYhlaE=
                            [X-WC-Webhook-ID] => 2
                            [X-WC-Webhook-Delivery-ID] => 1f9a9f2e0542244d58c28043d6aeb851
                        )

                )

            [Body] => Webhook body is not logged unless WP_DEBUG mode is turned on. This is to avoid the storing of personal data in the logs.
            [Response] => Array
                (
                    [Code] => 200
                    [Message] => OK
                    [Headers] => Requests_Utility_CaseInsensitiveDictionary Object
                        (
                            [data:protected] => Array
                                (
                                    [date] => Thu, 03 Mar 2022 11:32:40 GMT
                                    [content-type] => text/html; charset=UTF-8
                                    [set-cookie] => ci_connect_pabbly_sesion=hp0kqv6n84pokemr6kj87rvi28jh504q; expires=Thu, 03-Mar-2022 13:32:40 GMT; Max-Age=7200; path=/; HttpOnly
                                    [expires] => Thu, 19 Nov 1981 08:52:00 GMT
                                    [cache-control] => no-store, no-cache, must-revalidate
                                    [pragma] => no-cache
                                    [access-control-allow-origin] => *
                                    [access-control-allow-methods] => PUT, GET, POST, DELETE
                                    [access-control-allow-headers] => Content-Type, Content-Range, Content-Disposition, Content-Description
                                    [x-frame-options] => SAMEORIGIN
                                    [x-content-type-options] => nosniff
                                    [x-xss-protection] => 1; mode=block
                                    [strict-transport-security] => max-age=31536000
                                    [cf-cache-status] => DYNAMIC
                                    [expect-ct] => max-age=604800, report-uri="https://report-uri.cloudflare.com/cdn-cgi/beacon/expect-ct"
                                    [report-to] => {"endpoints":[{"url":"https:\/\/a.nel.cloudflare.com\/report\/v3?s=d7tyjNAecf3LZ8KlHFHpQH%2Bbs2yxhYFemEPaGElP3yQu75vlvrs2bg%2FGZqeIg2ZdJl%2B0%2FeMoV5lu7K%2FAzuUedEFUbrmGCCGZaaIItoqjUus5tTdh2Kkc0c8KfCtKydF97wBrlw%3D%3D"}],"group":"cf-nel","max_age":604800}
                                    [nel] => {"success_fraction":0,"report_to":"cf-nel","max_age":604800}
                                    [server] => cloudflare
                                    [cf-ray] => 6e620d862b638465-BOM
                                    [content-encoding] => gzip
                                )

                        )

                    [Body] => Webhook body is not logged unless WP_DEBUG mode is turned on. This is to avoid the storing of personal data in the logs.
                )

        )

)

